11:23:52.373 [restartedMain] INFO  o.s.b.d.e.DevToolsPropertyDefaultsPostProcessor - Devtools property defaults active! Set 'spring.devtools.add-properties' to 'false' to disable
11:23:52.891 [restartedMain] INFO  o.s.c.c.c.ConfigServicePropertySourceLocator - Fetching config from server at : http://localhost:9296
11:23:53.944 [restartedMain] INFO  o.s.c.c.c.ConfigServicePropertySourceLocator - Located environment: name=UMS-DEPARTMENT-SERVICE, profiles=[default], label=null, version=abc948351d8765c2e5a2691c8f7f75664420de7d, state=null
11:23:53.947 [restartedMain] INFO  o.s.c.b.c.PropertySourceBootstrapConfiguration - Located property source: [BootstrapPropertySource {name='bootstrapProperties-configClient'}, BootstrapPropertySource {name='bootstrapProperties-https://github.com/IKCONDev/ums-config-server/application.yaml'}]
11:23:53.954 [restartedMain] INFO  c.i.u.d.UMSDepartmentServiceApplication - No active profile set, falling back to 1 default profile: "default"
11:23:54.611 [restartedMain] INFO  o.s.d.r.c.RepositoryConfigurationDelegate - Bootstrapping Spring Data JPA repositories in DEFAULT mode.
11:23:54.768 [restartedMain] INFO  o.s.d.r.c.RepositoryConfigurationDelegate - Finished Spring Data repository scanning in 149 ms. Found 1 JPA repository interfaces.
11:23:55.054 [restartedMain] INFO  o.s.cloud.context.scope.GenericScope - BeanFactory id=59983efd-8b7e-375b-8def-fd8599f518f4
11:23:55.693 [restartedMain] INFO  o.s.b.w.e.tomcat.TomcatWebServer - Tomcat initialized with port(s): 9001 (http)
11:23:55.702 [restartedMain] INFO  o.a.coyote.http11.Http11NioProtocol - Initializing ProtocolHandler ["http-nio-9001"]
11:23:55.704 [restartedMain] INFO  o.a.catalina.core.StandardService - Starting service [Tomcat]
11:23:55.705 [restartedMain] INFO  o.a.catalina.core.StandardEngine - Starting Servlet engine: [Apache Tomcat/9.0.78]
11:23:55.903 [restartedMain] INFO  o.a.c.c.C.[Tomcat].[localhost].[/] - Initializing Spring embedded WebApplicationContext
11:23:55.903 [restartedMain] INFO  o.s.b.w.s.c.ServletWebServerApplicationContext - Root WebApplicationContext: initialization completed in 1933 ms
11:23:55.939 [restartedMain] INFO  com.zaxxer.hikari.HikariDataSource - HikariPool-1 - Starting...
11:23:56.252 [restartedMain] INFO  com.zaxxer.hikari.HikariDataSource - HikariPool-1 - Start completed.
11:23:56.264 [restartedMain] INFO  o.s.b.a.h.H2ConsoleAutoConfiguration - H2 console available at '/h2-console'. Database available at 'jdbc:postgresql://localhost:5432/authentication'
11:23:56.424 [restartedMain] INFO  o.h.jpa.internal.util.LogHelper - HHH000204: Processing PersistenceUnitInfo [name: default]
11:23:56.484 [restartedMain] INFO  org.hibernate.Version - HHH000412: Hibernate ORM core version 5.6.15.Final
11:23:56.661 [restartedMain] INFO  o.h.annotations.common.Version - HCANN000001: Hibernate Commons Annotations {5.1.2.Final}
11:23:56.789 [restartedMain] INFO  org.hibernate.dialect.Dialect - HHH000400: Using dialect: org.hibernate.dialect.PostgreSQLDialect
11:23:57.690 [restartedMain] INFO  o.h.e.t.j.p.i.JtaPlatformInitiator - HHH000490: Using JtaPlatform implementation: [org.hibernate.engine.transaction.jta.platform.internal.NoJtaPlatform]
11:23:57.699 [restartedMain] INFO  o.s.o.j.LocalContainerEntityManagerFactoryBean - Initialized JPA EntityManagerFactory for persistence unit 'default'
11:23:58.143 [restartedMain] WARN  o.s.b.a.o.j.JpaBaseConfiguration$JpaWebConfiguration - spring.jpa.open-in-view is enabled by default. Therefore, database queries may be performed during view rendering. Explicitly configure spring.jpa.open-in-view to disable this warning
11:23:58.583 [restartedMain] WARN  o.s.b.d.a.OptionalLiveReloadServer - Unable to start LiveReload server
11:23:58.948 [restartedMain] INFO  o.s.c.n.e.c.DiscoveryClientOptionalArgsConfiguration - Eureka HTTP Client uses RestTemplate.
11:23:59.362 [restartedMain] WARN  o.s.c.l.c.LoadBalancerCacheAutoConfiguration$LoadBalancerCaffeineWarnLogger - Spring Cloud LoadBalancer is currently working with the default cache. While this cache implementation is useful for development and tests, it's recommended to use Caffeine cache in production.You can switch to using Caffeine cache, by adding it and org.springframework.cache.caffeine.CaffeineCacheManager to the classpath.
11:23:59.426 [restartedMain] INFO  o.s.c.n.eureka.InstanceInfoFactory - Setting initial instance status as: STARTING
11:23:59.938 [restartedMain] INFO  c.netflix.discovery.DiscoveryClient - Initializing Eureka in region us-east-1
11:23:59.967 [restartedMain] INFO  c.n.d.s.r.aws.ConfigClusterResolver - Resolving eureka endpoints via configuration
11:24:00.200 [restartedMain] INFO  c.netflix.discovery.DiscoveryClient - Disable delta property : false
11:24:00.201 [restartedMain] INFO  c.netflix.discovery.DiscoveryClient - Single vip registry refresh property : null
11:24:00.201 [restartedMain] INFO  c.netflix.discovery.DiscoveryClient - Force full registry fetch : false
11:24:00.201 [restartedMain] INFO  c.netflix.discovery.DiscoveryClient - Application is null : false
11:24:00.201 [restartedMain] INFO  c.netflix.discovery.DiscoveryClient - Registered Applications size is zero : true
11:24:00.201 [restartedMain] INFO  c.netflix.discovery.DiscoveryClient - Application version is -1: true
11:24:00.201 [restartedMain] INFO  c.netflix.discovery.DiscoveryClient - Getting all instance registry info from the eureka server
11:24:00.522 [restartedMain] INFO  c.netflix.discovery.DiscoveryClient - The response status is 200
11:24:00.525 [restartedMain] INFO  c.netflix.discovery.DiscoveryClient - Starting heartbeat executor: renew interval is: 30
11:24:00.528 [restartedMain] INFO  c.n.discovery.InstanceInfoReplicator - InstanceInfoReplicator onDemand update allowed rate per min is 4
11:24:00.534 [restartedMain] INFO  c.netflix.discovery.DiscoveryClient - Discovery Client initialized at timestamp 1694498040532 with initial instances count: 2
11:24:00.536 [restartedMain] INFO  o.s.c.n.e.s.EurekaServiceRegistry - Registering application UMS-DEPARTMENT-SERVICE with eureka with status UP
11:24:00.537 [restartedMain] INFO  c.netflix.discovery.DiscoveryClient - Saw local status change event StatusChangeEvent [timestamp=1694498040537, current=UP, previous=STARTING]
11:24:00.538 [DiscoveryClient-InstanceInfoReplicator-0] INFO  c.netflix.discovery.DiscoveryClient - DiscoveryClient_UMS-DEPARTMENT-SERVICE/IKCON1049:UMS-DEPARTMENT-SERVICE:9001: registering service...
11:24:00.539 [restartedMain] INFO  o.a.coyote.http11.Http11NioProtocol - Starting ProtocolHandler ["http-nio-9001"]
11:24:00.584 [restartedMain] INFO  o.s.b.w.e.tomcat.TomcatWebServer - Tomcat started on port(s): 9001 (http) with context path ''
11:24:00.586 [restartedMain] INFO  o.s.c.n.e.s.EurekaAutoServiceRegistration - Updating port to 9001
11:24:00.619 [DiscoveryClient-InstanceInfoReplicator-0] INFO  c.netflix.discovery.DiscoveryClient - DiscoveryClient_UMS-DEPARTMENT-SERVICE/IKCON1049:UMS-DEPARTMENT-SERVICE:9001 - registration status: 204
11:24:00.950 [restartedMain] INFO  c.i.u.d.UMSDepartmentServiceApplication - Started UMSDepartmentServiceApplication in 9.554 seconds (JVM running for 10.648)
11:25:15.090 [http-nio-9001-exec-1] INFO  o.a.c.c.C.[Tomcat].[localhost].[/] - Initializing Spring DispatcherServlet 'dispatcherServlet'
11:25:15.100 [http-nio-9001-exec-1] INFO  o.s.web.servlet.DispatcherServlet - Initializing Servlet 'dispatcherServlet'
11:25:15.199 [http-nio-9001-exec-1] INFO  o.s.web.servlet.DispatcherServlet - Completed initialization in 99 ms
11:25:15.556 [http-nio-9001-exec-1] INFO  c.i.u.d.c.DepartmentController - DepartmentController.findDepartmentById() Entered :: departmentId :: 1
11:25:15.556 [http-nio-9001-exec-1] INFO  c.i.u.d.s.impl.DepartmentServiceImpl - DepartmentService.findDepartmentById() Entered
11:25:17.213 [http-nio-9001-exec-1] INFO  c.i.u.d.s.impl.DepartmentServiceImpl - DepartmentService.findDepartmentById() has found the department with id :1 and exited sucessfully
11:27:46.411 [http-nio-9001-exec-3] INFO  c.i.u.d.c.DepartmentController - DepartmentController.findDepartmentById() Entered :: departmentId :: 1
11:27:46.417 [http-nio-9001-exec-3] INFO  c.i.u.d.s.impl.DepartmentServiceImpl - DepartmentService.findDepartmentById() Entered
11:27:46.450 [http-nio-9001-exec-3] INFO  c.i.u.d.s.impl.DepartmentServiceImpl - DepartmentService.findDepartmentById() has found the department with id :1 and exited sucessfully
11:29:00.216 [AsyncResolver-bootstrap-executor-0] INFO  c.n.d.s.r.aws.ConfigClusterResolver - Resolving eureka endpoints via configuration
11:34:00.221 [AsyncResolver-bootstrap-executor-0] INFO  c.n.d.s.r.aws.ConfigClusterResolver - Resolving eureka endpoints via configuration
11:39:00.234 [AsyncResolver-bootstrap-executor-0] INFO  c.n.d.s.r.aws.ConfigClusterResolver - Resolving eureka endpoints via configuration
11:39:57.911 [http-nio-9001-exec-5] INFO  c.i.u.d.c.DepartmentController - DepartmentController.findDepartmentById() Entered :: departmentId :: 1
11:39:57.911 [http-nio-9001-exec-5] INFO  c.i.u.d.s.impl.DepartmentServiceImpl - DepartmentService.findDepartmentById() Entered
11:39:57.945 [http-nio-9001-exec-5] INFO  c.i.u.d.s.impl.DepartmentServiceImpl - DepartmentService.findDepartmentById() has found the department with id :1 and exited sucessfully
11:44:00.246 [AsyncResolver-bootstrap-executor-0] INFO  c.n.d.s.r.aws.ConfigClusterResolver - Resolving eureka endpoints via configuration
11:49:00.264 [AsyncResolver-bootstrap-executor-0] INFO  c.n.d.s.r.aws.ConfigClusterResolver - Resolving eureka endpoints via configuration
11:51:54.122 [http-nio-9001-exec-7] INFO  c.i.u.d.c.DepartmentController - DepartmentController.findDepartmentById() Entered :: departmentId :: 1
11:51:54.123 [http-nio-9001-exec-7] INFO  c.i.u.d.s.impl.DepartmentServiceImpl - DepartmentService.findDepartmentById() Entered
11:51:54.158 [http-nio-9001-exec-7] INFO  c.i.u.d.s.impl.DepartmentServiceImpl - DepartmentService.findDepartmentById() has found the department with id :1 and exited sucessfully
11:54:00.282 [AsyncResolver-bootstrap-executor-0] INFO  c.n.d.s.r.aws.ConfigClusterResolver - Resolving eureka endpoints via configuration
11:54:02.950 [http-nio-9001-exec-9] INFO  c.i.u.d.c.DepartmentController - DepartmentController.findDepartmentById() Entered :: departmentId :: 1
11:54:02.951 [http-nio-9001-exec-9] INFO  c.i.u.d.s.impl.DepartmentServiceImpl - DepartmentService.findDepartmentById() Entered
11:54:02.987 [http-nio-9001-exec-9] INFO  c.i.u.d.s.impl.DepartmentServiceImpl - DepartmentService.findDepartmentById() has found the department with id :1 and exited sucessfully
11:59:00.295 [AsyncResolver-bootstrap-executor-0] INFO  c.n.d.s.r.aws.ConfigClusterResolver - Resolving eureka endpoints via configuration
12:00:50.188 [http-nio-9001-exec-1] INFO  c.i.u.d.c.DepartmentController - DepartmentController.findDepartmentById() Entered :: departmentId :: 1
12:00:50.196 [http-nio-9001-exec-1] INFO  c.i.u.d.s.impl.DepartmentServiceImpl - DepartmentService.findDepartmentById() Entered
12:00:50.261 [http-nio-9001-exec-1] INFO  c.i.u.d.s.impl.DepartmentServiceImpl - DepartmentService.findDepartmentById() has found the department with id :1 and exited sucessfully
12:04:00.317 [AsyncResolver-bootstrap-executor-0] INFO  c.n.d.s.r.aws.ConfigClusterResolver - Resolving eureka endpoints via configuration
12:07:26.743 [http-nio-9001-exec-3] INFO  c.i.u.d.c.DepartmentController - DepartmentController.findDepartmentById() Entered :: departmentId :: 1
12:07:26.752 [http-nio-9001-exec-3] INFO  c.i.u.d.s.impl.DepartmentServiceImpl - DepartmentService.findDepartmentById() Entered
12:07:26.795 [http-nio-9001-exec-3] INFO  c.i.u.d.s.impl.DepartmentServiceImpl - DepartmentService.findDepartmentById() has found the department with id :1 and exited sucessfully
12:09:00.332 [AsyncResolver-bootstrap-executor-0] INFO  c.n.d.s.r.aws.ConfigClusterResolver - Resolving eureka endpoints via configuration
12:12:10.109 [http-nio-9001-exec-5] INFO  c.i.u.d.c.DepartmentController - DepartmentController.findDepartmentById() Entered :: departmentId :: 1
12:12:10.116 [http-nio-9001-exec-5] INFO  c.i.u.d.s.impl.DepartmentServiceImpl - DepartmentService.findDepartmentById() Entered
12:12:10.162 [http-nio-9001-exec-5] INFO  c.i.u.d.s.impl.DepartmentServiceImpl - DepartmentService.findDepartmentById() has found the department with id :1 and exited sucessfully
12:14:00.355 [AsyncResolver-bootstrap-executor-0] INFO  c.n.d.s.r.aws.ConfigClusterResolver - Resolving eureka endpoints via configuration
12:17:15.037 [http-nio-9001-exec-7] INFO  c.i.u.d.c.DepartmentController - DepartmentController.findDepartmentById() Entered :: departmentId :: 1
12:17:15.043 [http-nio-9001-exec-7] INFO  c.i.u.d.s.impl.DepartmentServiceImpl - DepartmentService.findDepartmentById() Entered
12:17:15.083 [http-nio-9001-exec-7] INFO  c.i.u.d.s.impl.DepartmentServiceImpl - DepartmentService.findDepartmentById() has found the department with id :1 and exited sucessfully
12:19:00.370 [AsyncResolver-bootstrap-executor-0] INFO  c.n.d.s.r.aws.ConfigClusterResolver - Resolving eureka endpoints via configuration
12:23:12.099 [http-nio-9001-exec-9] INFO  c.i.u.d.c.DepartmentController - DepartmentController.findDepartmentById() Entered :: departmentId :: 1
12:23:12.102 [http-nio-9001-exec-9] INFO  c.i.u.d.s.impl.DepartmentServiceImpl - DepartmentService.findDepartmentById() Entered
12:23:12.156 [http-nio-9001-exec-9] INFO  c.i.u.d.s.impl.DepartmentServiceImpl - DepartmentService.findDepartmentById() has found the department with id :1 and exited sucessfully
12:24:00.410 [AsyncResolver-bootstrap-executor-0] INFO  c.n.d.s.r.aws.ConfigClusterResolver - Resolving eureka endpoints via configuration
12:27:17.786 [http-nio-9001-exec-1] INFO  c.i.u.d.c.DepartmentController - DepartmentController.findDepartmentById() Entered :: departmentId :: 1
12:27:17.793 [http-nio-9001-exec-1] INFO  c.i.u.d.s.impl.DepartmentServiceImpl - DepartmentService.findDepartmentById() Entered
12:27:17.886 [http-nio-9001-exec-1] INFO  c.i.u.d.s.impl.DepartmentServiceImpl - DepartmentService.findDepartmentById() has found the department with id :1 and exited sucessfully
12:29:00.435 [AsyncResolver-bootstrap-executor-0] INFO  c.n.d.s.r.aws.ConfigClusterResolver - Resolving eureka endpoints via configuration
12:34:00.456 [AsyncResolver-bootstrap-executor-0] INFO  c.n.d.s.r.aws.ConfigClusterResolver - Resolving eureka endpoints via configuration
12:36:10.296 [http-nio-9001-exec-3] INFO  c.i.u.d.c.DepartmentController - DepartmentController.findDepartmentById() Entered :: departmentId :: 1
12:36:10.297 [http-nio-9001-exec-3] INFO  c.i.u.d.s.impl.DepartmentServiceImpl - DepartmentService.findDepartmentById() Entered
12:36:10.338 [http-nio-9001-exec-3] INFO  c.i.u.d.s.impl.DepartmentServiceImpl - DepartmentService.findDepartmentById() has found the department with id :1 and exited sucessfully
12:36:10.634 [http-nio-9001-exec-4] INFO  c.i.u.d.c.DepartmentController - DepartmentController.findDepartmentById() Entered :: departmentId :: 1
12:36:10.635 [http-nio-9001-exec-4] INFO  c.i.u.d.s.impl.DepartmentServiceImpl - DepartmentService.findDepartmentById() Entered
12:36:10.638 [http-nio-9001-exec-4] INFO  c.i.u.d.s.impl.DepartmentServiceImpl - DepartmentService.findDepartmentById() has found the department with id :1 and exited sucessfully
12:36:49.944 [http-nio-9001-exec-5] INFO  c.i.u.d.c.DepartmentController - DepartmentController.findDepartmentById() Entered :: departmentId :: 1
12:36:49.946 [http-nio-9001-exec-5] INFO  c.i.u.d.s.impl.DepartmentServiceImpl - DepartmentService.findDepartmentById() Entered
12:36:49.947 [http-nio-9001-exec-5] INFO  c.i.u.d.s.impl.DepartmentServiceImpl - DepartmentService.findDepartmentById() has found the department with id :1 and exited sucessfully
12:36:52.336 [http-nio-9001-exec-6] INFO  c.i.u.d.c.DepartmentController - DepartmentController.findDepartmentById() Entered :: departmentId :: 1
12:36:52.338 [http-nio-9001-exec-6] INFO  c.i.u.d.s.impl.DepartmentServiceImpl - DepartmentService.findDepartmentById() Entered
12:36:52.345 [http-nio-9001-exec-6] INFO  c.i.u.d.s.impl.DepartmentServiceImpl - DepartmentService.findDepartmentById() has found the department with id :1 and exited sucessfully
12:39:00.479 [AsyncResolver-bootstrap-executor-0] INFO  c.n.d.s.r.aws.ConfigClusterResolver - Resolving eureka endpoints via configuration
12:43:53.605 [http-nio-9001-exec-8] INFO  c.i.u.d.c.DepartmentController - DepartmentController.findDepartmentById() Entered :: departmentId :: 1
12:43:53.611 [http-nio-9001-exec-8] INFO  c.i.u.d.s.impl.DepartmentServiceImpl - DepartmentService.findDepartmentById() Entered
12:43:53.725 [http-nio-9001-exec-8] INFO  c.i.u.d.s.impl.DepartmentServiceImpl - DepartmentService.findDepartmentById() has found the department with id :1 and exited sucessfully
12:43:53.982 [http-nio-9001-exec-9] INFO  c.i.u.d.c.DepartmentController - DepartmentController.findDepartmentById() Entered :: departmentId :: 1
12:43:53.983 [http-nio-9001-exec-9] INFO  c.i.u.d.s.impl.DepartmentServiceImpl - DepartmentService.findDepartmentById() Entered
12:43:54.024 [http-nio-9001-exec-9] INFO  c.i.u.d.s.impl.DepartmentServiceImpl - DepartmentService.findDepartmentById() has found the department with id :1 and exited sucessfully
12:44:00.492 [AsyncResolver-bootstrap-executor-0] INFO  c.n.d.s.r.aws.ConfigClusterResolver - Resolving eureka endpoints via configuration
12:49:00.505 [AsyncResolver-bootstrap-executor-0] INFO  c.n.d.s.r.aws.ConfigClusterResolver - Resolving eureka endpoints via configuration
12:51:30.760 [http-nio-9001-exec-1] INFO  c.i.u.d.c.DepartmentController - DepartmentController.findDepartmentById() Entered :: departmentId :: 1
12:51:30.768 [http-nio-9001-exec-1] INFO  c.i.u.d.s.impl.DepartmentServiceImpl - DepartmentService.findDepartmentById() Entered
12:51:30.802 [http-nio-9001-exec-1] INFO  c.i.u.d.s.impl.DepartmentServiceImpl - DepartmentService.findDepartmentById() has found the department with id :1 and exited sucessfully
12:51:31.045 [http-nio-9001-exec-2] INFO  c.i.u.d.c.DepartmentController - DepartmentController.findDepartmentById() Entered :: departmentId :: 1
12:51:31.045 [http-nio-9001-exec-2] INFO  c.i.u.d.s.impl.DepartmentServiceImpl - DepartmentService.findDepartmentById() Entered
12:51:31.047 [http-nio-9001-exec-2] INFO  c.i.u.d.s.impl.DepartmentServiceImpl - DepartmentService.findDepartmentById() has found the department with id :1 and exited sucessfully
12:54:00.533 [AsyncResolver-bootstrap-executor-0] INFO  c.n.d.s.r.aws.ConfigClusterResolver - Resolving eureka endpoints via configuration
12:54:07.795 [http-nio-9001-exec-4] INFO  c.i.u.d.c.DepartmentController - DepartmentController.findDepartmentById() Entered :: departmentId :: 1
12:54:07.795 [http-nio-9001-exec-4] INFO  c.i.u.d.s.impl.DepartmentServiceImpl - DepartmentService.findDepartmentById() Entered
12:54:07.842 [http-nio-9001-exec-4] INFO  c.i.u.d.s.impl.DepartmentServiceImpl - DepartmentService.findDepartmentById() has found the department with id :1 and exited sucessfully
12:54:08.031 [http-nio-9001-exec-5] INFO  c.i.u.d.c.DepartmentController - DepartmentController.findDepartmentById() Entered :: departmentId :: 1
12:54:08.031 [http-nio-9001-exec-5] INFO  c.i.u.d.s.impl.DepartmentServiceImpl - DepartmentService.findDepartmentById() Entered
12:54:08.032 [http-nio-9001-exec-5] INFO  c.i.u.d.s.impl.DepartmentServiceImpl - DepartmentService.findDepartmentById() has found the department with id :1 and exited sucessfully
12:59:00.556 [AsyncResolver-bootstrap-executor-0] INFO  c.n.d.s.r.aws.ConfigClusterResolver - Resolving eureka endpoints via configuration
13:00:50.142 [http-nio-9001-exec-7] INFO  c.i.u.d.c.DepartmentController - DepartmentController.findDepartmentById() Entered :: departmentId :: 1
13:00:50.143 [http-nio-9001-exec-7] INFO  c.i.u.d.s.impl.DepartmentServiceImpl - DepartmentService.findDepartmentById() Entered
13:00:50.254 [http-nio-9001-exec-7] INFO  c.i.u.d.s.impl.DepartmentServiceImpl - DepartmentService.findDepartmentById() has found the department with id :1 and exited sucessfully
13:01:05.227 [http-nio-9001-exec-8] INFO  c.i.u.d.c.DepartmentController - DepartmentController.findDepartmentById() Entered :: departmentId :: 1
13:01:05.227 [http-nio-9001-exec-8] INFO  c.i.u.d.s.impl.DepartmentServiceImpl - DepartmentService.findDepartmentById() Entered
13:01:05.230 [http-nio-9001-exec-8] INFO  c.i.u.d.s.impl.DepartmentServiceImpl - DepartmentService.findDepartmentById() has found the department with id :1 and exited sucessfully
13:01:20.346 [http-nio-9001-exec-9] INFO  c.i.u.d.c.DepartmentController - DepartmentController.findDepartmentById() Entered :: departmentId :: 1
13:01:20.347 [http-nio-9001-exec-9] INFO  c.i.u.d.s.impl.DepartmentServiceImpl - DepartmentService.findDepartmentById() Entered
13:01:20.352 [http-nio-9001-exec-9] INFO  c.i.u.d.s.impl.DepartmentServiceImpl - DepartmentService.findDepartmentById() has found the department with id :1 and exited sucessfully
13:01:21.550 [http-nio-9001-exec-10] INFO  c.i.u.d.c.DepartmentController - DepartmentController.findDepartmentById() Entered :: departmentId :: 1
13:01:21.550 [http-nio-9001-exec-10] INFO  c.i.u.d.s.impl.DepartmentServiceImpl - DepartmentService.findDepartmentById() Entered
13:01:21.554 [http-nio-9001-exec-10] INFO  c.i.u.d.s.impl.DepartmentServiceImpl - DepartmentService.findDepartmentById() has found the department with id :1 and exited sucessfully
13:01:22.112 [http-nio-9001-exec-1] INFO  c.i.u.d.c.DepartmentController - DepartmentController.findDepartmentById() Entered :: departmentId :: 1
13:01:22.112 [http-nio-9001-exec-1] INFO  c.i.u.d.s.impl.DepartmentServiceImpl - DepartmentService.findDepartmentById() Entered
13:01:22.115 [http-nio-9001-exec-1] INFO  c.i.u.d.s.impl.DepartmentServiceImpl - DepartmentService.findDepartmentById() has found the department with id :1 and exited sucessfully
13:01:24.655 [http-nio-9001-exec-2] INFO  c.i.u.d.c.DepartmentController - DepartmentController.findDepartmentById() Entered :: departmentId :: 1
13:01:24.655 [http-nio-9001-exec-2] INFO  c.i.u.d.s.impl.DepartmentServiceImpl - DepartmentService.findDepartmentById() Entered
13:01:24.657 [http-nio-9001-exec-2] INFO  c.i.u.d.s.impl.DepartmentServiceImpl - DepartmentService.findDepartmentById() has found the department with id :1 and exited sucessfully
13:01:25.205 [http-nio-9001-exec-3] INFO  c.i.u.d.c.DepartmentController - DepartmentController.findDepartmentById() Entered :: departmentId :: 1
13:01:25.205 [http-nio-9001-exec-3] INFO  c.i.u.d.s.impl.DepartmentServiceImpl - DepartmentService.findDepartmentById() Entered
13:01:25.206 [http-nio-9001-exec-3] INFO  c.i.u.d.s.impl.DepartmentServiceImpl - DepartmentService.findDepartmentById() has found the department with id :1 and exited sucessfully
13:01:37.339 [http-nio-9001-exec-4] INFO  c.i.u.d.c.DepartmentController - DepartmentController.findDepartmentById() Entered :: departmentId :: 1
13:01:37.339 [http-nio-9001-exec-4] INFO  c.i.u.d.s.impl.DepartmentServiceImpl - DepartmentService.findDepartmentById() Entered
13:01:37.343 [http-nio-9001-exec-4] INFO  c.i.u.d.s.impl.DepartmentServiceImpl - DepartmentService.findDepartmentById() has found the department with id :1 and exited sucessfully
13:01:54.621 [http-nio-9001-exec-5] INFO  c.i.u.d.c.DepartmentController - DepartmentController.findDepartmentById() Entered :: departmentId :: 1
13:01:54.621 [http-nio-9001-exec-5] INFO  c.i.u.d.s.impl.DepartmentServiceImpl - DepartmentService.findDepartmentById() Entered
13:01:54.623 [http-nio-9001-exec-5] INFO  c.i.u.d.s.impl.DepartmentServiceImpl - DepartmentService.findDepartmentById() has found the department with id :1 and exited sucessfully
13:04:00.585 [AsyncResolver-bootstrap-executor-0] INFO  c.n.d.s.r.aws.ConfigClusterResolver - Resolving eureka endpoints via configuration
13:09:00.608 [AsyncResolver-bootstrap-executor-0] INFO  c.n.d.s.r.aws.ConfigClusterResolver - Resolving eureka endpoints via configuration
13:09:42.757 [File Watcher] INFO  o.s.b.d.a.LocalDevToolsAutoConfiguration$RestartingClassPathChangeChangedEventListener - Restarting due to 6 class path changes (0 additions, 3 deletions, 3 modifications)
13:09:42.840 [Thread-1] INFO  o.s.c.n.e.s.EurekaServiceRegistry - Unregistering application UMS-DEPARTMENT-SERVICE with eureka with status DOWN
13:09:42.840 [Thread-1] INFO  c.netflix.discovery.DiscoveryClient - Saw local status change event StatusChangeEvent [timestamp=1694504382840, current=DOWN, previous=UP]
13:09:42.843 [DiscoveryClient-InstanceInfoReplicator-0] INFO  c.netflix.discovery.DiscoveryClient - DiscoveryClient_UMS-DEPARTMENT-SERVICE/IKCON1049:UMS-DEPARTMENT-SERVICE:9001: registering service...
13:09:42.980 [DiscoveryClient-InstanceInfoReplicator-0] INFO  c.netflix.discovery.DiscoveryClient - DiscoveryClient_UMS-DEPARTMENT-SERVICE/IKCON1049:UMS-DEPARTMENT-SERVICE:9001 - registration status: 204
13:09:43.216 [Thread-1] INFO  o.a.coyote.http11.Http11NioProtocol - Pausing ProtocolHandler ["http-nio-9001"]
13:09:43.220 [Thread-1] INFO  o.a.catalina.core.StandardService - Stopping service [Tomcat]
13:09:43.268 [Thread-1] INFO  o.a.c.c.C.[Tomcat].[localhost].[/] - Destroying Spring FrameworkServlet 'dispatcherServlet'
13:09:43.369 [Thread-1] INFO  o.a.coyote.http11.Http11NioProtocol - Stopping ProtocolHandler ["http-nio-9001"]
13:09:43.400 [Thread-1] INFO  o.a.coyote.http11.Http11NioProtocol - Destroying ProtocolHandler ["http-nio-9001"]
13:09:43.611 [Thread-1] INFO  o.s.o.j.LocalContainerEntityManagerFactoryBean - Closing JPA EntityManagerFactory for persistence unit 'default'
13:09:43.754 [Thread-1] INFO  com.zaxxer.hikari.HikariDataSource - HikariPool-1 - Shutdown initiated...
13:09:43.781 [Thread-1] INFO  com.zaxxer.hikari.HikariDataSource - HikariPool-1 - Shutdown completed.
13:09:43.787 [Thread-1] INFO  c.netflix.discovery.DiscoveryClient - Shutting down DiscoveryClient ...
13:09:46.806 [Thread-1] INFO  c.netflix.discovery.DiscoveryClient - Unregistering ...
13:09:46.829 [Thread-1] INFO  c.netflix.discovery.DiscoveryClient - DiscoveryClient_UMS-DEPARTMENT-SERVICE/IKCON1049:UMS-DEPARTMENT-SERVICE:9001 - deregister  status: 200
13:09:46.845 [Thread-1] INFO  c.netflix.discovery.DiscoveryClient - Completed shut down of DiscoveryClient
13:09:47.718 [restartedMain] INFO  o.s.c.c.c.ConfigServicePropertySourceLocator - Fetching config from server at : http://localhost:9296
13:09:48.753 [restartedMain] INFO  o.s.c.c.c.ConfigServicePropertySourceLocator - Located environment: name=UMS-DEPARTMENT-SERVICE, profiles=[default], label=null, version=abc948351d8765c2e5a2691c8f7f75664420de7d, state=null
13:09:48.753 [restartedMain] INFO  o.s.c.b.c.PropertySourceBootstrapConfiguration - Located property source: [BootstrapPropertySource {name='bootstrapProperties-configClient'}, BootstrapPropertySource {name='bootstrapProperties-https://github.com/IKCONDev/ums-config-server/application.yaml'}]
13:09:48.756 [restartedMain] INFO  c.i.u.d.UMSDepartmentServiceApplication - No active profile set, falling back to 1 default profile: "default"
13:09:49.104 [restartedMain] INFO  o.s.d.r.c.RepositoryConfigurationDelegate - Bootstrapping Spring Data JPA repositories in DEFAULT mode.
13:09:49.116 [restartedMain] INFO  o.s.d.r.c.RepositoryConfigurationDelegate - Finished Spring Data repository scanning in 11 ms. Found 1 JPA repository interfaces.
13:09:49.163 [restartedMain] INFO  o.s.cloud.context.scope.GenericScope - BeanFactory id=7fb078dc-1f2b-31f5-8635-768e264658cb
13:09:49.224 [restartedMain] INFO  o.s.b.w.e.tomcat.TomcatWebServer - Tomcat initialized with port(s): 9001 (http)
13:09:49.224 [restartedMain] INFO  o.a.coyote.http11.Http11NioProtocol - Initializing ProtocolHandler ["http-nio-9001"]
13:09:49.224 [restartedMain] INFO  o.a.catalina.core.StandardService - Starting service [Tomcat]
13:09:49.224 [restartedMain] INFO  o.a.catalina.core.StandardEngine - Starting Servlet engine: [Apache Tomcat/9.0.78]
13:09:49.247 [restartedMain] INFO  o.a.c.c.C.[Tomcat].[localhost].[/] - Initializing Spring embedded WebApplicationContext
13:09:49.247 [restartedMain] INFO  o.s.b.w.s.c.ServletWebServerApplicationContext - Root WebApplicationContext: initialization completed in 489 ms
13:09:49.256 [restartedMain] INFO  com.zaxxer.hikari.HikariDataSource - HikariPool-2 - Starting...
13:09:49.415 [restartedMain] INFO  com.zaxxer.hikari.HikariDataSource - HikariPool-2 - Start completed.
13:09:49.415 [restartedMain] INFO  o.s.b.a.h.H2ConsoleAutoConfiguration - H2 console available at '/h2-console'. Database available at 'jdbc:postgresql://localhost:5432/authentication'
13:09:49.435 [restartedMain] INFO  o.h.jpa.internal.util.LogHelper - HHH000204: Processing PersistenceUnitInfo [name: default]
13:09:49.442 [restartedMain] INFO  org.hibernate.dialect.Dialect - HHH000400: Using dialect: org.hibernate.dialect.PostgreSQLDialect
13:09:49.628 [restartedMain] INFO  o.h.e.t.j.p.i.JtaPlatformInitiator - HHH000490: Using JtaPlatform implementation: [org.hibernate.engine.transaction.jta.platform.internal.NoJtaPlatform]
13:09:49.629 [restartedMain] INFO  o.s.o.j.LocalContainerEntityManagerFactoryBean - Initialized JPA EntityManagerFactory for persistence unit 'default'
13:09:49.634 [restartedMain] WARN  o.s.b.w.s.c.AnnotationConfigServletWebServerApplicationContext - Exception encountered during context initialization - cancelling refresh attempt: org.springframework.beans.factory.UnsatisfiedDependencyException: Error creating bean with name 'departmentController': Unsatisfied dependency expressed through field 'departmentService'; nested exception is org.springframework.beans.factory.BeanCreationException: Error creating bean with name 'departmentServiceImpl': Lookup method resolution failed; nested exception is java.lang.IllegalStateException: Failed to introspect Class [com.ikn.ums.department.service.impl.DepartmentServiceImpl] from ClassLoader [org.springframework.boot.devtools.restart.classloader.RestartClassLoader@2229cbd7]
13:09:49.635 [restartedMain] INFO  o.s.o.j.LocalContainerEntityManagerFactoryBean - Closing JPA EntityManagerFactory for persistence unit 'default'
13:09:49.635 [restartedMain] INFO  com.zaxxer.hikari.HikariDataSource - HikariPool-2 - Shutdown initiated...
13:09:49.694 [restartedMain] INFO  com.zaxxer.hikari.HikariDataSource - HikariPool-2 - Shutdown completed.
13:09:49.695 [restartedMain] INFO  o.a.catalina.core.StandardService - Stopping service [Tomcat]
13:09:49.703 [restartedMain] INFO  o.s.b.a.l.ConditionEvaluationReportLoggingListener - 

Error starting ApplicationContext. To display the conditions report re-run your application with 'debug' enabled.
13:09:49.741 [restartedMain] ERROR o.s.boot.SpringApplication - Application run failed
org.springframework.beans.factory.UnsatisfiedDependencyException: Error creating bean with name 'departmentController': Unsatisfied dependency expressed through field 'departmentService'; nested exception is org.springframework.beans.factory.BeanCreationException: Error creating bean with name 'departmentServiceImpl': Lookup method resolution failed; nested exception is java.lang.IllegalStateException: Failed to introspect Class [com.ikn.ums.department.service.impl.DepartmentServiceImpl] from ClassLoader [org.springframework.boot.devtools.restart.classloader.RestartClassLoader@2229cbd7]
	at org.springframework.beans.factory.annotation.AutowiredAnnotationBeanPostProcessor$AutowiredFieldElement.resolveFieldValue(AutowiredAnnotationBeanPostProcessor.java:662)
	at org.springframework.beans.factory.annotation.AutowiredAnnotationBeanPostProcessor$AutowiredFieldElement.inject(AutowiredAnnotationBeanPostProcessor.java:642)
	at org.springframework.beans.factory.annotation.InjectionMetadata.inject(InjectionMetadata.java:119)
	at org.springframework.beans.factory.annotation.AutowiredAnnotationBeanPostProcessor.postProcessProperties(AutowiredAnnotationBeanPostProcessor.java:399)
	at org.springframework.beans.factory.support.AbstractAutowireCapableBeanFactory.populateBean(AbstractAutowireCapableBeanFactory.java:1431)
	at org.springframework.beans.factory.support.AbstractAutowireCapableBeanFactory.doCreateBean(AbstractAutowireCapableBeanFactory.java:619)
	at org.springframework.beans.factory.support.AbstractAutowireCapableBeanFactory.createBean(AbstractAutowireCapableBeanFactory.java:542)
	at org.springframework.beans.factory.support.AbstractBeanFactory.lambda$doGetBean$0(AbstractBeanFactory.java:335)
	at org.springframework.beans.factory.support.DefaultSingletonBeanRegistry.getSingleton(DefaultSingletonBeanRegistry.java:234)
	at org.springframework.beans.factory.support.AbstractBeanFactory.doGetBean(AbstractBeanFactory.java:333)
	at org.springframework.beans.factory.support.AbstractBeanFactory.getBean(AbstractBeanFactory.java:208)
	at org.springframework.beans.factory.support.DefaultListableBeanFactory.preInstantiateSingletons(DefaultListableBeanFactory.java:955)
	at org.springframework.context.support.AbstractApplicationContext.finishBeanFactoryInitialization(AbstractApplicationContext.java:921)
	at org.springframework.context.support.AbstractApplicationContext.refresh(AbstractApplicationContext.java:583)
	at org.springframework.boot.web.servlet.context.ServletWebServerApplicationContext.refresh(ServletWebServerApplicationContext.java:147)
	at org.springframework.boot.SpringApplication.refresh(SpringApplication.java:731)
	at org.springframework.boot.SpringApplication.refreshContext(SpringApplication.java:408)
	at org.springframework.boot.SpringApplication.run(SpringApplication.java:307)
	at org.springframework.boot.SpringApplication.run(SpringApplication.java:1303)
	at org.springframework.boot.SpringApplication.run(SpringApplication.java:1292)
	at com.ikn.ums.department.UMSDepartmentServiceApplication.main(UMSDepartmentServiceApplication.java:10)
	at java.base/jdk.internal.reflect.NativeMethodAccessorImpl.invoke0(Native Method)
	at java.base/jdk.internal.reflect.NativeMethodAccessorImpl.invoke(NativeMethodAccessorImpl.java:62)
	at java.base/jdk.internal.reflect.DelegatingMethodAccessorImpl.invoke(DelegatingMethodAccessorImpl.java:43)
	at java.base/java.lang.reflect.Method.invoke(Method.java:566)
	at org.springframework.boot.devtools.restart.RestartLauncher.run(RestartLauncher.java:50)
Caused by: org.springframework.beans.factory.BeanCreationException: Error creating bean with name 'departmentServiceImpl': Lookup method resolution failed; nested exception is java.lang.IllegalStateException: Failed to introspect Class [com.ikn.ums.department.service.impl.DepartmentServiceImpl] from ClassLoader [org.springframework.boot.devtools.restart.classloader.RestartClassLoader@2229cbd7]
	at org.springframework.beans.factory.annotation.AutowiredAnnotationBeanPostProcessor.determineCandidateConstructors(AutowiredAnnotationBeanPostProcessor.java:289)
	at org.springframework.beans.factory.support.AbstractAutowireCapableBeanFactory.determineConstructorsFromBeanPostProcessors(AbstractAutowireCapableBeanFactory.java:1302)
	at org.springframework.beans.factory.support.AbstractAutowireCapableBeanFactory.createBeanInstance(AbstractAutowireCapableBeanFactory.java:1219)
	at org.springframework.beans.factory.support.AbstractAutowireCapableBeanFactory.doCreateBean(AbstractAutowireCapableBeanFactory.java:582)
	at org.springframework.beans.factory.support.AbstractAutowireCapableBeanFactory.createBean(AbstractAutowireCapableBeanFactory.java:542)
	at org.springframework.beans.factory.support.AbstractBeanFactory.lambda$doGetBean$0(AbstractBeanFactory.java:335)
	at org.springframework.beans.factory.support.DefaultSingletonBeanRegistry.getSingleton(DefaultSingletonBeanRegistry.java:234)
	at org.springframework.beans.factory.support.AbstractBeanFactory.doGetBean(AbstractBeanFactory.java:333)
	at org.springframework.beans.factory.support.AbstractBeanFactory.getBean(AbstractBeanFactory.java:208)
	at org.springframework.beans.factory.config.DependencyDescriptor.resolveCandidate(DependencyDescriptor.java:276)
	at org.springframework.beans.factory.support.DefaultListableBeanFactory.doResolveDependency(DefaultListableBeanFactory.java:1391)
	at org.springframework.beans.factory.support.DefaultListableBeanFactory.resolveDependency(DefaultListableBeanFactory.java:1311)
	at org.springframework.beans.factory.annotation.AutowiredAnnotationBeanPostProcessor$AutowiredFieldElement.resolveFieldValue(AutowiredAnnotationBeanPostProcessor.java:659)
	... 25 common frames omitted
Caused by: java.lang.IllegalStateException: Failed to introspect Class [com.ikn.ums.department.service.impl.DepartmentServiceImpl] from ClassLoader [org.springframework.boot.devtools.restart.classloader.RestartClassLoader@2229cbd7]
	at org.springframework.util.ReflectionUtils.getDeclaredMethods(ReflectionUtils.java:485)
	at org.springframework.util.ReflectionUtils.doWithLocalMethods(ReflectionUtils.java:321)
	at org.springframework.beans.factory.annotation.AutowiredAnnotationBeanPostProcessor.determineCandidateConstructors(AutowiredAnnotationBeanPostProcessor.java:267)
	... 37 common frames omitted
Caused by: java.lang.NoClassDefFoundError: UMSBusinessException
	at java.base/java.lang.Class.getDeclaredMethods0(Native Method)
	at java.base/java.lang.Class.privateGetDeclaredMethods(Class.java:3166)
	at java.base/java.lang.Class.getDeclaredMethods(Class.java:2309)
	at org.springframework.util.ReflectionUtils.getDeclaredMethods(ReflectionUtils.java:467)
	... 39 common frames omitted
Caused by: java.lang.ClassNotFoundException: UMSBusinessException
	at java.base/jdk.internal.loader.BuiltinClassLoader.loadClass(BuiltinClassLoader.java:581)
	at java.base/jdk.internal.loader.ClassLoaders$AppClassLoader.loadClass(ClassLoaders.java:178)
	at java.base/java.lang.ClassLoader.loadClass(ClassLoader.java:521)
	at java.base/java.lang.Class.forName0(Native Method)
	at java.base/java.lang.Class.forName(Class.java:398)
	at org.springframework.boot.devtools.restart.classloader.RestartClassLoader.loadClass(RestartClassLoader.java:145)
	at java.base/java.lang.ClassLoader.loadClass(ClassLoader.java:521)
	... 43 common frames omitted
13:09:51.572 [restartedMain] INFO  o.s.c.c.c.ConfigServicePropertySourceLocator - Fetching config from server at : http://localhost:9296
13:09:52.763 [restartedMain] INFO  o.s.c.c.c.ConfigServicePropertySourceLocator - Located environment: name=UMS-DEPARTMENT-SERVICE, profiles=[default], label=null, version=abc948351d8765c2e5a2691c8f7f75664420de7d, state=null
13:09:52.763 [restartedMain] INFO  o.s.c.b.c.PropertySourceBootstrapConfiguration - Located property source: [BootstrapPropertySource {name='bootstrapProperties-configClient'}, BootstrapPropertySource {name='bootstrapProperties-https://github.com/IKCONDev/ums-config-server/application.yaml'}]
13:09:52.766 [restartedMain] INFO  c.i.u.d.UMSDepartmentServiceApplication - No active profile set, falling back to 1 default profile: "default"
13:09:52.959 [restartedMain] INFO  o.s.d.r.c.RepositoryConfigurationDelegate - Bootstrapping Spring Data JPA repositories in DEFAULT mode.
13:09:52.976 [restartedMain] INFO  o.s.d.r.c.RepositoryConfigurationDelegate - Finished Spring Data repository scanning in 15 ms. Found 1 JPA repository interfaces.
13:09:53.028 [restartedMain] INFO  o.s.cloud.context.scope.GenericScope - BeanFactory id=7fb078dc-1f2b-31f5-8635-768e264658cb
13:09:53.078 [restartedMain] INFO  o.s.b.w.e.tomcat.TomcatWebServer - Tomcat initialized with port(s): 9001 (http)
13:09:53.079 [restartedMain] INFO  o.a.coyote.http11.Http11NioProtocol - Initializing ProtocolHandler ["http-nio-9001"]
13:09:53.079 [restartedMain] INFO  o.a.catalina.core.StandardService - Starting service [Tomcat]
13:09:53.079 [restartedMain] INFO  o.a.catalina.core.StandardEngine - Starting Servlet engine: [Apache Tomcat/9.0.78]
13:09:53.104 [restartedMain] INFO  o.a.c.c.C.[Tomcat-1].[localhost].[/] - Initializing Spring embedded WebApplicationContext
13:09:53.104 [restartedMain] INFO  o.s.b.w.s.c.ServletWebServerApplicationContext - Root WebApplicationContext: initialization completed in 336 ms
13:09:53.111 [restartedMain] INFO  com.zaxxer.hikari.HikariDataSource - HikariPool-3 - Starting...
13:09:53.256 [restartedMain] INFO  com.zaxxer.hikari.HikariDataSource - HikariPool-3 - Start completed.
13:09:53.257 [restartedMain] INFO  o.s.b.a.h.H2ConsoleAutoConfiguration - H2 console available at '/h2-console'. Database available at 'jdbc:postgresql://localhost:5432/authentication'
13:09:53.274 [restartedMain] INFO  o.h.jpa.internal.util.LogHelper - HHH000204: Processing PersistenceUnitInfo [name: default]
13:09:53.279 [restartedMain] INFO  org.hibernate.dialect.Dialect - HHH000400: Using dialect: org.hibernate.dialect.PostgreSQLDialect
13:09:53.369 [restartedMain] INFO  o.h.e.t.j.p.i.JtaPlatformInitiator - HHH000490: Using JtaPlatform implementation: [org.hibernate.engine.transaction.jta.platform.internal.NoJtaPlatform]
13:09:53.369 [restartedMain] INFO  o.s.o.j.LocalContainerEntityManagerFactoryBean - Initialized JPA EntityManagerFactory for persistence unit 'default'
13:09:53.374 [restartedMain] WARN  o.s.b.w.s.c.AnnotationConfigServletWebServerApplicationContext - Exception encountered during context initialization - cancelling refresh attempt: org.springframework.beans.factory.UnsatisfiedDependencyException: Error creating bean with name 'departmentController': Unsatisfied dependency expressed through field 'departmentService'; nested exception is org.springframework.beans.factory.BeanCreationException: Error creating bean with name 'departmentServiceImpl': Lookup method resolution failed; nested exception is java.lang.IllegalStateException: Failed to introspect Class [com.ikn.ums.department.service.impl.DepartmentServiceImpl] from ClassLoader [org.springframework.boot.devtools.restart.classloader.RestartClassLoader@3f1d3596]
13:09:53.374 [restartedMain] INFO  o.s.o.j.LocalContainerEntityManagerFactoryBean - Closing JPA EntityManagerFactory for persistence unit 'default'
13:09:53.374 [restartedMain] INFO  com.zaxxer.hikari.HikariDataSource - HikariPool-3 - Shutdown initiated...
13:09:53.526 [restartedMain] INFO  com.zaxxer.hikari.HikariDataSource - HikariPool-3 - Shutdown completed.
13:09:53.527 [restartedMain] INFO  o.a.catalina.core.StandardService - Stopping service [Tomcat]
13:09:53.533 [restartedMain] INFO  o.s.b.a.l.ConditionEvaluationReportLoggingListener - 

Error starting ApplicationContext. To display the conditions report re-run your application with 'debug' enabled.
13:09:53.540 [restartedMain] ERROR o.s.boot.SpringApplication - Application run failed
org.springframework.beans.factory.UnsatisfiedDependencyException: Error creating bean with name 'departmentController': Unsatisfied dependency expressed through field 'departmentService'; nested exception is org.springframework.beans.factory.BeanCreationException: Error creating bean with name 'departmentServiceImpl': Lookup method resolution failed; nested exception is java.lang.IllegalStateException: Failed to introspect Class [com.ikn.ums.department.service.impl.DepartmentServiceImpl] from ClassLoader [org.springframework.boot.devtools.restart.classloader.RestartClassLoader@3f1d3596]
	at org.springframework.beans.factory.annotation.AutowiredAnnotationBeanPostProcessor$AutowiredFieldElement.resolveFieldValue(AutowiredAnnotationBeanPostProcessor.java:662)
	at org.springframework.beans.factory.annotation.AutowiredAnnotationBeanPostProcessor$AutowiredFieldElement.inject(AutowiredAnnotationBeanPostProcessor.java:642)
	at org.springframework.beans.factory.annotation.InjectionMetadata.inject(InjectionMetadata.java:119)
	at org.springframework.beans.factory.annotation.AutowiredAnnotationBeanPostProcessor.postProcessProperties(AutowiredAnnotationBeanPostProcessor.java:399)
	at org.springframework.beans.factory.support.AbstractAutowireCapableBeanFactory.populateBean(AbstractAutowireCapableBeanFactory.java:1431)
	at org.springframework.beans.factory.support.AbstractAutowireCapableBeanFactory.doCreateBean(AbstractAutowireCapableBeanFactory.java:619)
	at org.springframework.beans.factory.support.AbstractAutowireCapableBeanFactory.createBean(AbstractAutowireCapableBeanFactory.java:542)
	at org.springframework.beans.factory.support.AbstractBeanFactory.lambda$doGetBean$0(AbstractBeanFactory.java:335)
	at org.springframework.beans.factory.support.DefaultSingletonBeanRegistry.getSingleton(DefaultSingletonBeanRegistry.java:234)
	at org.springframework.beans.factory.support.AbstractBeanFactory.doGetBean(AbstractBeanFactory.java:333)
	at org.springframework.beans.factory.support.AbstractBeanFactory.getBean(AbstractBeanFactory.java:208)
	at org.springframework.beans.factory.support.DefaultListableBeanFactory.preInstantiateSingletons(DefaultListableBeanFactory.java:955)
	at org.springframework.context.support.AbstractApplicationContext.finishBeanFactoryInitialization(AbstractApplicationContext.java:921)
	at org.springframework.context.support.AbstractApplicationContext.refresh(AbstractApplicationContext.java:583)
	at org.springframework.boot.web.servlet.context.ServletWebServerApplicationContext.refresh(ServletWebServerApplicationContext.java:147)
	at org.springframework.boot.SpringApplication.refresh(SpringApplication.java:731)
	at org.springframework.boot.SpringApplication.refreshContext(SpringApplication.java:408)
	at org.springframework.boot.SpringApplication.run(SpringApplication.java:307)
	at org.springframework.boot.SpringApplication.run(SpringApplication.java:1303)
	at org.springframework.boot.SpringApplication.run(SpringApplication.java:1292)
	at com.ikn.ums.department.UMSDepartmentServiceApplication.main(UMSDepartmentServiceApplication.java:10)
	at java.base/jdk.internal.reflect.NativeMethodAccessorImpl.invoke0(Native Method)
	at java.base/jdk.internal.reflect.NativeMethodAccessorImpl.invoke(NativeMethodAccessorImpl.java:62)
	at java.base/jdk.internal.reflect.DelegatingMethodAccessorImpl.invoke(DelegatingMethodAccessorImpl.java:43)
	at java.base/java.lang.reflect.Method.invoke(Method.java:566)
	at org.springframework.boot.devtools.restart.RestartLauncher.run(RestartLauncher.java:50)
Caused by: org.springframework.beans.factory.BeanCreationException: Error creating bean with name 'departmentServiceImpl': Lookup method resolution failed; nested exception is java.lang.IllegalStateException: Failed to introspect Class [com.ikn.ums.department.service.impl.DepartmentServiceImpl] from ClassLoader [org.springframework.boot.devtools.restart.classloader.RestartClassLoader@3f1d3596]
	at org.springframework.beans.factory.annotation.AutowiredAnnotationBeanPostProcessor.determineCandidateConstructors(AutowiredAnnotationBeanPostProcessor.java:289)
	at org.springframework.beans.factory.support.AbstractAutowireCapableBeanFactory.determineConstructorsFromBeanPostProcessors(AbstractAutowireCapableBeanFactory.java:1302)
	at org.springframework.beans.factory.support.AbstractAutowireCapableBeanFactory.createBeanInstance(AbstractAutowireCapableBeanFactory.java:1219)
	at org.springframework.beans.factory.support.AbstractAutowireCapableBeanFactory.doCreateBean(AbstractAutowireCapableBeanFactory.java:582)
	at org.springframework.beans.factory.support.AbstractAutowireCapableBeanFactory.createBean(AbstractAutowireCapableBeanFactory.java:542)
	at org.springframework.beans.factory.support.AbstractBeanFactory.lambda$doGetBean$0(AbstractBeanFactory.java:335)
	at org.springframework.beans.factory.support.DefaultSingletonBeanRegistry.getSingleton(DefaultSingletonBeanRegistry.java:234)
	at org.springframework.beans.factory.support.AbstractBeanFactory.doGetBean(AbstractBeanFactory.java:333)
	at org.springframework.beans.factory.support.AbstractBeanFactory.getBean(AbstractBeanFactory.java:208)
	at org.springframework.beans.factory.config.DependencyDescriptor.resolveCandidate(DependencyDescriptor.java:276)
	at org.springframework.beans.factory.support.DefaultListableBeanFactory.doResolveDependency(DefaultListableBeanFactory.java:1391)
	at org.springframework.beans.factory.support.DefaultListableBeanFactory.resolveDependency(DefaultListableBeanFactory.java:1311)
	at org.springframework.beans.factory.annotation.AutowiredAnnotationBeanPostProcessor$AutowiredFieldElement.resolveFieldValue(AutowiredAnnotationBeanPostProcessor.java:659)
	... 25 common frames omitted
Caused by: java.lang.IllegalStateException: Failed to introspect Class [com.ikn.ums.department.service.impl.DepartmentServiceImpl] from ClassLoader [org.springframework.boot.devtools.restart.classloader.RestartClassLoader@3f1d3596]
	at org.springframework.util.ReflectionUtils.getDeclaredMethods(ReflectionUtils.java:485)
	at org.springframework.util.ReflectionUtils.doWithLocalMethods(ReflectionUtils.java:321)
	at org.springframework.beans.factory.annotation.AutowiredAnnotationBeanPostProcessor.determineCandidateConstructors(AutowiredAnnotationBeanPostProcessor.java:267)
	... 37 common frames omitted
Caused by: java.lang.NoClassDefFoundError: UMSBusinessException
	at java.base/java.lang.Class.getDeclaredMethods0(Native Method)
	at java.base/java.lang.Class.privateGetDeclaredMethods(Class.java:3166)
	at java.base/java.lang.Class.getDeclaredMethods(Class.java:2309)
	at org.springframework.util.ReflectionUtils.getDeclaredMethods(ReflectionUtils.java:467)
	... 39 common frames omitted
Caused by: java.lang.ClassNotFoundException: UMSBusinessException
	at java.base/jdk.internal.loader.BuiltinClassLoader.loadClass(BuiltinClassLoader.java:581)
	at java.base/jdk.internal.loader.ClassLoaders$AppClassLoader.loadClass(ClassLoaders.java:178)
	at java.base/java.lang.ClassLoader.loadClass(ClassLoader.java:521)
	at java.base/java.lang.Class.forName0(Native Method)
	at java.base/java.lang.Class.forName(Class.java:398)
	at org.springframework.boot.devtools.restart.classloader.RestartClassLoader.loadClass(RestartClassLoader.java:145)
	at java.base/java.lang.ClassLoader.loadClass(ClassLoader.java:521)
	... 43 common frames omitted
13:11:40.008 [restartedMain] INFO  o.s.c.c.c.ConfigServicePropertySourceLocator - Fetching config from server at : http://localhost:9296
13:11:41.166 [restartedMain] INFO  o.s.c.c.c.ConfigServicePropertySourceLocator - Located environment: name=UMS-DEPARTMENT-SERVICE, profiles=[default], label=null, version=abc948351d8765c2e5a2691c8f7f75664420de7d, state=null
13:11:41.166 [restartedMain] INFO  o.s.c.b.c.PropertySourceBootstrapConfiguration - Located property source: [BootstrapPropertySource {name='bootstrapProperties-configClient'}, BootstrapPropertySource {name='bootstrapProperties-https://github.com/IKCONDev/ums-config-server/application.yaml'}]
13:11:41.170 [restartedMain] INFO  c.i.u.d.UMSDepartmentServiceApplication - No active profile set, falling back to 1 default profile: "default"
13:11:41.552 [restartedMain] INFO  o.s.d.r.c.RepositoryConfigurationDelegate - Bootstrapping Spring Data JPA repositories in DEFAULT mode.
13:11:41.569 [restartedMain] INFO  o.s.d.r.c.RepositoryConfigurationDelegate - Finished Spring Data repository scanning in 16 ms. Found 1 JPA repository interfaces.
13:11:41.622 [restartedMain] INFO  o.s.cloud.context.scope.GenericScope - BeanFactory id=7fb078dc-1f2b-31f5-8635-768e264658cb
13:11:41.695 [restartedMain] INFO  o.s.b.w.e.tomcat.TomcatWebServer - Tomcat initialized with port(s): 9001 (http)
13:11:41.696 [restartedMain] INFO  o.a.coyote.http11.Http11NioProtocol - Initializing ProtocolHandler ["http-nio-9001"]
13:11:41.696 [restartedMain] INFO  o.a.catalina.core.StandardService - Starting service [Tomcat]
13:11:41.696 [restartedMain] INFO  o.a.catalina.core.StandardEngine - Starting Servlet engine: [Apache Tomcat/9.0.78]
13:11:41.723 [restartedMain] INFO  o.a.c.c.C.[Tomcat-2].[localhost].[/] - Initializing Spring embedded WebApplicationContext
13:11:41.723 [restartedMain] INFO  o.s.b.w.s.c.ServletWebServerApplicationContext - Root WebApplicationContext: initialization completed in 550 ms
13:11:41.730 [restartedMain] INFO  com.zaxxer.hikari.HikariDataSource - HikariPool-4 - Starting...
13:11:41.927 [restartedMain] INFO  com.zaxxer.hikari.HikariDataSource - HikariPool-4 - Start completed.
13:11:41.928 [restartedMain] INFO  o.s.b.a.h.H2ConsoleAutoConfiguration - H2 console available at '/h2-console'. Database available at 'jdbc:postgresql://localhost:5432/authentication'
13:11:41.947 [restartedMain] INFO  o.h.jpa.internal.util.LogHelper - HHH000204: Processing PersistenceUnitInfo [name: default]
13:11:41.960 [restartedMain] INFO  org.hibernate.dialect.Dialect - HHH000400: Using dialect: org.hibernate.dialect.PostgreSQLDialect
13:11:42.163 [restartedMain] INFO  o.h.e.t.j.p.i.JtaPlatformInitiator - HHH000490: Using JtaPlatform implementation: [org.hibernate.engine.transaction.jta.platform.internal.NoJtaPlatform]
13:11:42.165 [restartedMain] INFO  o.s.o.j.LocalContainerEntityManagerFactoryBean - Initialized JPA EntityManagerFactory for persistence unit 'default'
13:11:42.272 [restartedMain] WARN  o.s.b.a.o.j.JpaBaseConfiguration$JpaWebConfiguration - spring.jpa.open-in-view is enabled by default. Therefore, database queries may be performed during view rendering. Explicitly configure spring.jpa.open-in-view to disable this warning
13:11:42.385 [restartedMain] WARN  o.s.b.d.a.OptionalLiveReloadServer - Unable to start LiveReload server
13:11:42.582 [restartedMain] INFO  o.s.c.n.e.c.DiscoveryClientOptionalArgsConfiguration - Eureka HTTP Client uses RestTemplate.
13:11:42.779 [restartedMain] WARN  o.s.c.l.c.LoadBalancerCacheAutoConfiguration$LoadBalancerCaffeineWarnLogger - Spring Cloud LoadBalancer is currently working with the default cache. While this cache implementation is useful for development and tests, it's recommended to use Caffeine cache in production.You can switch to using Caffeine cache, by adding it and org.springframework.cache.caffeine.CaffeineCacheManager to the classpath.
13:11:42.805 [restartedMain] INFO  o.s.c.n.eureka.InstanceInfoFactory - Setting initial instance status as: STARTING
13:11:42.807 [restartedMain] INFO  c.netflix.discovery.DiscoveryClient - Initializing Eureka in region us-east-1
13:11:42.807 [restartedMain] INFO  c.n.d.s.r.aws.ConfigClusterResolver - Resolving eureka endpoints via configuration
13:11:42.821 [restartedMain] INFO  c.netflix.discovery.DiscoveryClient - Disable delta property : false
13:11:42.821 [restartedMain] INFO  c.netflix.discovery.DiscoveryClient - Single vip registry refresh property : null
13:11:42.821 [restartedMain] INFO  c.netflix.discovery.DiscoveryClient - Force full registry fetch : false
13:11:42.821 [restartedMain] INFO  c.netflix.discovery.DiscoveryClient - Application is null : false
13:11:42.821 [restartedMain] INFO  c.netflix.discovery.DiscoveryClient - Registered Applications size is zero : true
13:11:42.821 [restartedMain] INFO  c.netflix.discovery.DiscoveryClient - Application version is -1: true
13:11:42.821 [restartedMain] INFO  c.netflix.discovery.DiscoveryClient - Getting all instance registry info from the eureka server
13:11:42.862 [restartedMain] INFO  c.netflix.discovery.DiscoveryClient - The response status is 200
13:11:42.863 [restartedMain] INFO  c.netflix.discovery.DiscoveryClient - Starting heartbeat executor: renew interval is: 30
13:11:42.864 [restartedMain] INFO  c.n.discovery.InstanceInfoReplicator - InstanceInfoReplicator onDemand update allowed rate per min is 4
13:11:42.865 [restartedMain] INFO  c.netflix.discovery.DiscoveryClient - Discovery Client initialized at timestamp 1694504502865 with initial instances count: 7
13:11:42.866 [restartedMain] INFO  o.s.c.n.e.s.EurekaServiceRegistry - Registering application UMS-DEPARTMENT-SERVICE with eureka with status UP
13:11:42.866 [restartedMain] INFO  c.netflix.discovery.DiscoveryClient - Saw local status change event StatusChangeEvent [timestamp=1694504502866, current=UP, previous=STARTING]
13:11:42.867 [DiscoveryClient-InstanceInfoReplicator-0] INFO  c.netflix.discovery.DiscoveryClient - DiscoveryClient_UMS-DEPARTMENT-SERVICE/IKCON1049:UMS-DEPARTMENT-SERVICE:9001: registering service...
13:11:42.868 [restartedMain] INFO  o.a.coyote.http11.Http11NioProtocol - Starting ProtocolHandler ["http-nio-9001"]
13:11:42.873 [restartedMain] INFO  o.s.b.w.e.tomcat.TomcatWebServer - Tomcat started on port(s): 9001 (http) with context path ''
13:11:42.873 [restartedMain] INFO  o.s.c.n.e.s.EurekaAutoServiceRegistration - Updating port to 9001
13:11:42.907 [DiscoveryClient-InstanceInfoReplicator-0] INFO  c.netflix.discovery.DiscoveryClient - DiscoveryClient_UMS-DEPARTMENT-SERVICE/IKCON1049:UMS-DEPARTMENT-SERVICE:9001 - registration status: 204
13:11:43.043 [restartedMain] INFO  c.i.u.d.UMSDepartmentServiceApplication - Started UMSDepartmentServiceApplication in 3.673 seconds (JVM running for 6472.742)
13:11:43.048 [restartedMain] INFO  o.s.b.d.a.ConditionEvaluationDeltaLoggingListener - Condition evaluation unchanged
13:12:15.541 [File Watcher] INFO  o.s.b.d.a.LocalDevToolsAutoConfiguration$RestartingClassPathChangeChangedEventListener - Restarting due to 1 class path change (0 additions, 0 deletions, 1 modification)
13:12:15.583 [Thread-8] INFO  o.s.c.n.e.s.EurekaServiceRegistry - Unregistering application UMS-DEPARTMENT-SERVICE with eureka with status DOWN
13:12:15.584 [Thread-8] INFO  c.netflix.discovery.DiscoveryClient - Saw local status change event StatusChangeEvent [timestamp=1694504535584, current=DOWN, previous=UP]
13:12:15.584 [DiscoveryClient-InstanceInfoReplicator-0] INFO  c.netflix.discovery.DiscoveryClient - DiscoveryClient_UMS-DEPARTMENT-SERVICE/IKCON1049:UMS-DEPARTMENT-SERVICE:9001: registering service...
13:12:15.615 [DiscoveryClient-InstanceInfoReplicator-0] INFO  c.netflix.discovery.DiscoveryClient - DiscoveryClient_UMS-DEPARTMENT-SERVICE/IKCON1049:UMS-DEPARTMENT-SERVICE:9001 - registration status: 204
13:12:15.856 [Thread-8] INFO  o.a.coyote.http11.Http11NioProtocol - Pausing ProtocolHandler ["http-nio-9001"]
13:12:15.857 [Thread-8] INFO  o.a.catalina.core.StandardService - Stopping service [Tomcat]
13:12:15.912 [Thread-8] INFO  o.a.coyote.http11.Http11NioProtocol - Stopping ProtocolHandler ["http-nio-9001"]
13:12:15.934 [Thread-8] INFO  o.a.coyote.http11.Http11NioProtocol - Destroying ProtocolHandler ["http-nio-9001"]
13:12:15.968 [Thread-8] INFO  o.s.o.j.LocalContainerEntityManagerFactoryBean - Closing JPA EntityManagerFactory for persistence unit 'default'
13:12:15.981 [Thread-8] INFO  com.zaxxer.hikari.HikariDataSource - HikariPool-4 - Shutdown initiated...
13:12:15.992 [Thread-8] INFO  com.zaxxer.hikari.HikariDataSource - HikariPool-4 - Shutdown completed.
13:12:15.992 [Thread-8] INFO  c.netflix.discovery.DiscoveryClient - Shutting down DiscoveryClient ...
13:12:19.002 [Thread-8] INFO  c.netflix.discovery.DiscoveryClient - Unregistering ...
13:12:19.015 [Thread-8] INFO  c.netflix.discovery.DiscoveryClient - DiscoveryClient_UMS-DEPARTMENT-SERVICE/IKCON1049:UMS-DEPARTMENT-SERVICE:9001 - deregister  status: 200
13:12:19.022 [Thread-8] INFO  c.netflix.discovery.DiscoveryClient - Completed shut down of DiscoveryClient
13:12:19.726 [restartedMain] INFO  o.s.c.c.c.ConfigServicePropertySourceLocator - Fetching config from server at : http://localhost:9296
13:12:20.746 [restartedMain] INFO  o.s.c.c.c.ConfigServicePropertySourceLocator - Located environment: name=UMS-DEPARTMENT-SERVICE, profiles=[default], label=null, version=abc948351d8765c2e5a2691c8f7f75664420de7d, state=null
13:12:20.746 [restartedMain] INFO  o.s.c.b.c.PropertySourceBootstrapConfiguration - Located property source: [BootstrapPropertySource {name='bootstrapProperties-configClient'}, BootstrapPropertySource {name='bootstrapProperties-https://github.com/IKCONDev/ums-config-server/application.yaml'}]
13:12:20.749 [restartedMain] INFO  c.i.u.d.UMSDepartmentServiceApplication - No active profile set, falling back to 1 default profile: "default"
13:12:21.012 [restartedMain] INFO  o.s.d.r.c.RepositoryConfigurationDelegate - Bootstrapping Spring Data JPA repositories in DEFAULT mode.
13:12:21.024 [restartedMain] INFO  o.s.d.r.c.RepositoryConfigurationDelegate - Finished Spring Data repository scanning in 12 ms. Found 1 JPA repository interfaces.
13:12:21.077 [restartedMain] INFO  o.s.cloud.context.scope.GenericScope - BeanFactory id=7fb078dc-1f2b-31f5-8635-768e264658cb
13:12:21.127 [restartedMain] INFO  o.s.b.w.e.tomcat.TomcatWebServer - Tomcat initialized with port(s): 9001 (http)
13:12:21.127 [restartedMain] INFO  o.a.coyote.http11.Http11NioProtocol - Initializing ProtocolHandler ["http-nio-9001"]
13:12:21.127 [restartedMain] INFO  o.a.catalina.core.StandardService - Starting service [Tomcat]
13:12:21.127 [restartedMain] INFO  o.a.catalina.core.StandardEngine - Starting Servlet engine: [Apache Tomcat/9.0.78]
13:12:21.152 [restartedMain] INFO  o.a.c.c.C.[Tomcat-2].[localhost].[/] - Initializing Spring embedded WebApplicationContext
13:12:21.152 [restartedMain] INFO  o.s.b.w.s.c.ServletWebServerApplicationContext - Root WebApplicationContext: initialization completed in 401 ms
13:12:21.160 [restartedMain] INFO  com.zaxxer.hikari.HikariDataSource - HikariPool-5 - Starting...
13:12:21.312 [restartedMain] INFO  com.zaxxer.hikari.HikariDataSource - HikariPool-5 - Start completed.
13:12:21.313 [restartedMain] INFO  o.s.b.a.h.H2ConsoleAutoConfiguration - H2 console available at '/h2-console'. Database available at 'jdbc:postgresql://localhost:5432/authentication'
13:12:21.327 [restartedMain] INFO  o.h.jpa.internal.util.LogHelper - HHH000204: Processing PersistenceUnitInfo [name: default]
13:12:21.337 [restartedMain] INFO  org.hibernate.dialect.Dialect - HHH000400: Using dialect: org.hibernate.dialect.PostgreSQLDialect
13:12:21.470 [restartedMain] INFO  o.h.e.t.j.p.i.JtaPlatformInitiator - HHH000490: Using JtaPlatform implementation: [org.hibernate.engine.transaction.jta.platform.internal.NoJtaPlatform]
13:12:21.471 [restartedMain] INFO  o.s.o.j.LocalContainerEntityManagerFactoryBean - Initialized JPA EntityManagerFactory for persistence unit 'default'
13:12:21.522 [restartedMain] WARN  o.s.b.a.o.j.JpaBaseConfiguration$JpaWebConfiguration - spring.jpa.open-in-view is enabled by default. Therefore, database queries may be performed during view rendering. Explicitly configure spring.jpa.open-in-view to disable this warning
13:12:21.587 [restartedMain] WARN  o.s.b.d.a.OptionalLiveReloadServer - Unable to start LiveReload server
13:12:21.763 [restartedMain] INFO  o.s.c.n.e.c.DiscoveryClientOptionalArgsConfiguration - Eureka HTTP Client uses RestTemplate.
13:12:21.947 [restartedMain] WARN  o.s.c.l.c.LoadBalancerCacheAutoConfiguration$LoadBalancerCaffeineWarnLogger - Spring Cloud LoadBalancer is currently working with the default cache. While this cache implementation is useful for development and tests, it's recommended to use Caffeine cache in production.You can switch to using Caffeine cache, by adding it and org.springframework.cache.caffeine.CaffeineCacheManager to the classpath.
13:12:21.959 [restartedMain] INFO  o.s.c.n.eureka.InstanceInfoFactory - Setting initial instance status as: STARTING
13:12:21.960 [restartedMain] INFO  c.netflix.discovery.DiscoveryClient - Initializing Eureka in region us-east-1
13:12:21.961 [restartedMain] INFO  c.n.d.s.r.aws.ConfigClusterResolver - Resolving eureka endpoints via configuration
13:12:21.961 [restartedMain] INFO  c.netflix.discovery.DiscoveryClient - Disable delta property : false
13:12:21.961 [restartedMain] INFO  c.netflix.discovery.DiscoveryClient - Single vip registry refresh property : null
13:12:21.961 [restartedMain] INFO  c.netflix.discovery.DiscoveryClient - Force full registry fetch : false
13:12:21.961 [restartedMain] INFO  c.netflix.discovery.DiscoveryClient - Application is null : false
13:12:21.961 [restartedMain] INFO  c.netflix.discovery.DiscoveryClient - Registered Applications size is zero : true
13:12:21.961 [restartedMain] INFO  c.netflix.discovery.DiscoveryClient - Application version is -1: true
13:12:21.961 [restartedMain] INFO  c.netflix.discovery.DiscoveryClient - Getting all instance registry info from the eureka server
13:12:21.972 [restartedMain] INFO  c.netflix.discovery.DiscoveryClient - The response status is 200
13:12:21.973 [restartedMain] INFO  c.netflix.discovery.DiscoveryClient - Starting heartbeat executor: renew interval is: 30
13:12:21.973 [restartedMain] INFO  c.n.discovery.InstanceInfoReplicator - InstanceInfoReplicator onDemand update allowed rate per min is 4
13:12:21.974 [restartedMain] INFO  c.netflix.discovery.DiscoveryClient - Discovery Client initialized at timestamp 1694504541974 with initial instances count: 8
13:12:21.975 [restartedMain] INFO  o.s.c.n.e.s.EurekaServiceRegistry - Registering application UMS-DEPARTMENT-SERVICE with eureka with status UP
13:12:21.975 [restartedMain] INFO  c.netflix.discovery.DiscoveryClient - Saw local status change event StatusChangeEvent [timestamp=1694504541975, current=UP, previous=STARTING]
13:12:21.976 [DiscoveryClient-InstanceInfoReplicator-0] INFO  c.netflix.discovery.DiscoveryClient - DiscoveryClient_UMS-DEPARTMENT-SERVICE/IKCON1049:UMS-DEPARTMENT-SERVICE:9001: registering service...
13:12:21.977 [restartedMain] INFO  o.a.coyote.http11.Http11NioProtocol - Starting ProtocolHandler ["http-nio-9001"]
13:12:21.980 [restartedMain] INFO  o.s.b.w.e.tomcat.TomcatWebServer - Tomcat started on port(s): 9001 (http) with context path ''
13:12:21.980 [restartedMain] INFO  o.s.c.n.e.s.EurekaAutoServiceRegistration - Updating port to 9001
13:12:21.984 [DiscoveryClient-InstanceInfoReplicator-0] INFO  c.netflix.discovery.DiscoveryClient - DiscoveryClient_UMS-DEPARTMENT-SERVICE/IKCON1049:UMS-DEPARTMENT-SERVICE:9001 - registration status: 204
13:12:22.155 [restartedMain] INFO  c.i.u.d.UMSDepartmentServiceApplication - Started UMSDepartmentServiceApplication in 2.875 seconds (JVM running for 6511.853)
13:12:22.156 [restartedMain] INFO  o.s.b.d.a.ConditionEvaluationDeltaLoggingListener - Condition evaluation unchanged
13:12:29.138 [File Watcher] INFO  o.s.b.d.a.LocalDevToolsAutoConfiguration$RestartingClassPathChangeChangedEventListener - Restarting due to 1 class path change (0 additions, 0 deletions, 1 modification)
13:12:29.140 [Thread-25] INFO  o.s.c.n.e.s.EurekaServiceRegistry - Unregistering application UMS-DEPARTMENT-SERVICE with eureka with status DOWN
13:12:29.141 [Thread-25] INFO  c.netflix.discovery.DiscoveryClient - Saw local status change event StatusChangeEvent [timestamp=1694504549140, current=DOWN, previous=UP]
13:12:29.141 [DiscoveryClient-InstanceInfoReplicator-0] INFO  c.netflix.discovery.DiscoveryClient - DiscoveryClient_UMS-DEPARTMENT-SERVICE/IKCON1049:UMS-DEPARTMENT-SERVICE:9001: registering service...
13:12:29.151 [DiscoveryClient-InstanceInfoReplicator-0] INFO  c.netflix.discovery.DiscoveryClient - DiscoveryClient_UMS-DEPARTMENT-SERVICE/IKCON1049:UMS-DEPARTMENT-SERVICE:9001 - registration status: 204
13:12:29.271 [Thread-25] INFO  o.a.coyote.http11.Http11NioProtocol - Pausing ProtocolHandler ["http-nio-9001"]
13:12:29.271 [Thread-25] INFO  o.a.catalina.core.StandardService - Stopping service [Tomcat]
13:12:29.275 [Thread-25] INFO  o.a.coyote.http11.Http11NioProtocol - Stopping ProtocolHandler ["http-nio-9001"]
13:12:29.276 [Thread-25] INFO  o.a.coyote.http11.Http11NioProtocol - Destroying ProtocolHandler ["http-nio-9001"]
13:12:29.277 [Thread-25] INFO  o.s.o.j.LocalContainerEntityManagerFactoryBean - Closing JPA EntityManagerFactory for persistence unit 'default'
13:12:29.277 [Thread-25] INFO  com.zaxxer.hikari.HikariDataSource - HikariPool-5 - Shutdown initiated...
13:12:29.280 [Thread-25] INFO  com.zaxxer.hikari.HikariDataSource - HikariPool-5 - Shutdown completed.
13:12:29.280 [Thread-25] INFO  c.netflix.discovery.DiscoveryClient - Shutting down DiscoveryClient ...
13:12:32.298 [Thread-25] INFO  c.netflix.discovery.DiscoveryClient - Unregistering ...
13:12:32.313 [Thread-25] INFO  c.netflix.discovery.DiscoveryClient - DiscoveryClient_UMS-DEPARTMENT-SERVICE/IKCON1049:UMS-DEPARTMENT-SERVICE:9001 - deregister  status: 200
13:12:32.318 [Thread-25] INFO  c.netflix.discovery.DiscoveryClient - Completed shut down of DiscoveryClient
13:12:32.779 [restartedMain] INFO  o.s.c.c.c.ConfigServicePropertySourceLocator - Fetching config from server at : http://localhost:9296
13:12:33.612 [restartedMain] INFO  o.s.c.c.c.ConfigServicePropertySourceLocator - Located environment: name=UMS-DEPARTMENT-SERVICE, profiles=[default], label=null, version=abc948351d8765c2e5a2691c8f7f75664420de7d, state=null
13:12:33.612 [restartedMain] INFO  o.s.c.b.c.PropertySourceBootstrapConfiguration - Located property source: [BootstrapPropertySource {name='bootstrapProperties-configClient'}, BootstrapPropertySource {name='bootstrapProperties-https://github.com/IKCONDev/ums-config-server/application.yaml'}]
13:12:33.614 [restartedMain] INFO  c.i.u.d.UMSDepartmentServiceApplication - No active profile set, falling back to 1 default profile: "default"
13:12:33.804 [restartedMain] INFO  o.s.d.r.c.RepositoryConfigurationDelegate - Bootstrapping Spring Data JPA repositories in DEFAULT mode.
13:12:33.816 [restartedMain] INFO  o.s.d.r.c.RepositoryConfigurationDelegate - Finished Spring Data repository scanning in 12 ms. Found 1 JPA repository interfaces.
13:12:33.859 [restartedMain] INFO  o.s.cloud.context.scope.GenericScope - BeanFactory id=7fb078dc-1f2b-31f5-8635-768e264658cb
13:12:33.907 [restartedMain] INFO  o.s.b.w.e.tomcat.TomcatWebServer - Tomcat initialized with port(s): 9001 (http)
13:12:33.908 [restartedMain] INFO  o.a.coyote.http11.Http11NioProtocol - Initializing ProtocolHandler ["http-nio-9001"]
13:12:33.908 [restartedMain] INFO  o.a.catalina.core.StandardService - Starting service [Tomcat]
13:12:33.908 [restartedMain] INFO  o.a.catalina.core.StandardEngine - Starting Servlet engine: [Apache Tomcat/9.0.78]
13:12:33.930 [restartedMain] INFO  o.a.c.c.C.[Tomcat-2].[localhost].[/] - Initializing Spring embedded WebApplicationContext
13:12:33.930 [restartedMain] INFO  o.s.b.w.s.c.ServletWebServerApplicationContext - Root WebApplicationContext: initialization completed in 314 ms
13:12:33.937 [restartedMain] INFO  com.zaxxer.hikari.HikariDataSource - HikariPool-6 - Starting...
13:12:34.075 [restartedMain] INFO  com.zaxxer.hikari.HikariDataSource - HikariPool-6 - Start completed.
13:12:34.075 [restartedMain] INFO  o.s.b.a.h.H2ConsoleAutoConfiguration - H2 console available at '/h2-console'. Database available at 'jdbc:postgresql://localhost:5432/authentication'
13:12:34.089 [restartedMain] INFO  o.h.jpa.internal.util.LogHelper - HHH000204: Processing PersistenceUnitInfo [name: default]
13:12:34.097 [restartedMain] INFO  org.hibernate.dialect.Dialect - HHH000400: Using dialect: org.hibernate.dialect.PostgreSQLDialect
13:12:34.192 [restartedMain] INFO  o.h.e.t.j.p.i.JtaPlatformInitiator - HHH000490: Using JtaPlatform implementation: [org.hibernate.engine.transaction.jta.platform.internal.NoJtaPlatform]
13:12:34.192 [restartedMain] INFO  o.s.o.j.LocalContainerEntityManagerFactoryBean - Initialized JPA EntityManagerFactory for persistence unit 'default'
13:12:34.240 [restartedMain] WARN  o.s.b.a.o.j.JpaBaseConfiguration$JpaWebConfiguration - spring.jpa.open-in-view is enabled by default. Therefore, database queries may be performed during view rendering. Explicitly configure spring.jpa.open-in-view to disable this warning
13:12:34.302 [restartedMain] WARN  o.s.b.d.a.OptionalLiveReloadServer - Unable to start LiveReload server
13:12:34.489 [restartedMain] INFO  o.s.c.n.e.c.DiscoveryClientOptionalArgsConfiguration - Eureka HTTP Client uses RestTemplate.
13:12:34.669 [restartedMain] WARN  o.s.c.l.c.LoadBalancerCacheAutoConfiguration$LoadBalancerCaffeineWarnLogger - Spring Cloud LoadBalancer is currently working with the default cache. While this cache implementation is useful for development and tests, it's recommended to use Caffeine cache in production.You can switch to using Caffeine cache, by adding it and org.springframework.cache.caffeine.CaffeineCacheManager to the classpath.
13:12:34.684 [restartedMain] INFO  o.s.c.n.eureka.InstanceInfoFactory - Setting initial instance status as: STARTING
13:12:34.686 [restartedMain] INFO  c.netflix.discovery.DiscoveryClient - Initializing Eureka in region us-east-1
13:12:34.686 [restartedMain] INFO  c.n.d.s.r.aws.ConfigClusterResolver - Resolving eureka endpoints via configuration
13:12:34.687 [restartedMain] INFO  c.netflix.discovery.DiscoveryClient - Disable delta property : false
13:12:34.687 [restartedMain] INFO  c.netflix.discovery.DiscoveryClient - Single vip registry refresh property : null
13:12:34.687 [restartedMain] INFO  c.netflix.discovery.DiscoveryClient - Force full registry fetch : false
13:12:34.687 [restartedMain] INFO  c.netflix.discovery.DiscoveryClient - Application is null : false
13:12:34.687 [restartedMain] INFO  c.netflix.discovery.DiscoveryClient - Registered Applications size is zero : true
13:12:34.687 [restartedMain] INFO  c.netflix.discovery.DiscoveryClient - Application version is -1: true
13:12:34.687 [restartedMain] INFO  c.netflix.discovery.DiscoveryClient - Getting all instance registry info from the eureka server
13:12:34.699 [restartedMain] INFO  c.netflix.discovery.DiscoveryClient - The response status is 200
13:12:34.699 [restartedMain] INFO  c.netflix.discovery.DiscoveryClient - Starting heartbeat executor: renew interval is: 30
13:12:34.700 [restartedMain] INFO  c.n.discovery.InstanceInfoReplicator - InstanceInfoReplicator onDemand update allowed rate per min is 4
13:12:34.700 [restartedMain] INFO  c.netflix.discovery.DiscoveryClient - Discovery Client initialized at timestamp 1694504554700 with initial instances count: 8
13:12:34.702 [restartedMain] INFO  o.s.c.n.e.s.EurekaServiceRegistry - Registering application UMS-DEPARTMENT-SERVICE with eureka with status UP
13:12:34.702 [restartedMain] INFO  c.netflix.discovery.DiscoveryClient - Saw local status change event StatusChangeEvent [timestamp=1694504554702, current=UP, previous=STARTING]
13:12:34.702 [DiscoveryClient-InstanceInfoReplicator-0] INFO  c.netflix.discovery.DiscoveryClient - DiscoveryClient_UMS-DEPARTMENT-SERVICE/IKCON1049:UMS-DEPARTMENT-SERVICE:9001: registering service...
13:12:34.703 [restartedMain] INFO  o.a.coyote.http11.Http11NioProtocol - Starting ProtocolHandler ["http-nio-9001"]
13:12:34.705 [restartedMain] INFO  o.s.b.w.e.tomcat.TomcatWebServer - Tomcat started on port(s): 9001 (http) with context path ''
13:12:34.705 [restartedMain] INFO  o.s.c.n.e.s.EurekaAutoServiceRegistration - Updating port to 9001
13:12:34.711 [DiscoveryClient-InstanceInfoReplicator-0] INFO  c.netflix.discovery.DiscoveryClient - DiscoveryClient_UMS-DEPARTMENT-SERVICE/IKCON1049:UMS-DEPARTMENT-SERVICE:9001 - registration status: 204
13:12:34.876 [restartedMain] INFO  c.i.u.d.UMSDepartmentServiceApplication - Started UMSDepartmentServiceApplication in 2.508 seconds (JVM running for 6524.574)
13:12:34.877 [restartedMain] INFO  o.s.b.d.a.ConditionEvaluationDeltaLoggingListener - Condition evaluation unchanged
13:12:58.220 [File Watcher] INFO  o.s.b.d.a.LocalDevToolsAutoConfiguration$RestartingClassPathChangeChangedEventListener - Restarting due to 1 class path change (0 additions, 1 deletion, 0 modifications)
13:12:58.231 [Thread-32] INFO  o.s.c.n.e.s.EurekaServiceRegistry - Unregistering application UMS-DEPARTMENT-SERVICE with eureka with status DOWN
13:12:58.231 [Thread-32] INFO  c.netflix.discovery.DiscoveryClient - Saw local status change event StatusChangeEvent [timestamp=1694504578231, current=DOWN, previous=UP]
13:12:58.232 [DiscoveryClient-InstanceInfoReplicator-0] INFO  c.netflix.discovery.DiscoveryClient - DiscoveryClient_UMS-DEPARTMENT-SERVICE/IKCON1049:UMS-DEPARTMENT-SERVICE:9001: registering service...
13:12:58.264 [DiscoveryClient-InstanceInfoReplicator-0] INFO  c.netflix.discovery.DiscoveryClient - DiscoveryClient_UMS-DEPARTMENT-SERVICE/IKCON1049:UMS-DEPARTMENT-SERVICE:9001 - registration status: 204
13:12:58.372 [Thread-32] INFO  o.a.coyote.http11.Http11NioProtocol - Pausing ProtocolHandler ["http-nio-9001"]
13:12:58.373 [Thread-32] INFO  o.a.catalina.core.StandardService - Stopping service [Tomcat]
13:12:58.385 [Thread-32] INFO  o.a.coyote.http11.Http11NioProtocol - Stopping ProtocolHandler ["http-nio-9001"]
13:12:58.390 [Thread-32] INFO  o.a.coyote.http11.Http11NioProtocol - Destroying ProtocolHandler ["http-nio-9001"]
13:12:58.395 [Thread-32] INFO  o.s.o.j.LocalContainerEntityManagerFactoryBean - Closing JPA EntityManagerFactory for persistence unit 'default'
13:12:58.397 [Thread-32] INFO  com.zaxxer.hikari.HikariDataSource - HikariPool-6 - Shutdown initiated...
13:12:58.404 [Thread-32] INFO  com.zaxxer.hikari.HikariDataSource - HikariPool-6 - Shutdown completed.
13:12:58.404 [Thread-32] INFO  c.netflix.discovery.DiscoveryClient - Shutting down DiscoveryClient ...
13:13:01.417 [Thread-32] INFO  c.netflix.discovery.DiscoveryClient - Unregistering ...
13:13:01.429 [Thread-32] INFO  c.netflix.discovery.DiscoveryClient - DiscoveryClient_UMS-DEPARTMENT-SERVICE/IKCON1049:UMS-DEPARTMENT-SERVICE:9001 - deregister  status: 200
13:13:01.432 [Thread-32] INFO  c.netflix.discovery.DiscoveryClient - Completed shut down of DiscoveryClient
13:13:01.903 [restartedMain] INFO  o.s.c.c.c.ConfigServicePropertySourceLocator - Fetching config from server at : http://localhost:9296
13:13:02.807 [restartedMain] INFO  o.s.c.c.c.ConfigServicePropertySourceLocator - Located environment: name=UMS-DEPARTMENT-SERVICE, profiles=[default], label=null, version=abc948351d8765c2e5a2691c8f7f75664420de7d, state=null
13:13:02.807 [restartedMain] INFO  o.s.c.b.c.PropertySourceBootstrapConfiguration - Located property source: [BootstrapPropertySource {name='bootstrapProperties-configClient'}, BootstrapPropertySource {name='bootstrapProperties-https://github.com/IKCONDev/ums-config-server/application.yaml'}]
13:13:02.810 [restartedMain] INFO  c.i.u.d.UMSDepartmentServiceApplication - No active profile set, falling back to 1 default profile: "default"
13:13:03.039 [restartedMain] INFO  o.s.d.r.c.RepositoryConfigurationDelegate - Bootstrapping Spring Data JPA repositories in DEFAULT mode.
13:13:03.054 [restartedMain] INFO  o.s.d.r.c.RepositoryConfigurationDelegate - Finished Spring Data repository scanning in 14 ms. Found 1 JPA repository interfaces.
13:13:03.096 [restartedMain] INFO  o.s.cloud.context.scope.GenericScope - BeanFactory id=7fb078dc-1f2b-31f5-8635-768e264658cb
13:13:03.142 [restartedMain] INFO  o.s.b.w.e.tomcat.TomcatWebServer - Tomcat initialized with port(s): 9001 (http)
13:13:03.143 [restartedMain] INFO  o.a.coyote.http11.Http11NioProtocol - Initializing ProtocolHandler ["http-nio-9001"]
13:13:03.143 [restartedMain] INFO  o.a.catalina.core.StandardService - Starting service [Tomcat]
13:13:03.143 [restartedMain] INFO  o.a.catalina.core.StandardEngine - Starting Servlet engine: [Apache Tomcat/9.0.78]
13:13:03.169 [restartedMain] INFO  o.a.c.c.C.[Tomcat-2].[localhost].[/] - Initializing Spring embedded WebApplicationContext
13:13:03.169 [restartedMain] INFO  o.s.b.w.s.c.ServletWebServerApplicationContext - Root WebApplicationContext: initialization completed in 357 ms
13:13:03.176 [restartedMain] INFO  com.zaxxer.hikari.HikariDataSource - HikariPool-7 - Starting...
13:13:03.339 [restartedMain] INFO  com.zaxxer.hikari.HikariDataSource - HikariPool-7 - Start completed.
13:13:03.339 [restartedMain] INFO  o.s.b.a.h.H2ConsoleAutoConfiguration - H2 console available at '/h2-console'. Database available at 'jdbc:postgresql://localhost:5432/authentication'
13:13:03.354 [restartedMain] INFO  o.h.jpa.internal.util.LogHelper - HHH000204: Processing PersistenceUnitInfo [name: default]
13:13:03.360 [restartedMain] INFO  org.hibernate.dialect.Dialect - HHH000400: Using dialect: org.hibernate.dialect.PostgreSQLDialect
13:13:03.450 [restartedMain] INFO  o.h.e.t.j.p.i.JtaPlatformInitiator - HHH000490: Using JtaPlatform implementation: [org.hibernate.engine.transaction.jta.platform.internal.NoJtaPlatform]
13:13:03.450 [restartedMain] INFO  o.s.o.j.LocalContainerEntityManagerFactoryBean - Initialized JPA EntityManagerFactory for persistence unit 'default'
13:13:03.497 [restartedMain] WARN  o.s.b.a.o.j.JpaBaseConfiguration$JpaWebConfiguration - spring.jpa.open-in-view is enabled by default. Therefore, database queries may be performed during view rendering. Explicitly configure spring.jpa.open-in-view to disable this warning
13:13:03.562 [restartedMain] WARN  o.s.b.d.a.OptionalLiveReloadServer - Unable to start LiveReload server
13:13:03.747 [restartedMain] INFO  o.s.c.n.e.c.DiscoveryClientOptionalArgsConfiguration - Eureka HTTP Client uses RestTemplate.
13:13:03.950 [restartedMain] WARN  o.s.c.l.c.LoadBalancerCacheAutoConfiguration$LoadBalancerCaffeineWarnLogger - Spring Cloud LoadBalancer is currently working with the default cache. While this cache implementation is useful for development and tests, it's recommended to use Caffeine cache in production.You can switch to using Caffeine cache, by adding it and org.springframework.cache.caffeine.CaffeineCacheManager to the classpath.
13:13:03.963 [restartedMain] INFO  o.s.c.n.eureka.InstanceInfoFactory - Setting initial instance status as: STARTING
13:13:03.964 [restartedMain] INFO  c.netflix.discovery.DiscoveryClient - Initializing Eureka in region us-east-1
13:13:03.964 [restartedMain] INFO  c.n.d.s.r.aws.ConfigClusterResolver - Resolving eureka endpoints via configuration
13:13:03.966 [restartedMain] INFO  c.netflix.discovery.DiscoveryClient - Disable delta property : false
13:13:03.966 [restartedMain] INFO  c.netflix.discovery.DiscoveryClient - Single vip registry refresh property : null
13:13:03.966 [restartedMain] INFO  c.netflix.discovery.DiscoveryClient - Force full registry fetch : false
13:13:03.966 [restartedMain] INFO  c.netflix.discovery.DiscoveryClient - Application is null : false
13:13:03.966 [restartedMain] INFO  c.netflix.discovery.DiscoveryClient - Registered Applications size is zero : true
13:13:03.966 [restartedMain] INFO  c.netflix.discovery.DiscoveryClient - Application version is -1: true
13:13:03.966 [restartedMain] INFO  c.netflix.discovery.DiscoveryClient - Getting all instance registry info from the eureka server
13:13:03.975 [restartedMain] INFO  c.netflix.discovery.DiscoveryClient - The response status is 200
13:13:03.977 [restartedMain] INFO  c.netflix.discovery.DiscoveryClient - Starting heartbeat executor: renew interval is: 30
13:13:03.978 [restartedMain] INFO  c.n.discovery.InstanceInfoReplicator - InstanceInfoReplicator onDemand update allowed rate per min is 4
13:13:03.979 [restartedMain] INFO  c.netflix.discovery.DiscoveryClient - Discovery Client initialized at timestamp 1694504583978 with initial instances count: 7
13:13:03.980 [restartedMain] INFO  o.s.c.n.e.s.EurekaServiceRegistry - Registering application UMS-DEPARTMENT-SERVICE with eureka with status UP
13:13:03.980 [restartedMain] INFO  c.netflix.discovery.DiscoveryClient - Saw local status change event StatusChangeEvent [timestamp=1694504583980, current=UP, previous=STARTING]
13:13:03.980 [DiscoveryClient-InstanceInfoReplicator-0] INFO  c.netflix.discovery.DiscoveryClient - DiscoveryClient_UMS-DEPARTMENT-SERVICE/IKCON1049:UMS-DEPARTMENT-SERVICE:9001: registering service...
13:13:03.981 [restartedMain] INFO  o.a.coyote.http11.Http11NioProtocol - Starting ProtocolHandler ["http-nio-9001"]
13:13:03.984 [restartedMain] INFO  o.s.b.w.e.tomcat.TomcatWebServer - Tomcat started on port(s): 9001 (http) with context path ''
13:13:03.984 [restartedMain] INFO  o.s.c.n.e.s.EurekaAutoServiceRegistration - Updating port to 9001
13:13:03.989 [DiscoveryClient-InstanceInfoReplicator-0] INFO  c.netflix.discovery.DiscoveryClient - DiscoveryClient_UMS-DEPARTMENT-SERVICE/IKCON1049:UMS-DEPARTMENT-SERVICE:9001 - registration status: 204
13:13:04.166 [restartedMain] INFO  c.i.u.d.UMSDepartmentServiceApplication - Started UMSDepartmentServiceApplication in 2.669 seconds (JVM running for 6553.864)
13:13:04.167 [restartedMain] INFO  o.s.b.d.a.ConditionEvaluationDeltaLoggingListener - Condition evaluation unchanged
