11:45:54.330 [restartedMain] INFO  o.s.b.d.e.DevToolsPropertyDefaultsPostProcessor - Devtools property defaults active! Set 'spring.devtools.add-properties' to 'false' to disable
11:45:54.709 [restartedMain] INFO  o.s.c.c.c.ConfigServicePropertySourceLocator - Fetching config from server at : http://localhost:9296
11:45:55.587 [restartedMain] INFO  o.s.c.c.c.ConfigServicePropertySourceLocator - Located environment: name=UMS-DEPARTMENT-SERVICE, profiles=[default], label=null, version=abc948351d8765c2e5a2691c8f7f75664420de7d, state=null
11:45:55.587 [restartedMain] INFO  o.s.c.b.c.PropertySourceBootstrapConfiguration - Located property source: [BootstrapPropertySource {name='bootstrapProperties-configClient'}, BootstrapPropertySource {name='bootstrapProperties-https://github.com/IKCONDev/ums-config-server/application.yaml'}]
11:45:55.593 [restartedMain] INFO  c.i.u.d.UMSDepartmentServiceApplication - No active profile set, falling back to 1 default profile: "default"
11:45:55.997 [restartedMain] INFO  o.s.d.r.c.RepositoryConfigurationDelegate - Bootstrapping Spring Data JPA repositories in DEFAULT mode.
11:45:56.109 [restartedMain] INFO  o.s.d.r.c.RepositoryConfigurationDelegate - Finished Spring Data repository scanning in 105 ms. Found 1 JPA repository interfaces.
11:45:56.269 [restartedMain] INFO  o.s.cloud.context.scope.GenericScope - BeanFactory id=7fb078dc-1f2b-31f5-8635-768e264658cb
11:45:56.786 [restartedMain] INFO  o.s.b.w.e.tomcat.TomcatWebServer - Tomcat initialized with port(s): 9001 (http)
11:45:56.793 [restartedMain] INFO  o.a.coyote.http11.Http11NioProtocol - Initializing ProtocolHandler ["http-nio-9001"]
11:45:56.794 [restartedMain] INFO  o.a.catalina.core.StandardService - Starting service [Tomcat]
11:45:56.794 [restartedMain] INFO  o.a.catalina.core.StandardEngine - Starting Servlet engine: [Apache Tomcat/9.0.78]
11:45:56.947 [restartedMain] INFO  o.a.c.c.C.[Tomcat].[localhost].[/] - Initializing Spring embedded WebApplicationContext
11:45:56.947 [restartedMain] INFO  o.s.b.w.s.c.ServletWebServerApplicationContext - Root WebApplicationContext: initialization completed in 1343 ms
11:45:56.968 [restartedMain] INFO  com.zaxxer.hikari.HikariDataSource - HikariPool-1 - Starting...
11:45:57.136 [restartedMain] INFO  com.zaxxer.hikari.HikariDataSource - HikariPool-1 - Start completed.
11:45:57.144 [restartedMain] INFO  o.s.b.a.h.H2ConsoleAutoConfiguration - H2 console available at '/h2-console'. Database available at 'jdbc:postgresql://localhost:5432/authentication'
11:45:57.268 [restartedMain] INFO  o.h.jpa.internal.util.LogHelper - HHH000204: Processing PersistenceUnitInfo [name: default]
11:45:57.324 [restartedMain] INFO  org.hibernate.Version - HHH000412: Hibernate ORM core version 5.6.15.Final
11:45:57.546 [restartedMain] INFO  o.h.annotations.common.Version - HCANN000001: Hibernate Commons Annotations {5.1.2.Final}
11:45:57.648 [restartedMain] INFO  org.hibernate.dialect.Dialect - HHH000400: Using dialect: org.hibernate.dialect.PostgreSQLDialect
11:45:58.216 [restartedMain] INFO  o.h.e.t.j.p.i.JtaPlatformInitiator - HHH000490: Using JtaPlatform implementation: [org.hibernate.engine.transaction.jta.platform.internal.NoJtaPlatform]
11:45:58.223 [restartedMain] INFO  o.s.o.j.LocalContainerEntityManagerFactoryBean - Initialized JPA EntityManagerFactory for persistence unit 'default'
11:45:58.464 [restartedMain] WARN  o.s.b.a.o.j.JpaBaseConfiguration$JpaWebConfiguration - spring.jpa.open-in-view is enabled by default. Therefore, database queries may be performed during view rendering. Explicitly configure spring.jpa.open-in-view to disable this warning
11:45:58.707 [restartedMain] WARN  o.s.b.d.a.OptionalLiveReloadServer - Unable to start LiveReload server
11:45:58.818 [restartedMain] INFO  o.s.c.n.e.c.DiscoveryClientOptionalArgsConfiguration - Eureka HTTP Client uses RestTemplate.
11:45:58.957 [restartedMain] WARN  o.s.c.l.c.LoadBalancerCacheAutoConfiguration$LoadBalancerCaffeineWarnLogger - Spring Cloud LoadBalancer is currently working with the default cache. While this cache implementation is useful for development and tests, it's recommended to use Caffeine cache in production.You can switch to using Caffeine cache, by adding it and org.springframework.cache.caffeine.CaffeineCacheManager to the classpath.
11:45:59.000 [restartedMain] INFO  o.s.c.n.eureka.InstanceInfoFactory - Setting initial instance status as: STARTING
11:45:59.031 [restartedMain] INFO  c.netflix.discovery.DiscoveryClient - Initializing Eureka in region us-east-1
11:45:59.034 [restartedMain] INFO  c.n.d.s.r.aws.ConfigClusterResolver - Resolving eureka endpoints via configuration
11:45:59.055 [restartedMain] INFO  c.netflix.discovery.DiscoveryClient - Disable delta property : false
11:45:59.055 [restartedMain] INFO  c.netflix.discovery.DiscoveryClient - Single vip registry refresh property : null
11:45:59.055 [restartedMain] INFO  c.netflix.discovery.DiscoveryClient - Force full registry fetch : false
11:45:59.055 [restartedMain] INFO  c.netflix.discovery.DiscoveryClient - Application is null : false
11:45:59.055 [restartedMain] INFO  c.netflix.discovery.DiscoveryClient - Registered Applications size is zero : true
11:45:59.055 [restartedMain] INFO  c.netflix.discovery.DiscoveryClient - Application version is -1: true
11:45:59.055 [restartedMain] INFO  c.netflix.discovery.DiscoveryClient - Getting all instance registry info from the eureka server
11:45:59.210 [restartedMain] INFO  c.netflix.discovery.DiscoveryClient - The response status is 200
11:45:59.212 [restartedMain] INFO  c.netflix.discovery.DiscoveryClient - Starting heartbeat executor: renew interval is: 30
11:45:59.215 [restartedMain] INFO  c.n.discovery.InstanceInfoReplicator - InstanceInfoReplicator onDemand update allowed rate per min is 4
11:45:59.219 [restartedMain] INFO  c.netflix.discovery.DiscoveryClient - Discovery Client initialized at timestamp 1695968159218 with initial instances count: 6
11:45:59.220 [restartedMain] INFO  o.s.c.n.e.s.EurekaServiceRegistry - Registering application UMS-DEPARTMENT-SERVICE with eureka with status UP
11:45:59.221 [restartedMain] INFO  c.netflix.discovery.DiscoveryClient - Saw local status change event StatusChangeEvent [timestamp=1695968159221, current=UP, previous=STARTING]
11:45:59.222 [DiscoveryClient-InstanceInfoReplicator-0] INFO  c.netflix.discovery.DiscoveryClient - DiscoveryClient_UMS-DEPARTMENT-SERVICE/IKCON1049:UMS-DEPARTMENT-SERVICE:9001: registering service...
11:45:59.223 [restartedMain] INFO  o.a.coyote.http11.Http11NioProtocol - Starting ProtocolHandler ["http-nio-9001"]
11:45:59.246 [restartedMain] INFO  o.s.b.w.e.tomcat.TomcatWebServer - Tomcat started on port(s): 9001 (http) with context path ''
11:45:59.247 [restartedMain] INFO  o.s.c.n.e.s.EurekaAutoServiceRegistration - Updating port to 9001
11:45:59.256 [DiscoveryClient-InstanceInfoReplicator-0] INFO  c.netflix.discovery.DiscoveryClient - DiscoveryClient_UMS-DEPARTMENT-SERVICE/IKCON1049:UMS-DEPARTMENT-SERVICE:9001 - registration status: 204
11:45:59.341 [restartedMain] INFO  c.i.u.d.UMSDepartmentServiceApplication - Started UMSDepartmentServiceApplication in 5.486 seconds (JVM running for 6.202)
11:50:59.070 [AsyncResolver-bootstrap-executor-0] INFO  c.n.d.s.r.aws.ConfigClusterResolver - Resolving eureka endpoints via configuration
11:55:59.081 [AsyncResolver-bootstrap-executor-0] INFO  c.n.d.s.r.aws.ConfigClusterResolver - Resolving eureka endpoints via configuration
12:01:32.439 [HikariPool-1 housekeeper] WARN  com.zaxxer.hikari.pool.HikariPool - HikariPool-1 - Thread starvation or clock leap detected (housekeeper delta=1m5s33ms941µs100ns).
12:01:34.119 [AsyncResolver-bootstrap-executor-0] INFO  c.n.d.s.r.aws.ConfigClusterResolver - Resolving eureka endpoints via configuration
12:05:43.173 [HikariPool-1 housekeeper] WARN  com.zaxxer.hikari.pool.HikariPool - HikariPool-1 - Thread starvation or clock leap detected (housekeeper delta=3m40s723ms284µs200ns).
12:09:44.845 [AsyncResolver-bootstrap-executor-0] INFO  c.n.d.s.r.aws.ConfigClusterResolver - Resolving eureka endpoints via configuration
12:14:44.859 [AsyncResolver-bootstrap-executor-0] INFO  c.n.d.s.r.aws.ConfigClusterResolver - Resolving eureka endpoints via configuration
12:19:44.881 [AsyncResolver-bootstrap-executor-0] INFO  c.n.d.s.r.aws.ConfigClusterResolver - Resolving eureka endpoints via configuration
12:24:44.897 [AsyncResolver-bootstrap-executor-0] INFO  c.n.d.s.r.aws.ConfigClusterResolver - Resolving eureka endpoints via configuration
12:29:44.901 [AsyncResolver-bootstrap-executor-0] INFO  c.n.d.s.r.aws.ConfigClusterResolver - Resolving eureka endpoints via configuration
12:34:44.914 [AsyncResolver-bootstrap-executor-0] INFO  c.n.d.s.r.aws.ConfigClusterResolver - Resolving eureka endpoints via configuration
12:51:02.191 [HikariPool-1 housekeeper] WARN  com.zaxxer.hikari.pool.HikariPool - HikariPool-1 - Thread starvation or clock leap detected (housekeeper delta=15m18s582ms99µs500ns).
12:54:33.489 [AsyncResolver-bootstrap-executor-0] INFO  c.n.d.s.r.aws.ConfigClusterResolver - Resolving eureka endpoints via configuration
12:59:33.490 [AsyncResolver-bootstrap-executor-0] INFO  c.n.d.s.r.aws.ConfigClusterResolver - Resolving eureka endpoints via configuration
13:04:33.504 [AsyncResolver-bootstrap-executor-0] INFO  c.n.d.s.r.aws.ConfigClusterResolver - Resolving eureka endpoints via configuration
13:09:33.532 [AsyncResolver-bootstrap-executor-0] INFO  c.n.d.s.r.aws.ConfigClusterResolver - Resolving eureka endpoints via configuration
13:14:33.545 [AsyncResolver-bootstrap-executor-0] INFO  c.n.d.s.r.aws.ConfigClusterResolver - Resolving eureka endpoints via configuration
13:19:33.547 [AsyncResolver-bootstrap-executor-0] INFO  c.n.d.s.r.aws.ConfigClusterResolver - Resolving eureka endpoints via configuration
13:24:33.552 [AsyncResolver-bootstrap-executor-0] INFO  c.n.d.s.r.aws.ConfigClusterResolver - Resolving eureka endpoints via configuration
13:29:33.566 [AsyncResolver-bootstrap-executor-0] INFO  c.n.d.s.r.aws.ConfigClusterResolver - Resolving eureka endpoints via configuration
13:31:31.864 [http-nio-9001-exec-1] INFO  o.a.c.c.C.[Tomcat].[localhost].[/] - Initializing Spring DispatcherServlet 'dispatcherServlet'
13:31:31.865 [http-nio-9001-exec-1] INFO  o.s.web.servlet.DispatcherServlet - Initializing Servlet 'dispatcherServlet'
13:31:31.985 [http-nio-9001-exec-1] INFO  o.s.web.servlet.DispatcherServlet - Completed initialization in 120 ms
13:31:32.186 [http-nio-9001-exec-1] INFO  c.i.u.d.c.DepartmentController - DepartmentController.findDepartmentById() Entered :: departmentId :: 1
13:31:32.186 [http-nio-9001-exec-1] INFO  c.i.u.d.s.impl.DepartmentServiceImpl - DepartmentService.findDepartmentById() Entered : departmentId : 1
13:31:33.504 [http-nio-9001-exec-2] INFO  c.i.u.d.c.DepartmentController - DepartmentController.findDepartmentById() Entered :: departmentId :: 1
13:31:33.504 [http-nio-9001-exec-2] INFO  c.i.u.d.s.impl.DepartmentServiceImpl - DepartmentService.findDepartmentById() Entered : departmentId : 1
13:31:34.153 [http-nio-9001-exec-3] INFO  c.i.u.d.c.DepartmentController - DepartmentController.findDepartmentById() Entered :: departmentId :: 1
13:31:34.153 [http-nio-9001-exec-3] INFO  c.i.u.d.s.impl.DepartmentServiceImpl - DepartmentService.findDepartmentById() Entered : departmentId : 1
13:31:35.722 [http-nio-9001-exec-4] INFO  c.i.u.d.c.DepartmentController - DepartmentController.findDepartmentById() Entered :: departmentId :: 1
13:31:35.723 [http-nio-9001-exec-4] INFO  c.i.u.d.s.impl.DepartmentServiceImpl - DepartmentService.findDepartmentById() Entered : departmentId : 1
13:31:36.372 [http-nio-9001-exec-5] INFO  c.i.u.d.c.DepartmentController - DepartmentController.findDepartmentById() Entered :: departmentId :: 1
13:31:36.372 [http-nio-9001-exec-5] INFO  c.i.u.d.s.impl.DepartmentServiceImpl - DepartmentService.findDepartmentById() Entered : departmentId : 1
13:34:33.576 [AsyncResolver-bootstrap-executor-0] INFO  c.n.d.s.r.aws.ConfigClusterResolver - Resolving eureka endpoints via configuration
13:39:33.587 [AsyncResolver-bootstrap-executor-0] INFO  c.n.d.s.r.aws.ConfigClusterResolver - Resolving eureka endpoints via configuration
13:44:33.622 [AsyncResolver-bootstrap-executor-0] INFO  c.n.d.s.r.aws.ConfigClusterResolver - Resolving eureka endpoints via configuration
13:46:48.946 [http-nio-9001-exec-7] INFO  c.i.u.d.c.DepartmentController - DepartmentController.findDepartmentById() Entered :: departmentId :: 1
13:46:48.947 [http-nio-9001-exec-7] INFO  c.i.u.d.s.impl.DepartmentServiceImpl - DepartmentService.findDepartmentById() Entered : departmentId : 1
13:49:33.664 [AsyncResolver-bootstrap-executor-0] INFO  c.n.d.s.r.aws.ConfigClusterResolver - Resolving eureka endpoints via configuration
13:54:33.704 [AsyncResolver-bootstrap-executor-0] INFO  c.n.d.s.r.aws.ConfigClusterResolver - Resolving eureka endpoints via configuration
13:59:33.745 [AsyncResolver-bootstrap-executor-0] INFO  c.n.d.s.r.aws.ConfigClusterResolver - Resolving eureka endpoints via configuration
14:04:33.763 [AsyncResolver-bootstrap-executor-0] INFO  c.n.d.s.r.aws.ConfigClusterResolver - Resolving eureka endpoints via configuration
14:09:33.797 [AsyncResolver-bootstrap-executor-0] INFO  c.n.d.s.r.aws.ConfigClusterResolver - Resolving eureka endpoints via configuration
14:10:25.044 [http-nio-9001-exec-9] INFO  c.i.u.d.c.DepartmentController - DepartmentController.findDepartmentById() Entered :: departmentId :: 1
14:10:25.045 [http-nio-9001-exec-9] INFO  c.i.u.d.s.impl.DepartmentServiceImpl - DepartmentService.findDepartmentById() Entered : departmentId : 1
14:10:40.236 [http-nio-9001-exec-10] INFO  c.i.u.d.c.DepartmentController - DepartmentController.findDepartmentById() Entered :: departmentId :: 1
14:10:40.236 [http-nio-9001-exec-10] INFO  c.i.u.d.s.impl.DepartmentServiceImpl - DepartmentService.findDepartmentById() Entered : departmentId : 1
14:14:33.811 [AsyncResolver-bootstrap-executor-0] INFO  c.n.d.s.r.aws.ConfigClusterResolver - Resolving eureka endpoints via configuration
14:19:35.177 [AsyncResolver-bootstrap-executor-0] INFO  c.n.d.s.r.aws.ConfigClusterResolver - Resolving eureka endpoints via configuration
14:24:35.191 [AsyncResolver-bootstrap-executor-0] INFO  c.n.d.s.r.aws.ConfigClusterResolver - Resolving eureka endpoints via configuration
14:29:35.194 [AsyncResolver-bootstrap-executor-0] INFO  c.n.d.s.r.aws.ConfigClusterResolver - Resolving eureka endpoints via configuration
14:34:35.208 [AsyncResolver-bootstrap-executor-0] INFO  c.n.d.s.r.aws.ConfigClusterResolver - Resolving eureka endpoints via configuration
14:39:38.086 [AsyncResolver-bootstrap-executor-0] INFO  c.n.d.s.r.aws.ConfigClusterResolver - Resolving eureka endpoints via configuration
14:48:43.262 [HikariPool-1 housekeeper] WARN  com.zaxxer.hikari.pool.HikariPool - HikariPool-1 - Thread starvation or clock leap detected (housekeeper delta=9m5s144ms999µs800ns).
14:53:10.021 [http-nio-9001-exec-2] INFO  c.i.u.d.c.DepartmentController - DepartmentController.findDepartmentById() Entered :: departmentId :: 1
14:53:10.023 [http-nio-9001-exec-2] INFO  c.i.u.d.s.impl.DepartmentServiceImpl - DepartmentService.findDepartmentById() Entered : departmentId : 1
14:53:12.082 [http-nio-9001-exec-3] INFO  c.i.u.d.c.DepartmentController - DepartmentController.findDepartmentById() Entered :: departmentId :: 1
14:53:12.083 [http-nio-9001-exec-3] INFO  c.i.u.d.s.impl.DepartmentServiceImpl - DepartmentService.findDepartmentById() Entered : departmentId : 1
14:53:15.160 [http-nio-9001-exec-4] INFO  c.i.u.d.c.DepartmentController - DepartmentController.findDepartmentById() Entered :: departmentId :: 1
14:53:15.161 [http-nio-9001-exec-4] INFO  c.i.u.d.s.impl.DepartmentServiceImpl - DepartmentService.findDepartmentById() Entered : departmentId : 1
14:53:16.568 [http-nio-9001-exec-5] INFO  c.i.u.d.c.DepartmentController - DepartmentController.findDepartmentById() Entered :: departmentId :: 1
14:53:16.568 [http-nio-9001-exec-5] INFO  c.i.u.d.s.impl.DepartmentServiceImpl - DepartmentService.findDepartmentById() Entered : departmentId : 1
14:53:21.218 [HikariPool-1 housekeeper] WARN  com.zaxxer.hikari.pool.HikariPool - HikariPool-1 - Thread starvation or clock leap detected (housekeeper delta=4m38s79ms486µs700ns).
14:57:29.961 [AsyncResolver-bootstrap-executor-0] INFO  c.n.d.s.r.aws.ConfigClusterResolver - Resolving eureka endpoints via configuration
15:02:29.997 [AsyncResolver-bootstrap-executor-0] INFO  c.n.d.s.r.aws.ConfigClusterResolver - Resolving eureka endpoints via configuration
15:07:30.041 [AsyncResolver-bootstrap-executor-0] INFO  c.n.d.s.r.aws.ConfigClusterResolver - Resolving eureka endpoints via configuration
15:09:56.299 [http-nio-9001-exec-7] INFO  c.i.u.d.c.DepartmentController - DepartmentController.findDepartmentById() Entered :: departmentId :: 1
15:09:56.318 [http-nio-9001-exec-7] INFO  c.i.u.d.s.impl.DepartmentServiceImpl - DepartmentService.findDepartmentById() Entered : departmentId : 1
15:10:00.611 [http-nio-9001-exec-8] INFO  c.i.u.d.c.DepartmentController - DepartmentController.findDepartmentById() Entered :: departmentId :: 1
15:10:00.612 [http-nio-9001-exec-8] INFO  c.i.u.d.s.impl.DepartmentServiceImpl - DepartmentService.findDepartmentById() Entered : departmentId : 1
15:10:18.913 [http-nio-9001-exec-9] INFO  c.i.u.d.c.DepartmentController - DepartmentController.findDepartmentById() Entered :: departmentId :: 1
15:10:18.913 [http-nio-9001-exec-9] INFO  c.i.u.d.s.impl.DepartmentServiceImpl - DepartmentService.findDepartmentById() Entered : departmentId : 1
15:10:21.292 [http-nio-9001-exec-10] INFO  c.i.u.d.c.DepartmentController - DepartmentController.findDepartmentById() Entered :: departmentId :: 1
15:10:21.292 [http-nio-9001-exec-10] INFO  c.i.u.d.s.impl.DepartmentServiceImpl - DepartmentService.findDepartmentById() Entered : departmentId : 1
15:10:41.364 [http-nio-9001-exec-1] INFO  c.i.u.d.c.DepartmentController - DepartmentController.findDepartmentById() Entered :: departmentId :: 1
15:10:41.364 [http-nio-9001-exec-1] INFO  c.i.u.d.s.impl.DepartmentServiceImpl - DepartmentService.findDepartmentById() Entered : departmentId : 1
15:12:30.076 [AsyncResolver-bootstrap-executor-0] INFO  c.n.d.s.r.aws.ConfigClusterResolver - Resolving eureka endpoints via configuration
15:14:56.694 [http-nio-9001-exec-3] INFO  c.i.u.d.c.DepartmentController - DepartmentController.findDepartmentById() Entered :: departmentId :: 1
15:14:56.696 [http-nio-9001-exec-3] INFO  c.i.u.d.s.impl.DepartmentServiceImpl - DepartmentService.findDepartmentById() Entered : departmentId : 1
15:15:00.644 [http-nio-9001-exec-4] INFO  c.i.u.d.c.DepartmentController - DepartmentController.findDepartmentById() Entered :: departmentId :: 1
15:15:00.646 [http-nio-9001-exec-4] INFO  c.i.u.d.s.impl.DepartmentServiceImpl - DepartmentService.findDepartmentById() Entered : departmentId : 1
15:17:24.347 [http-nio-9001-exec-6] INFO  c.i.u.d.c.DepartmentController - DepartmentController.findDepartmentById() Entered :: departmentId :: 1
15:17:24.348 [http-nio-9001-exec-6] INFO  c.i.u.d.s.impl.DepartmentServiceImpl - DepartmentService.findDepartmentById() Entered : departmentId : 1
15:17:30.106 [AsyncResolver-bootstrap-executor-0] INFO  c.n.d.s.r.aws.ConfigClusterResolver - Resolving eureka endpoints via configuration
15:17:56.113 [http-nio-9001-exec-7] INFO  c.i.u.d.c.DepartmentController - DepartmentController.findDepartmentById() Entered :: departmentId :: 1
15:17:56.114 [http-nio-9001-exec-7] INFO  c.i.u.d.s.impl.DepartmentServiceImpl - DepartmentService.findDepartmentById() Entered : departmentId : 1
15:19:27.039 [http-nio-9001-exec-9] INFO  c.i.u.d.c.DepartmentController - DepartmentController.findDepartmentById() Entered :: departmentId :: 1
15:19:27.039 [http-nio-9001-exec-9] INFO  c.i.u.d.s.impl.DepartmentServiceImpl - DepartmentService.findDepartmentById() Entered : departmentId : 1
15:20:05.243 [http-nio-9001-exec-10] INFO  c.i.u.d.c.DepartmentController - DepartmentController.findDepartmentById() Entered :: departmentId :: 1
15:20:05.243 [http-nio-9001-exec-10] INFO  c.i.u.d.s.impl.DepartmentServiceImpl - DepartmentService.findDepartmentById() Entered : departmentId : 1
15:20:22.756 [http-nio-9001-exec-1] INFO  c.i.u.d.c.DepartmentController - DepartmentController.findDepartmentById() Entered :: departmentId :: 1
15:20:22.756 [http-nio-9001-exec-1] INFO  c.i.u.d.s.impl.DepartmentServiceImpl - DepartmentService.findDepartmentById() Entered : departmentId : 1
15:21:35.219 [http-nio-9001-exec-3] INFO  c.i.u.d.c.DepartmentController - DepartmentController.findDepartmentById() Entered :: departmentId :: 1
15:21:35.220 [http-nio-9001-exec-3] INFO  c.i.u.d.s.impl.DepartmentServiceImpl - DepartmentService.findDepartmentById() Entered : departmentId : 1
15:22:30.136 [AsyncResolver-bootstrap-executor-0] INFO  c.n.d.s.r.aws.ConfigClusterResolver - Resolving eureka endpoints via configuration
15:22:40.736 [http-nio-9001-exec-5] INFO  c.i.u.d.c.DepartmentController - DepartmentController.findDepartmentById() Entered :: departmentId :: 1
15:22:40.736 [http-nio-9001-exec-5] INFO  c.i.u.d.s.impl.DepartmentServiceImpl - DepartmentService.findDepartmentById() Entered : departmentId : 1
15:22:44.979 [http-nio-9001-exec-6] INFO  c.i.u.d.c.DepartmentController - DepartmentController.findDepartmentById() Entered :: departmentId :: 1
15:22:44.980 [http-nio-9001-exec-6] INFO  c.i.u.d.s.impl.DepartmentServiceImpl - DepartmentService.findDepartmentById() Entered : departmentId : 1
15:24:04.300 [http-nio-9001-exec-8] INFO  c.i.u.d.c.DepartmentController - DepartmentController.findDepartmentById() Entered :: departmentId :: 1
15:24:04.301 [http-nio-9001-exec-8] INFO  c.i.u.d.s.impl.DepartmentServiceImpl - DepartmentService.findDepartmentById() Entered : departmentId : 1
15:24:13.456 [http-nio-9001-exec-9] INFO  c.i.u.d.c.DepartmentController - DepartmentController.findDepartmentById() Entered :: departmentId :: 1
15:24:13.457 [http-nio-9001-exec-9] INFO  c.i.u.d.s.impl.DepartmentServiceImpl - DepartmentService.findDepartmentById() Entered : departmentId : 1
15:24:26.467 [http-nio-9001-exec-10] INFO  c.i.u.d.c.DepartmentController - DepartmentController.findDepartmentById() Entered :: departmentId :: 1
15:24:26.468 [http-nio-9001-exec-10] INFO  c.i.u.d.s.impl.DepartmentServiceImpl - DepartmentService.findDepartmentById() Entered : departmentId : 1
15:25:23.876 [http-nio-9001-exec-1] INFO  c.i.u.d.c.DepartmentController - DepartmentController.findDepartmentById() Entered :: departmentId :: 1
15:25:23.876 [http-nio-9001-exec-1] INFO  c.i.u.d.s.impl.DepartmentServiceImpl - DepartmentService.findDepartmentById() Entered : departmentId : 1
15:25:56.754 [http-nio-9001-exec-2] INFO  c.i.u.d.c.DepartmentController - DepartmentController.findDepartmentById() Entered :: departmentId :: 1
15:25:56.755 [http-nio-9001-exec-2] INFO  c.i.u.d.s.impl.DepartmentServiceImpl - DepartmentService.findDepartmentById() Entered : departmentId : 1
15:26:06.127 [http-nio-9001-exec-3] INFO  c.i.u.d.c.DepartmentController - DepartmentController.findDepartmentById() Entered :: departmentId :: 1
15:26:06.127 [http-nio-9001-exec-3] INFO  c.i.u.d.s.impl.DepartmentServiceImpl - DepartmentService.findDepartmentById() Entered : departmentId : 1
15:26:22.444 [http-nio-9001-exec-4] INFO  c.i.u.d.c.DepartmentController - DepartmentController.findDepartmentById() Entered :: departmentId :: 1
15:26:22.445 [http-nio-9001-exec-4] INFO  c.i.u.d.s.impl.DepartmentServiceImpl - DepartmentService.findDepartmentById() Entered : departmentId : 1
15:26:41.780 [http-nio-9001-exec-5] INFO  c.i.u.d.c.DepartmentController - DepartmentController.findDepartmentById() Entered :: departmentId :: 1
15:26:41.781 [http-nio-9001-exec-5] INFO  c.i.u.d.s.impl.DepartmentServiceImpl - DepartmentService.findDepartmentById() Entered : departmentId : 1
15:27:30.157 [AsyncResolver-bootstrap-executor-0] INFO  c.n.d.s.r.aws.ConfigClusterResolver - Resolving eureka endpoints via configuration
15:30:11.624 [http-nio-9001-exec-7] INFO  c.i.u.d.c.DepartmentController - DepartmentController.findDepartmentById() Entered :: departmentId :: 1
15:30:11.624 [http-nio-9001-exec-7] INFO  c.i.u.d.s.impl.DepartmentServiceImpl - DepartmentService.findDepartmentById() Entered : departmentId : 1
15:30:21.616 [http-nio-9001-exec-8] INFO  c.i.u.d.c.DepartmentController - DepartmentController.findDepartmentById() Entered :: departmentId :: 1
15:30:21.617 [http-nio-9001-exec-8] INFO  c.i.u.d.s.impl.DepartmentServiceImpl - DepartmentService.findDepartmentById() Entered : departmentId : 1
15:30:34.084 [http-nio-9001-exec-9] INFO  c.i.u.d.c.DepartmentController - DepartmentController.findDepartmentById() Entered :: departmentId :: 1
15:30:34.084 [http-nio-9001-exec-9] INFO  c.i.u.d.s.impl.DepartmentServiceImpl - DepartmentService.findDepartmentById() Entered : departmentId : 1
15:31:44.027 [http-nio-9001-exec-1] INFO  c.i.u.d.c.DepartmentController - DepartmentController.findDepartmentById() Entered :: departmentId :: 1
15:31:44.029 [http-nio-9001-exec-1] INFO  c.i.u.d.s.impl.DepartmentServiceImpl - DepartmentService.findDepartmentById() Entered : departmentId : 1
15:32:30.167 [AsyncResolver-bootstrap-executor-0] INFO  c.n.d.s.r.aws.ConfigClusterResolver - Resolving eureka endpoints via configuration
15:32:37.813 [http-nio-9001-exec-2] INFO  c.i.u.d.c.DepartmentController - DepartmentController.findDepartmentById() Entered :: departmentId :: 1
15:32:37.814 [http-nio-9001-exec-2] INFO  c.i.u.d.s.impl.DepartmentServiceImpl - DepartmentService.findDepartmentById() Entered : departmentId : 1
15:33:03.810 [http-nio-9001-exec-3] INFO  c.i.u.d.c.DepartmentController - DepartmentController.findDepartmentById() Entered :: departmentId :: 1
15:33:03.810 [http-nio-9001-exec-3] INFO  c.i.u.d.s.impl.DepartmentServiceImpl - DepartmentService.findDepartmentById() Entered : departmentId : 1
15:37:30.176 [AsyncResolver-bootstrap-executor-0] INFO  c.n.d.s.r.aws.ConfigClusterResolver - Resolving eureka endpoints via configuration
15:42:30.193 [AsyncResolver-bootstrap-executor-0] INFO  c.n.d.s.r.aws.ConfigClusterResolver - Resolving eureka endpoints via configuration
16:00:19.379 [HikariPool-1 housekeeper] WARN  com.zaxxer.hikari.pool.HikariPool - HikariPool-1 - Thread starvation or clock leap detected (housekeeper delta=15m57s393ms610µs300ns).
16:02:02.011 [http-nio-9001-exec-5] INFO  c.i.u.d.c.DepartmentController - DepartmentController.findDepartmentById() Entered :: departmentId :: 1
16:02:02.013 [http-nio-9001-exec-5] INFO  c.i.u.d.s.impl.DepartmentServiceImpl - DepartmentService.findDepartmentById() Entered : departmentId : 1
16:02:08.769 [http-nio-9001-exec-6] INFO  c.i.u.d.c.DepartmentController - DepartmentController.findDepartmentById() Entered :: departmentId :: 1
16:02:08.772 [http-nio-9001-exec-6] INFO  c.i.u.d.s.impl.DepartmentServiceImpl - DepartmentService.findDepartmentById() Entered : departmentId : 1
16:02:57.604 [AsyncResolver-bootstrap-executor-0] INFO  c.n.d.s.r.aws.ConfigClusterResolver - Resolving eureka endpoints via configuration
16:03:31.983 [http-nio-9001-exec-8] INFO  c.i.u.d.c.DepartmentController - DepartmentController.findDepartmentById() Entered :: departmentId :: 1
16:03:31.983 [http-nio-9001-exec-8] INFO  c.i.u.d.s.impl.DepartmentServiceImpl - DepartmentService.findDepartmentById() Entered : departmentId : 1
16:07:57.618 [AsyncResolver-bootstrap-executor-0] INFO  c.n.d.s.r.aws.ConfigClusterResolver - Resolving eureka endpoints via configuration
16:11:17.219 [http-nio-9001-exec-10] INFO  c.i.u.d.c.DepartmentController - DepartmentController.findDepartmentById() Entered :: departmentId :: 1
16:11:17.219 [http-nio-9001-exec-10] INFO  c.i.u.d.s.impl.DepartmentServiceImpl - DepartmentService.findDepartmentById() Entered : departmentId : 1
16:11:56.608 [http-nio-9001-exec-1] INFO  c.i.u.d.c.DepartmentController - DepartmentController.findDepartmentById() Entered :: departmentId :: 1
16:11:56.611 [http-nio-9001-exec-1] INFO  c.i.u.d.s.impl.DepartmentServiceImpl - DepartmentService.findDepartmentById() Entered : departmentId : 1
16:12:38.640 [http-nio-9001-exec-2] INFO  c.i.u.d.c.DepartmentController - DepartmentController.findDepartmentById() Entered :: departmentId :: 1
16:12:38.641 [http-nio-9001-exec-2] INFO  c.i.u.d.s.impl.DepartmentServiceImpl - DepartmentService.findDepartmentById() Entered : departmentId : 1
16:12:57.623 [AsyncResolver-bootstrap-executor-0] INFO  c.n.d.s.r.aws.ConfigClusterResolver - Resolving eureka endpoints via configuration
16:13:00.951 [http-nio-9001-exec-3] INFO  c.i.u.d.c.DepartmentController - DepartmentController.findDepartmentById() Entered :: departmentId :: 1
16:13:00.951 [http-nio-9001-exec-3] INFO  c.i.u.d.s.impl.DepartmentServiceImpl - DepartmentService.findDepartmentById() Entered : departmentId : 1
16:13:18.781 [http-nio-9001-exec-4] INFO  c.i.u.d.c.DepartmentController - DepartmentController.findDepartmentById() Entered :: departmentId :: 1
16:13:18.782 [http-nio-9001-exec-4] INFO  c.i.u.d.s.impl.DepartmentServiceImpl - DepartmentService.findDepartmentById() Entered : departmentId : 1
16:13:31.334 [http-nio-9001-exec-5] INFO  c.i.u.d.c.DepartmentController - DepartmentController.findDepartmentById() Entered :: departmentId :: 1
16:13:31.334 [http-nio-9001-exec-5] INFO  c.i.u.d.s.impl.DepartmentServiceImpl - DepartmentService.findDepartmentById() Entered : departmentId : 1
16:15:03.529 [http-nio-9001-exec-7] INFO  c.i.u.d.c.DepartmentController - DepartmentController.findDepartmentById() Entered :: departmentId :: 1
16:15:03.529 [http-nio-9001-exec-7] INFO  c.i.u.d.s.impl.DepartmentServiceImpl - DepartmentService.findDepartmentById() Entered : departmentId : 1
16:17:57.652 [AsyncResolver-bootstrap-executor-0] INFO  c.n.d.s.r.aws.ConfigClusterResolver - Resolving eureka endpoints via configuration
16:22:57.691 [AsyncResolver-bootstrap-executor-0] INFO  c.n.d.s.r.aws.ConfigClusterResolver - Resolving eureka endpoints via configuration
16:27:57.720 [AsyncResolver-bootstrap-executor-0] INFO  c.n.d.s.r.aws.ConfigClusterResolver - Resolving eureka endpoints via configuration
16:32:57.760 [AsyncResolver-bootstrap-executor-0] INFO  c.n.d.s.r.aws.ConfigClusterResolver - Resolving eureka endpoints via configuration
16:37:57.816 [AsyncResolver-bootstrap-executor-0] INFO  c.n.d.s.r.aws.ConfigClusterResolver - Resolving eureka endpoints via configuration
16:42:57.859 [AsyncResolver-bootstrap-executor-0] INFO  c.n.d.s.r.aws.ConfigClusterResolver - Resolving eureka endpoints via configuration
16:47:57.946 [AsyncResolver-bootstrap-executor-0] INFO  c.n.d.s.r.aws.ConfigClusterResolver - Resolving eureka endpoints via configuration
16:52:57.978 [AsyncResolver-bootstrap-executor-0] INFO  c.n.d.s.r.aws.ConfigClusterResolver - Resolving eureka endpoints via configuration
16:57:58.009 [AsyncResolver-bootstrap-executor-0] INFO  c.n.d.s.r.aws.ConfigClusterResolver - Resolving eureka endpoints via configuration
17:02:58.066 [AsyncResolver-bootstrap-executor-0] INFO  c.n.d.s.r.aws.ConfigClusterResolver - Resolving eureka endpoints via configuration
17:07:58.121 [AsyncResolver-bootstrap-executor-0] INFO  c.n.d.s.r.aws.ConfigClusterResolver - Resolving eureka endpoints via configuration
17:12:58.177 [AsyncResolver-bootstrap-executor-0] INFO  c.n.d.s.r.aws.ConfigClusterResolver - Resolving eureka endpoints via configuration
17:17:58.235 [AsyncResolver-bootstrap-executor-0] INFO  c.n.d.s.r.aws.ConfigClusterResolver - Resolving eureka endpoints via configuration
17:22:58.255 [AsyncResolver-bootstrap-executor-0] INFO  c.n.d.s.r.aws.ConfigClusterResolver - Resolving eureka endpoints via configuration
17:27:58.277 [AsyncResolver-bootstrap-executor-0] INFO  c.n.d.s.r.aws.ConfigClusterResolver - Resolving eureka endpoints via configuration
17:32:58.504 [AsyncResolver-bootstrap-executor-0] INFO  c.n.d.s.r.aws.ConfigClusterResolver - Resolving eureka endpoints via configuration
17:37:59.162 [AsyncResolver-bootstrap-executor-0] INFO  c.n.d.s.r.aws.ConfigClusterResolver - Resolving eureka endpoints via configuration
17:42:59.217 [AsyncResolver-bootstrap-executor-0] INFO  c.n.d.s.r.aws.ConfigClusterResolver - Resolving eureka endpoints via configuration
17:47:59.291 [AsyncResolver-bootstrap-executor-0] INFO  c.n.d.s.r.aws.ConfigClusterResolver - Resolving eureka endpoints via configuration
17:52:59.339 [AsyncResolver-bootstrap-executor-0] INFO  c.n.d.s.r.aws.ConfigClusterResolver - Resolving eureka endpoints via configuration
17:54:43.374 [http-nio-9001-exec-9] INFO  c.i.u.d.c.DepartmentController - DepartmentController.findDepartmentById() Entered :: departmentId :: 1
17:54:43.375 [http-nio-9001-exec-9] INFO  c.i.u.d.s.impl.DepartmentServiceImpl - DepartmentService.findDepartmentById() Entered : departmentId : 1
17:54:45.099 [http-nio-9001-exec-10] INFO  c.i.u.d.c.DepartmentController - DepartmentController.findDepartmentById() Entered :: departmentId :: 1
17:54:45.099 [http-nio-9001-exec-10] INFO  c.i.u.d.s.impl.DepartmentServiceImpl - DepartmentService.findDepartmentById() Entered : departmentId : 1
17:54:47.475 [http-nio-9001-exec-1] INFO  c.i.u.d.c.DepartmentController - DepartmentController.findDepartmentById() Entered :: departmentId :: 1
17:54:47.475 [http-nio-9001-exec-1] INFO  c.i.u.d.s.impl.DepartmentServiceImpl - DepartmentService.findDepartmentById() Entered : departmentId : 1
17:54:50.256 [http-nio-9001-exec-2] INFO  c.i.u.d.c.DepartmentController - DepartmentController.findDepartmentById() Entered :: departmentId :: 1
17:54:50.256 [http-nio-9001-exec-2] INFO  c.i.u.d.s.impl.DepartmentServiceImpl - DepartmentService.findDepartmentById() Entered : departmentId : 1
17:55:02.955 [http-nio-9001-exec-3] INFO  c.i.u.d.c.DepartmentController - DepartmentController.findDepartmentById() Entered :: departmentId :: 1
17:55:02.956 [http-nio-9001-exec-3] INFO  c.i.u.d.s.impl.DepartmentServiceImpl - DepartmentService.findDepartmentById() Entered : departmentId : 1
17:57:59.397 [AsyncResolver-bootstrap-executor-0] INFO  c.n.d.s.r.aws.ConfigClusterResolver - Resolving eureka endpoints via configuration
18:02:59.462 [AsyncResolver-bootstrap-executor-0] INFO  c.n.d.s.r.aws.ConfigClusterResolver - Resolving eureka endpoints via configuration
18:07:59.747 [AsyncResolver-bootstrap-executor-0] INFO  c.n.d.s.r.aws.ConfigClusterResolver - Resolving eureka endpoints via configuration
18:22:57.998 [HikariPool-1 housekeeper] WARN  com.zaxxer.hikari.pool.HikariPool - HikariPool-1 - Thread starvation or clock leap detected (housekeeper delta=14m6s442ms158µs100ns).
18:26:36.217 [AsyncResolver-bootstrap-executor-0] INFO  c.n.d.s.r.aws.ConfigClusterResolver - Resolving eureka endpoints via configuration
18:31:36.233 [AsyncResolver-bootstrap-executor-0] INFO  c.n.d.s.r.aws.ConfigClusterResolver - Resolving eureka endpoints via configuration
18:36:36.279 [AsyncResolver-bootstrap-executor-0] INFO  c.n.d.s.r.aws.ConfigClusterResolver - Resolving eureka endpoints via configuration
18:41:36.322 [AsyncResolver-bootstrap-executor-0] INFO  c.n.d.s.r.aws.ConfigClusterResolver - Resolving eureka endpoints via configuration
18:46:36.441 [AsyncResolver-bootstrap-executor-0] INFO  c.n.d.s.r.aws.ConfigClusterResolver - Resolving eureka endpoints via configuration
18:51:36.478 [AsyncResolver-bootstrap-executor-0] INFO  c.n.d.s.r.aws.ConfigClusterResolver - Resolving eureka endpoints via configuration
18:56:36.538 [AsyncResolver-bootstrap-executor-0] INFO  c.n.d.s.r.aws.ConfigClusterResolver - Resolving eureka endpoints via configuration
18:59:37.345 [http-nio-9001-exec-5] INFO  c.i.u.d.c.DepartmentController - DepartmentController.findDepartmentById() Entered :: departmentId :: 1
18:59:37.358 [http-nio-9001-exec-5] INFO  c.i.u.d.s.impl.DepartmentServiceImpl - DepartmentService.findDepartmentById() Entered : departmentId : 1
18:59:38.751 [http-nio-9001-exec-6] INFO  c.i.u.d.c.DepartmentController - DepartmentController.findDepartmentById() Entered :: departmentId :: 1
18:59:38.752 [http-nio-9001-exec-6] INFO  c.i.u.d.s.impl.DepartmentServiceImpl - DepartmentService.findDepartmentById() Entered : departmentId : 1
18:59:39.673 [http-nio-9001-exec-7] INFO  c.i.u.d.c.DepartmentController - DepartmentController.findDepartmentById() Entered :: departmentId :: 1
18:59:39.673 [http-nio-9001-exec-7] INFO  c.i.u.d.s.impl.DepartmentServiceImpl - DepartmentService.findDepartmentById() Entered : departmentId : 1
19:01:36.579 [AsyncResolver-bootstrap-executor-0] INFO  c.n.d.s.r.aws.ConfigClusterResolver - Resolving eureka endpoints via configuration
19:01:56.019 [http-nio-9001-exec-9] INFO  c.i.u.d.c.DepartmentController - DepartmentController.findDepartmentById() Entered :: departmentId :: 1
19:01:56.020 [http-nio-9001-exec-9] INFO  c.i.u.d.s.impl.DepartmentServiceImpl - DepartmentService.findDepartmentById() Entered : departmentId : 1
19:01:56.175 [http-nio-9001-exec-10] INFO  c.i.u.d.c.DepartmentController - DepartmentController.findDepartmentById() Entered :: departmentId :: 1
19:01:56.177 [http-nio-9001-exec-10] INFO  c.i.u.d.s.impl.DepartmentServiceImpl - DepartmentService.findDepartmentById() Entered : departmentId : 1
19:02:51.944 [http-nio-9001-exec-1] INFO  c.i.u.d.c.DepartmentController - DepartmentController.findDepartmentById() Entered :: departmentId :: 1
19:02:51.944 [http-nio-9001-exec-1] INFO  c.i.u.d.s.impl.DepartmentServiceImpl - DepartmentService.findDepartmentById() Entered : departmentId : 1
19:06:36.596 [AsyncResolver-bootstrap-executor-0] INFO  c.n.d.s.r.aws.ConfigClusterResolver - Resolving eureka endpoints via configuration
19:11:36.618 [AsyncResolver-bootstrap-executor-0] INFO  c.n.d.s.r.aws.ConfigClusterResolver - Resolving eureka endpoints via configuration
19:16:36.667 [AsyncResolver-bootstrap-executor-0] INFO  c.n.d.s.r.aws.ConfigClusterResolver - Resolving eureka endpoints via configuration
19:21:36.716 [AsyncResolver-bootstrap-executor-0] INFO  c.n.d.s.r.aws.ConfigClusterResolver - Resolving eureka endpoints via configuration
19:21:45.866 [http-nio-9001-exec-3] INFO  c.i.u.d.c.DepartmentController - DepartmentController.findDepartmentById() Entered :: departmentId :: 1
19:21:45.867 [http-nio-9001-exec-3] INFO  c.i.u.d.s.impl.DepartmentServiceImpl - DepartmentService.findDepartmentById() Entered : departmentId : 1
19:26:36.750 [AsyncResolver-bootstrap-executor-0] INFO  c.n.d.s.r.aws.ConfigClusterResolver - Resolving eureka endpoints via configuration
19:28:44.214 [RMI TCP Connection(411)-127.0.0.1] INFO  o.s.b.a.SpringApplicationAdminMXBeanRegistrar$SpringApplicationAdmin - Application shutdown requested.
19:28:44.214 [RMI TCP Connection(414)-127.0.0.1] INFO  o.s.b.a.SpringApplicationAdminMXBeanRegistrar$SpringApplicationAdmin - Application shutdown requested.
19:28:44.302 [RMI TCP Connection(411)-127.0.0.1] INFO  o.s.c.n.e.s.EurekaServiceRegistry - Unregistering application UMS-DEPARTMENT-SERVICE with eureka with status DOWN
19:28:44.308 [RMI TCP Connection(411)-127.0.0.1] INFO  c.netflix.discovery.DiscoveryClient - Saw local status change event StatusChangeEvent [timestamp=1695995924307, current=DOWN, previous=UP]
19:28:44.314 [DiscoveryClient-InstanceInfoReplicator-0] INFO  c.netflix.discovery.DiscoveryClient - DiscoveryClient_UMS-DEPARTMENT-SERVICE/IKCON1049:UMS-DEPARTMENT-SERVICE:9001: registering service...
19:28:44.455 [DiscoveryClient-InstanceInfoReplicator-0] INFO  c.netflix.discovery.DiscoveryClient - DiscoveryClient_UMS-DEPARTMENT-SERVICE/IKCON1049:UMS-DEPARTMENT-SERVICE:9001 - registration status: 204
19:28:44.554 [RMI TCP Connection(415)-127.0.0.1] INFO  o.s.b.a.SpringApplicationAdminMXBeanRegistrar$SpringApplicationAdmin - Application shutdown requested.
19:28:44.656 [RMI TCP Connection(411)-127.0.0.1] INFO  o.a.coyote.http11.Http11NioProtocol - Pausing ProtocolHandler ["http-nio-9001"]
19:28:44.660 [RMI TCP Connection(411)-127.0.0.1] INFO  o.a.catalina.core.StandardService - Stopping service [Tomcat]
19:28:44.715 [RMI TCP Connection(411)-127.0.0.1] INFO  o.a.c.c.C.[Tomcat].[localhost].[/] - Destroying Spring FrameworkServlet 'dispatcherServlet'
19:28:44.723 [RMI TCP Connection(416)-127.0.0.1] INFO  o.s.b.a.SpringApplicationAdminMXBeanRegistrar$SpringApplicationAdmin - Application shutdown requested.
19:28:44.819 [RMI TCP Connection(411)-127.0.0.1] INFO  o.a.coyote.http11.Http11NioProtocol - Stopping ProtocolHandler ["http-nio-9001"]
19:28:44.883 [RMI TCP Connection(417)-127.0.0.1] INFO  o.s.b.a.SpringApplicationAdminMXBeanRegistrar$SpringApplicationAdmin - Application shutdown requested.
19:28:44.951 [RMI TCP Connection(411)-127.0.0.1] INFO  o.s.o.j.LocalContainerEntityManagerFactoryBean - Closing JPA EntityManagerFactory for persistence unit 'default'
19:28:45.082 [RMI TCP Connection(411)-127.0.0.1] INFO  com.zaxxer.hikari.HikariDataSource - HikariPool-1 - Shutdown initiated...
