12:28:34.179 [HikariPool-1 housekeeper] WARN  com.zaxxer.hikari.pool.HikariPool - HikariPool-1 - Thread starvation or clock leap detected (housekeeper delta=15h19m51s752ms263µs200ns).
12:31:39.601 [http-nio-9001-exec-3] INFO  c.i.u.d.c.DepartmentController - DepartmentController.findDepartmentById() Entered :: departmentId :: 1
12:31:39.629 [http-nio-9001-exec-3] INFO  c.i.u.d.s.impl.DepartmentServiceImpl - DepartmentService.findDepartmentById() Entered : departmentId : 1
12:31:40.025 [http-nio-9001-exec-3] INFO  c.i.u.d.s.impl.DepartmentServiceImpl - DepartmentService.findDepartmentById() Entered : departmentId : 1
12:31:56.638 [http-nio-9001-exec-4] INFO  c.i.u.d.c.DepartmentController - DepartmentController.findDepartmentById() Entered :: departmentId :: 1
12:31:56.638 [http-nio-9001-exec-4] INFO  c.i.u.d.s.impl.DepartmentServiceImpl - DepartmentService.findDepartmentById() Entered : departmentId : 1
12:31:56.643 [http-nio-9001-exec-4] INFO  c.i.u.d.s.impl.DepartmentServiceImpl - DepartmentService.findDepartmentById() Entered : departmentId : 1
12:32:05.196 [AsyncResolver-bootstrap-executor-0] INFO  c.n.d.s.r.aws.ConfigClusterResolver - Resolving eureka endpoints via configuration
12:32:16.860 [http-nio-9001-exec-5] INFO  c.i.u.d.c.DepartmentController - DepartmentController.findDepartmentById() Entered :: departmentId :: 1
12:32:16.860 [http-nio-9001-exec-5] INFO  c.i.u.d.s.impl.DepartmentServiceImpl - DepartmentService.findDepartmentById() Entered : departmentId : 1
12:32:16.864 [http-nio-9001-exec-5] INFO  c.i.u.d.s.impl.DepartmentServiceImpl - DepartmentService.findDepartmentById() Entered : departmentId : 1
12:32:17.035 [http-nio-9001-exec-7] INFO  c.i.u.d.c.DepartmentController - DepartmentController.findDepartmentById() Entered :: departmentId :: 1
12:32:17.036 [http-nio-9001-exec-7] INFO  c.i.u.d.s.impl.DepartmentServiceImpl - DepartmentService.findDepartmentById() Entered : departmentId : 1
12:32:17.041 [http-nio-9001-exec-7] INFO  c.i.u.d.s.impl.DepartmentServiceImpl - DepartmentService.findDepartmentById() Entered : departmentId : 1
12:32:27.742 [http-nio-9001-exec-6] INFO  c.i.u.d.c.DepartmentController - DepartmentController.findDepartmentById() Entered :: departmentId :: 1
12:32:27.742 [http-nio-9001-exec-6] INFO  c.i.u.d.s.impl.DepartmentServiceImpl - DepartmentService.findDepartmentById() Entered : departmentId : 1
12:32:27.746 [http-nio-9001-exec-6] INFO  c.i.u.d.s.impl.DepartmentServiceImpl - DepartmentService.findDepartmentById() Entered : departmentId : 1
12:32:30.720 [http-nio-9001-exec-8] INFO  c.i.u.d.c.DepartmentController - DepartmentController.findDepartmentById() Entered :: departmentId :: 1
12:32:30.721 [http-nio-9001-exec-8] INFO  c.i.u.d.s.impl.DepartmentServiceImpl - DepartmentService.findDepartmentById() Entered : departmentId : 1
12:32:30.723 [http-nio-9001-exec-8] INFO  c.i.u.d.s.impl.DepartmentServiceImpl - DepartmentService.findDepartmentById() Entered : departmentId : 1
12:32:36.738 [http-nio-9001-exec-9] INFO  c.i.u.d.c.DepartmentController - DepartmentController.findDepartmentById() Entered :: departmentId :: 1
12:32:36.738 [http-nio-9001-exec-9] INFO  c.i.u.d.s.impl.DepartmentServiceImpl - DepartmentService.findDepartmentById() Entered : departmentId : 1
12:32:36.740 [http-nio-9001-exec-9] INFO  c.i.u.d.s.impl.DepartmentServiceImpl - DepartmentService.findDepartmentById() Entered : departmentId : 1
12:33:16.732 [http-nio-9001-exec-10] INFO  c.i.u.d.c.DepartmentController - DepartmentController.findDepartmentById() Entered :: departmentId :: 1
12:33:16.732 [http-nio-9001-exec-10] INFO  c.i.u.d.s.impl.DepartmentServiceImpl - DepartmentService.findDepartmentById() Entered : departmentId : 1
12:33:16.736 [http-nio-9001-exec-10] INFO  c.i.u.d.s.impl.DepartmentServiceImpl - DepartmentService.findDepartmentById() Entered : departmentId : 1
12:33:40.916 [http-nio-9001-exec-1] INFO  c.i.u.d.c.DepartmentController - DepartmentController.findDepartmentById() Entered :: departmentId :: 1
12:33:40.916 [http-nio-9001-exec-1] INFO  c.i.u.d.s.impl.DepartmentServiceImpl - DepartmentService.findDepartmentById() Entered : departmentId : 1
12:33:40.920 [http-nio-9001-exec-1] INFO  c.i.u.d.s.impl.DepartmentServiceImpl - DepartmentService.findDepartmentById() Entered : departmentId : 1
12:33:54.632 [http-nio-9001-exec-2] INFO  c.i.u.d.c.DepartmentController - DepartmentController.findDepartmentById() Entered :: departmentId :: 1
12:33:54.632 [http-nio-9001-exec-2] INFO  c.i.u.d.s.impl.DepartmentServiceImpl - DepartmentService.findDepartmentById() Entered : departmentId : 1
12:33:54.634 [http-nio-9001-exec-2] INFO  c.i.u.d.s.impl.DepartmentServiceImpl - DepartmentService.findDepartmentById() Entered : departmentId : 1
12:37:05.209 [AsyncResolver-bootstrap-executor-0] INFO  c.n.d.s.r.aws.ConfigClusterResolver - Resolving eureka endpoints via configuration
12:38:00.105 [http-nio-9001-exec-4] INFO  c.i.u.d.c.DepartmentController - DepartmentController.findDepartmentById() Entered :: departmentId :: 1
12:38:00.111 [http-nio-9001-exec-4] INFO  c.i.u.d.s.impl.DepartmentServiceImpl - DepartmentService.findDepartmentById() Entered : departmentId : 1
12:38:00.178 [http-nio-9001-exec-4] INFO  c.i.u.d.s.impl.DepartmentServiceImpl - DepartmentService.findDepartmentById() Entered : departmentId : 1
12:40:15.847 [http-nio-9001-exec-7] INFO  c.i.u.d.c.DepartmentController - DepartmentController.findDepartmentById() Entered :: departmentId :: 1
12:40:15.862 [http-nio-9001-exec-7] INFO  c.i.u.d.s.impl.DepartmentServiceImpl - DepartmentService.findDepartmentById() Entered : departmentId : 1
12:40:15.930 [http-nio-9001-exec-7] INFO  c.i.u.d.s.impl.DepartmentServiceImpl - DepartmentService.findDepartmentById() Entered : departmentId : 1
12:40:51.140 [http-nio-9001-exec-6] INFO  c.i.u.d.c.DepartmentController - DepartmentController.findDepartmentById() Entered :: departmentId :: 1
12:40:51.140 [http-nio-9001-exec-6] INFO  c.i.u.d.s.impl.DepartmentServiceImpl - DepartmentService.findDepartmentById() Entered : departmentId : 1
12:40:51.142 [http-nio-9001-exec-6] INFO  c.i.u.d.s.impl.DepartmentServiceImpl - DepartmentService.findDepartmentById() Entered : departmentId : 1
12:41:18.779 [http-nio-9001-exec-8] INFO  c.i.u.d.c.DepartmentController - DepartmentController.findDepartmentById() Entered :: departmentId :: 1
12:41:18.779 [http-nio-9001-exec-8] INFO  c.i.u.d.s.impl.DepartmentServiceImpl - DepartmentService.findDepartmentById() Entered : departmentId : 1
12:41:18.783 [http-nio-9001-exec-8] INFO  c.i.u.d.s.impl.DepartmentServiceImpl - DepartmentService.findDepartmentById() Entered : departmentId : 1
12:41:27.003 [http-nio-9001-exec-9] INFO  c.i.u.d.c.DepartmentController - DepartmentController.findDepartmentById() Entered :: departmentId :: 1
12:41:27.003 [http-nio-9001-exec-9] INFO  c.i.u.d.s.impl.DepartmentServiceImpl - DepartmentService.findDepartmentById() Entered : departmentId : 1
12:41:27.005 [http-nio-9001-exec-9] INFO  c.i.u.d.s.impl.DepartmentServiceImpl - DepartmentService.findDepartmentById() Entered : departmentId : 1
12:41:37.685 [http-nio-9001-exec-10] INFO  c.i.u.d.c.DepartmentController - DepartmentController.findDepartmentById() Entered :: departmentId :: 1
12:41:37.686 [http-nio-9001-exec-10] INFO  c.i.u.d.s.impl.DepartmentServiceImpl - DepartmentService.findDepartmentById() Entered : departmentId : 1
12:41:37.687 [http-nio-9001-exec-10] INFO  c.i.u.d.s.impl.DepartmentServiceImpl - DepartmentService.findDepartmentById() Entered : departmentId : 1
12:41:52.827 [http-nio-9001-exec-1] INFO  c.i.u.d.c.DepartmentController - DepartmentController.findDepartmentById() Entered :: departmentId :: 1
12:41:52.827 [http-nio-9001-exec-1] INFO  c.i.u.d.s.impl.DepartmentServiceImpl - DepartmentService.findDepartmentById() Entered : departmentId : 1
12:41:52.829 [http-nio-9001-exec-1] INFO  c.i.u.d.s.impl.DepartmentServiceImpl - DepartmentService.findDepartmentById() Entered : departmentId : 1
12:42:05.244 [AsyncResolver-bootstrap-executor-0] INFO  c.n.d.s.r.aws.ConfigClusterResolver - Resolving eureka endpoints via configuration
12:42:55.603 [http-nio-9001-exec-3] INFO  c.i.u.d.c.DepartmentController - DepartmentController.findDepartmentById() Entered :: departmentId :: 1
12:42:55.605 [http-nio-9001-exec-3] INFO  c.i.u.d.s.impl.DepartmentServiceImpl - DepartmentService.findDepartmentById() Entered : departmentId : 1
12:42:55.608 [http-nio-9001-exec-3] INFO  c.i.u.d.s.impl.DepartmentServiceImpl - DepartmentService.findDepartmentById() Entered : departmentId : 1
12:44:56.664 [http-nio-9001-exec-5] INFO  c.i.u.d.c.DepartmentController - DepartmentController.findDepartmentById() Entered :: departmentId :: 1
12:44:56.677 [http-nio-9001-exec-5] INFO  c.i.u.d.s.impl.DepartmentServiceImpl - DepartmentService.findDepartmentById() Entered : departmentId : 1
12:44:56.746 [http-nio-9001-exec-5] INFO  c.i.u.d.s.impl.DepartmentServiceImpl - DepartmentService.findDepartmentById() Entered : departmentId : 1
12:45:13.198 [http-nio-9001-exec-7] INFO  c.i.u.d.c.DepartmentController - DepartmentController.findDepartmentById() Entered :: departmentId :: 1
12:45:13.198 [http-nio-9001-exec-7] INFO  c.i.u.d.s.impl.DepartmentServiceImpl - DepartmentService.findDepartmentById() Entered : departmentId : 1
12:45:13.203 [http-nio-9001-exec-7] INFO  c.i.u.d.s.impl.DepartmentServiceImpl - DepartmentService.findDepartmentById() Entered : departmentId : 1
12:47:05.266 [AsyncResolver-bootstrap-executor-0] INFO  c.n.d.s.r.aws.ConfigClusterResolver - Resolving eureka endpoints via configuration
12:49:18.084 [http-nio-9001-exec-8] INFO  c.i.u.d.c.DepartmentController - DepartmentController.findDepartmentById() Entered :: departmentId :: 1
12:49:18.088 [http-nio-9001-exec-8] INFO  c.i.u.d.s.impl.DepartmentServiceImpl - DepartmentService.findDepartmentById() Entered : departmentId : 1
12:49:18.199 [http-nio-9001-exec-8] INFO  c.i.u.d.s.impl.DepartmentServiceImpl - DepartmentService.findDepartmentById() Entered : departmentId : 1
12:50:15.864 [http-nio-9001-exec-9] INFO  c.i.u.d.c.DepartmentController - DepartmentController.findDepartmentById() Entered :: departmentId :: 1
12:50:15.864 [http-nio-9001-exec-9] INFO  c.i.u.d.s.impl.DepartmentServiceImpl - DepartmentService.findDepartmentById() Entered : departmentId : 1
12:50:15.867 [http-nio-9001-exec-9] INFO  c.i.u.d.s.impl.DepartmentServiceImpl - DepartmentService.findDepartmentById() Entered : departmentId : 1
12:51:03.133 [http-nio-9001-exec-10] INFO  c.i.u.d.c.DepartmentController - DepartmentController.findDepartmentById() Entered :: departmentId :: 1
12:51:03.133 [http-nio-9001-exec-10] INFO  c.i.u.d.s.impl.DepartmentServiceImpl - DepartmentService.findDepartmentById() Entered : departmentId : 1
12:51:03.135 [http-nio-9001-exec-10] INFO  c.i.u.d.s.impl.DepartmentServiceImpl - DepartmentService.findDepartmentById() Entered : departmentId : 1
12:51:28.814 [http-nio-9001-exec-1] INFO  c.i.u.d.c.DepartmentController - DepartmentController.findDepartmentById() Entered :: departmentId :: 1
12:51:28.816 [http-nio-9001-exec-1] INFO  c.i.u.d.s.impl.DepartmentServiceImpl - DepartmentService.findDepartmentById() Entered : departmentId : 1
12:51:28.819 [http-nio-9001-exec-1] INFO  c.i.u.d.s.impl.DepartmentServiceImpl - DepartmentService.findDepartmentById() Entered : departmentId : 1
12:52:05.290 [AsyncResolver-bootstrap-executor-0] INFO  c.n.d.s.r.aws.ConfigClusterResolver - Resolving eureka endpoints via configuration
12:53:33.114 [http-nio-9001-exec-3] INFO  c.i.u.d.c.DepartmentController - DepartmentController.findDepartmentById() Entered :: departmentId :: 1
12:53:33.115 [http-nio-9001-exec-3] INFO  c.i.u.d.s.impl.DepartmentServiceImpl - DepartmentService.findDepartmentById() Entered : departmentId : 1
12:53:33.118 [http-nio-9001-exec-3] INFO  c.i.u.d.s.impl.DepartmentServiceImpl - DepartmentService.findDepartmentById() Entered : departmentId : 1
12:53:47.259 [http-nio-9001-exec-4] INFO  c.i.u.d.c.DepartmentController - DepartmentController.findDepartmentById() Entered :: departmentId :: 1
12:53:47.259 [http-nio-9001-exec-4] INFO  c.i.u.d.s.impl.DepartmentServiceImpl - DepartmentService.findDepartmentById() Entered : departmentId : 1
12:53:47.261 [http-nio-9001-exec-4] INFO  c.i.u.d.s.impl.DepartmentServiceImpl - DepartmentService.findDepartmentById() Entered : departmentId : 1
12:54:02.625 [http-nio-9001-exec-5] INFO  c.i.u.d.c.DepartmentController - DepartmentController.findDepartmentById() Entered :: departmentId :: 1
12:54:02.625 [http-nio-9001-exec-5] INFO  c.i.u.d.s.impl.DepartmentServiceImpl - DepartmentService.findDepartmentById() Entered : departmentId : 1
12:54:02.627 [http-nio-9001-exec-5] INFO  c.i.u.d.s.impl.DepartmentServiceImpl - DepartmentService.findDepartmentById() Entered : departmentId : 1
12:54:07.159 [http-nio-9001-exec-7] INFO  c.i.u.d.c.DepartmentController - DepartmentController.findDepartmentById() Entered :: departmentId :: 1
12:54:07.159 [http-nio-9001-exec-7] INFO  c.i.u.d.s.impl.DepartmentServiceImpl - DepartmentService.findDepartmentById() Entered : departmentId : 1
12:54:07.164 [http-nio-9001-exec-7] INFO  c.i.u.d.s.impl.DepartmentServiceImpl - DepartmentService.findDepartmentById() Entered : departmentId : 1
12:54:50.475 [http-nio-9001-exec-6] INFO  c.i.u.d.c.DepartmentController - DepartmentController.findDepartmentById() Entered :: departmentId :: 1
12:54:50.475 [http-nio-9001-exec-6] INFO  c.i.u.d.s.impl.DepartmentServiceImpl - DepartmentService.findDepartmentById() Entered : departmentId : 1
12:54:50.479 [http-nio-9001-exec-6] INFO  c.i.u.d.s.impl.DepartmentServiceImpl - DepartmentService.findDepartmentById() Entered : departmentId : 1
12:54:54.965 [http-nio-9001-exec-8] INFO  c.i.u.d.c.DepartmentController - DepartmentController.findDepartmentById() Entered :: departmentId :: 1
12:54:54.965 [http-nio-9001-exec-8] INFO  c.i.u.d.s.impl.DepartmentServiceImpl - DepartmentService.findDepartmentById() Entered : departmentId : 1
12:54:54.972 [http-nio-9001-exec-8] INFO  c.i.u.d.s.impl.DepartmentServiceImpl - DepartmentService.findDepartmentById() Entered : departmentId : 1
12:55:18.635 [http-nio-9001-exec-9] INFO  c.i.u.d.c.DepartmentController - DepartmentController.findDepartmentById() Entered :: departmentId :: 1
12:55:18.636 [http-nio-9001-exec-9] INFO  c.i.u.d.s.impl.DepartmentServiceImpl - DepartmentService.findDepartmentById() Entered : departmentId : 1
12:55:18.642 [http-nio-9001-exec-9] INFO  c.i.u.d.s.impl.DepartmentServiceImpl - DepartmentService.findDepartmentById() Entered : departmentId : 1
12:55:22.046 [http-nio-9001-exec-10] INFO  c.i.u.d.c.DepartmentController - DepartmentController.findDepartmentById() Entered :: departmentId :: 1
12:55:22.047 [http-nio-9001-exec-10] INFO  c.i.u.d.s.impl.DepartmentServiceImpl - DepartmentService.findDepartmentById() Entered : departmentId : 1
12:55:22.049 [http-nio-9001-exec-10] INFO  c.i.u.d.s.impl.DepartmentServiceImpl - DepartmentService.findDepartmentById() Entered : departmentId : 1
12:56:26.415 [http-nio-9001-exec-2] INFO  c.i.u.d.c.DepartmentController - DepartmentController.findDepartmentById() Entered :: departmentId :: 1
12:56:26.415 [http-nio-9001-exec-2] INFO  c.i.u.d.s.impl.DepartmentServiceImpl - DepartmentService.findDepartmentById() Entered : departmentId : 1
12:56:26.425 [http-nio-9001-exec-2] INFO  c.i.u.d.s.impl.DepartmentServiceImpl - DepartmentService.findDepartmentById() Entered : departmentId : 1
12:56:39.415 [http-nio-9001-exec-3] INFO  c.i.u.d.c.DepartmentController - DepartmentController.findDepartmentById() Entered :: departmentId :: 1
12:56:39.415 [http-nio-9001-exec-3] INFO  c.i.u.d.s.impl.DepartmentServiceImpl - DepartmentService.findDepartmentById() Entered : departmentId : 1
12:56:39.420 [http-nio-9001-exec-3] INFO  c.i.u.d.s.impl.DepartmentServiceImpl - DepartmentService.findDepartmentById() Entered : departmentId : 1
12:56:48.389 [http-nio-9001-exec-4] INFO  c.i.u.d.c.DepartmentController - DepartmentController.findDepartmentById() Entered :: departmentId :: 1
12:56:48.389 [http-nio-9001-exec-4] INFO  c.i.u.d.s.impl.DepartmentServiceImpl - DepartmentService.findDepartmentById() Entered : departmentId : 1
12:56:48.391 [http-nio-9001-exec-4] INFO  c.i.u.d.s.impl.DepartmentServiceImpl - DepartmentService.findDepartmentById() Entered : departmentId : 1
12:57:05.304 [AsyncResolver-bootstrap-executor-0] INFO  c.n.d.s.r.aws.ConfigClusterResolver - Resolving eureka endpoints via configuration
12:57:05.626 [http-nio-9001-exec-5] INFO  c.i.u.d.c.DepartmentController - DepartmentController.findDepartmentById() Entered :: departmentId :: 1
12:57:05.626 [http-nio-9001-exec-5] INFO  c.i.u.d.s.impl.DepartmentServiceImpl - DepartmentService.findDepartmentById() Entered : departmentId : 1
12:57:05.632 [http-nio-9001-exec-5] INFO  c.i.u.d.s.impl.DepartmentServiceImpl - DepartmentService.findDepartmentById() Entered : departmentId : 1
12:58:43.293 [http-nio-9001-exec-6] INFO  c.i.u.d.c.DepartmentController - DepartmentController.findDepartmentById() Entered :: departmentId :: 1
12:58:43.294 [http-nio-9001-exec-6] INFO  c.i.u.d.s.impl.DepartmentServiceImpl - DepartmentService.findDepartmentById() Entered : departmentId : 1
12:58:43.331 [http-nio-9001-exec-6] INFO  c.i.u.d.s.impl.DepartmentServiceImpl - DepartmentService.findDepartmentById() Entered : departmentId : 1
12:59:31.538 [http-nio-9001-exec-8] INFO  c.i.u.d.c.DepartmentController - DepartmentController.findDepartmentById() Entered :: departmentId :: 1
12:59:31.545 [http-nio-9001-exec-8] INFO  c.i.u.d.s.impl.DepartmentServiceImpl - DepartmentService.findDepartmentById() Entered : departmentId : 1
12:59:31.642 [http-nio-9001-exec-8] INFO  c.i.u.d.s.impl.DepartmentServiceImpl - DepartmentService.findDepartmentById() Entered : departmentId : 1
13:00:35.041 [http-nio-9001-exec-10] INFO  c.i.u.d.c.DepartmentController - DepartmentController.findDepartmentById() Entered :: departmentId :: 1
13:00:35.041 [http-nio-9001-exec-10] INFO  c.i.u.d.s.impl.DepartmentServiceImpl - DepartmentService.findDepartmentById() Entered : departmentId : 1
13:00:35.043 [http-nio-9001-exec-10] INFO  c.i.u.d.s.impl.DepartmentServiceImpl - DepartmentService.findDepartmentById() Entered : departmentId : 1
13:00:52.196 [http-nio-9001-exec-1] INFO  c.i.u.d.c.DepartmentController - DepartmentController.findDepartmentById() Entered :: departmentId :: 1
13:00:52.197 [http-nio-9001-exec-1] INFO  c.i.u.d.s.impl.DepartmentServiceImpl - DepartmentService.findDepartmentById() Entered : departmentId : 1
13:00:52.204 [http-nio-9001-exec-1] INFO  c.i.u.d.s.impl.DepartmentServiceImpl - DepartmentService.findDepartmentById() Entered : departmentId : 1
13:01:25.289 [http-nio-9001-exec-2] INFO  c.i.u.d.c.DepartmentController - DepartmentController.findDepartmentById() Entered :: departmentId :: 1
13:01:25.289 [http-nio-9001-exec-2] INFO  c.i.u.d.s.impl.DepartmentServiceImpl - DepartmentService.findDepartmentById() Entered : departmentId : 1
13:01:25.296 [http-nio-9001-exec-2] INFO  c.i.u.d.s.impl.DepartmentServiceImpl - DepartmentService.findDepartmentById() Entered : departmentId : 1
13:02:05.333 [AsyncResolver-bootstrap-executor-0] INFO  c.n.d.s.r.aws.ConfigClusterResolver - Resolving eureka endpoints via configuration
13:02:10.391 [http-nio-9001-exec-3] INFO  c.i.u.d.c.DepartmentController - DepartmentController.findDepartmentById() Entered :: departmentId :: 1
13:02:10.391 [http-nio-9001-exec-3] INFO  c.i.u.d.s.impl.DepartmentServiceImpl - DepartmentService.findDepartmentById() Entered : departmentId : 1
13:02:10.396 [http-nio-9001-exec-3] INFO  c.i.u.d.s.impl.DepartmentServiceImpl - DepartmentService.findDepartmentById() Entered : departmentId : 1
13:02:19.108 [http-nio-9001-exec-4] INFO  c.i.u.d.c.DepartmentController - DepartmentController.findDepartmentById() Entered :: departmentId :: 1
13:02:19.109 [http-nio-9001-exec-4] INFO  c.i.u.d.s.impl.DepartmentServiceImpl - DepartmentService.findDepartmentById() Entered : departmentId : 1
13:02:19.111 [http-nio-9001-exec-4] INFO  c.i.u.d.s.impl.DepartmentServiceImpl - DepartmentService.findDepartmentById() Entered : departmentId : 1
13:02:33.373 [http-nio-9001-exec-5] INFO  c.i.u.d.c.DepartmentController - DepartmentController.findDepartmentById() Entered :: departmentId :: 1
13:02:33.374 [http-nio-9001-exec-5] INFO  c.i.u.d.s.impl.DepartmentServiceImpl - DepartmentService.findDepartmentById() Entered : departmentId : 1
13:02:33.376 [http-nio-9001-exec-5] INFO  c.i.u.d.s.impl.DepartmentServiceImpl - DepartmentService.findDepartmentById() Entered : departmentId : 1
13:02:51.873 [http-nio-9001-exec-7] INFO  c.i.u.d.c.DepartmentController - DepartmentController.findDepartmentById() Entered :: departmentId :: 1
13:02:51.874 [http-nio-9001-exec-7] INFO  c.i.u.d.s.impl.DepartmentServiceImpl - DepartmentService.findDepartmentById() Entered : departmentId : 1
13:02:51.876 [http-nio-9001-exec-7] INFO  c.i.u.d.s.impl.DepartmentServiceImpl - DepartmentService.findDepartmentById() Entered : departmentId : 1
13:03:00.889 [http-nio-9001-exec-6] INFO  c.i.u.d.c.DepartmentController - DepartmentController.findDepartmentById() Entered :: departmentId :: 1
13:03:00.889 [http-nio-9001-exec-6] INFO  c.i.u.d.s.impl.DepartmentServiceImpl - DepartmentService.findDepartmentById() Entered : departmentId : 1
13:03:00.892 [http-nio-9001-exec-6] INFO  c.i.u.d.s.impl.DepartmentServiceImpl - DepartmentService.findDepartmentById() Entered : departmentId : 1
13:04:22.614 [http-nio-9001-exec-9] INFO  c.i.u.d.c.DepartmentController - DepartmentController.findDepartmentById() Entered :: departmentId :: 1
13:04:22.615 [http-nio-9001-exec-9] INFO  c.i.u.d.s.impl.DepartmentServiceImpl - DepartmentService.findDepartmentById() Entered : departmentId : 1
13:04:22.631 [http-nio-9001-exec-9] INFO  c.i.u.d.s.impl.DepartmentServiceImpl - DepartmentService.findDepartmentById() Entered : departmentId : 1
13:06:58.929 [http-nio-9001-exec-1] INFO  c.i.u.d.c.DepartmentController - DepartmentController.findDepartmentById() Entered :: departmentId :: 1
13:06:58.937 [http-nio-9001-exec-1] INFO  c.i.u.d.s.impl.DepartmentServiceImpl - DepartmentService.findDepartmentById() Entered : departmentId : 1
13:06:59.023 [http-nio-9001-exec-1] INFO  c.i.u.d.s.impl.DepartmentServiceImpl - DepartmentService.findDepartmentById() Entered : departmentId : 1
13:07:05.362 [AsyncResolver-bootstrap-executor-0] INFO  c.n.d.s.r.aws.ConfigClusterResolver - Resolving eureka endpoints via configuration
13:07:27.682 [http-nio-9001-exec-2] INFO  c.i.u.d.c.DepartmentController - DepartmentController.findDepartmentById() Entered :: departmentId :: 1
13:07:27.682 [http-nio-9001-exec-2] INFO  c.i.u.d.s.impl.DepartmentServiceImpl - DepartmentService.findDepartmentById() Entered : departmentId : 1
13:07:27.685 [http-nio-9001-exec-2] INFO  c.i.u.d.s.impl.DepartmentServiceImpl - DepartmentService.findDepartmentById() Entered : departmentId : 1
13:07:52.691 [http-nio-9001-exec-3] INFO  c.i.u.d.c.DepartmentController - DepartmentController.findDepartmentById() Entered :: departmentId :: 1
13:07:52.692 [http-nio-9001-exec-3] INFO  c.i.u.d.s.impl.DepartmentServiceImpl - DepartmentService.findDepartmentById() Entered : departmentId : 1
13:07:52.696 [http-nio-9001-exec-3] INFO  c.i.u.d.s.impl.DepartmentServiceImpl - DepartmentService.findDepartmentById() Entered : departmentId : 1
13:08:06.754 [http-nio-9001-exec-4] INFO  c.i.u.d.c.DepartmentController - DepartmentController.findDepartmentById() Entered :: departmentId :: 1
13:08:06.754 [http-nio-9001-exec-4] INFO  c.i.u.d.s.impl.DepartmentServiceImpl - DepartmentService.findDepartmentById() Entered : departmentId : 1
13:08:06.758 [http-nio-9001-exec-4] INFO  c.i.u.d.s.impl.DepartmentServiceImpl - DepartmentService.findDepartmentById() Entered : departmentId : 1
13:08:18.686 [http-nio-9001-exec-5] INFO  c.i.u.d.c.DepartmentController - DepartmentController.findDepartmentById() Entered :: departmentId :: 1
13:08:18.687 [http-nio-9001-exec-5] INFO  c.i.u.d.s.impl.DepartmentServiceImpl - DepartmentService.findDepartmentById() Entered : departmentId : 1
13:08:18.689 [http-nio-9001-exec-5] INFO  c.i.u.d.s.impl.DepartmentServiceImpl - DepartmentService.findDepartmentById() Entered : departmentId : 1
13:08:25.682 [http-nio-9001-exec-7] INFO  c.i.u.d.c.DepartmentController - DepartmentController.findDepartmentById() Entered :: departmentId :: 1
13:08:25.682 [http-nio-9001-exec-7] INFO  c.i.u.d.s.impl.DepartmentServiceImpl - DepartmentService.findDepartmentById() Entered : departmentId : 1
13:08:25.685 [http-nio-9001-exec-7] INFO  c.i.u.d.s.impl.DepartmentServiceImpl - DepartmentService.findDepartmentById() Entered : departmentId : 1
13:09:35.944 [http-nio-9001-exec-8] INFO  c.i.u.d.c.DepartmentController - DepartmentController.findDepartmentById() Entered :: departmentId :: 1
13:09:35.953 [http-nio-9001-exec-8] INFO  c.i.u.d.s.impl.DepartmentServiceImpl - DepartmentService.findDepartmentById() Entered : departmentId : 1
13:09:36.039 [http-nio-9001-exec-8] INFO  c.i.u.d.s.impl.DepartmentServiceImpl - DepartmentService.findDepartmentById() Entered : departmentId : 1
13:11:01.997 [http-nio-9001-exec-10] INFO  c.i.u.d.c.DepartmentController - DepartmentController.findDepartmentById() Entered :: departmentId :: 1
13:11:01.997 [http-nio-9001-exec-10] INFO  c.i.u.d.s.impl.DepartmentServiceImpl - DepartmentService.findDepartmentById() Entered : departmentId : 1
13:11:01.999 [http-nio-9001-exec-10] INFO  c.i.u.d.s.impl.DepartmentServiceImpl - DepartmentService.findDepartmentById() Entered : departmentId : 1
13:11:26.485 [http-nio-9001-exec-1] INFO  c.i.u.d.c.DepartmentController - DepartmentController.findDepartmentById() Entered :: departmentId :: 1
13:11:26.485 [http-nio-9001-exec-1] INFO  c.i.u.d.s.impl.DepartmentServiceImpl - DepartmentService.findDepartmentById() Entered : departmentId : 1
13:11:26.490 [http-nio-9001-exec-1] INFO  c.i.u.d.s.impl.DepartmentServiceImpl - DepartmentService.findDepartmentById() Entered : departmentId : 1
13:11:46.846 [http-nio-9001-exec-2] INFO  c.i.u.d.c.DepartmentController - DepartmentController.findDepartmentById() Entered :: departmentId :: 1
13:11:46.847 [http-nio-9001-exec-2] INFO  c.i.u.d.s.impl.DepartmentServiceImpl - DepartmentService.findDepartmentById() Entered : departmentId : 1
13:11:46.850 [http-nio-9001-exec-2] INFO  c.i.u.d.s.impl.DepartmentServiceImpl - DepartmentService.findDepartmentById() Entered : departmentId : 1
13:12:05.376 [AsyncResolver-bootstrap-executor-0] INFO  c.n.d.s.r.aws.ConfigClusterResolver - Resolving eureka endpoints via configuration
13:13:21.992 [http-nio-9001-exec-4] INFO  c.i.u.d.c.DepartmentController - DepartmentController.findDepartmentById() Entered :: departmentId :: 1
13:13:21.994 [http-nio-9001-exec-4] INFO  c.i.u.d.s.impl.DepartmentServiceImpl - DepartmentService.findDepartmentById() Entered : departmentId : 1
13:13:22.051 [http-nio-9001-exec-4] INFO  c.i.u.d.s.impl.DepartmentServiceImpl - DepartmentService.findDepartmentById() Entered : departmentId : 1
13:16:30.951 [http-nio-9001-exec-7] INFO  c.i.u.d.c.DepartmentController - DepartmentController.findDepartmentById() Entered :: departmentId :: 1
13:16:30.961 [http-nio-9001-exec-7] INFO  c.i.u.d.s.impl.DepartmentServiceImpl - DepartmentService.findDepartmentById() Entered : departmentId : 1
13:16:31.064 [http-nio-9001-exec-7] INFO  c.i.u.d.s.impl.DepartmentServiceImpl - DepartmentService.findDepartmentById() Entered : departmentId : 1
13:16:31.469 [http-nio-9001-exec-6] INFO  c.i.u.d.c.DepartmentController - DepartmentController.findDepartmentById() Entered :: departmentId :: 1
13:16:31.469 [http-nio-9001-exec-6] INFO  c.i.u.d.s.impl.DepartmentServiceImpl - DepartmentService.findDepartmentById() Entered : departmentId : 1
13:16:31.470 [http-nio-9001-exec-6] INFO  c.i.u.d.s.impl.DepartmentServiceImpl - DepartmentService.findDepartmentById() Entered : departmentId : 1
13:16:35.275 [http-nio-9001-exec-8] INFO  c.i.u.d.c.DepartmentController - DepartmentController.findDepartmentById() Entered :: departmentId :: 1
13:16:35.275 [http-nio-9001-exec-8] INFO  c.i.u.d.s.impl.DepartmentServiceImpl - DepartmentService.findDepartmentById() Entered : departmentId : 1
13:16:35.277 [http-nio-9001-exec-8] INFO  c.i.u.d.s.impl.DepartmentServiceImpl - DepartmentService.findDepartmentById() Entered : departmentId : 1
13:16:37.054 [http-nio-9001-exec-9] INFO  c.i.u.d.c.DepartmentController - DepartmentController.findDepartmentById() Entered :: departmentId :: 1
13:16:37.054 [http-nio-9001-exec-9] INFO  c.i.u.d.s.impl.DepartmentServiceImpl - DepartmentService.findDepartmentById() Entered : departmentId : 1
13:16:37.056 [http-nio-9001-exec-9] INFO  c.i.u.d.s.impl.DepartmentServiceImpl - DepartmentService.findDepartmentById() Entered : departmentId : 1
13:17:05.404 [AsyncResolver-bootstrap-executor-0] INFO  c.n.d.s.r.aws.ConfigClusterResolver - Resolving eureka endpoints via configuration
13:17:10.430 [http-nio-9001-exec-10] INFO  c.i.u.d.c.DepartmentController - DepartmentController.findDepartmentById() Entered :: departmentId :: 1
13:17:10.433 [http-nio-9001-exec-10] INFO  c.i.u.d.s.impl.DepartmentServiceImpl - DepartmentService.findDepartmentById() Entered : departmentId : 1
13:17:10.435 [http-nio-9001-exec-10] INFO  c.i.u.d.s.impl.DepartmentServiceImpl - DepartmentService.findDepartmentById() Entered : departmentId : 1
13:17:30.340 [http-nio-9001-exec-1] INFO  c.i.u.d.c.DepartmentController - DepartmentController.findDepartmentById() Entered :: departmentId :: 1
13:17:30.340 [http-nio-9001-exec-1] INFO  c.i.u.d.s.impl.DepartmentServiceImpl - DepartmentService.findDepartmentById() Entered : departmentId : 1
13:17:30.342 [http-nio-9001-exec-1] INFO  c.i.u.d.s.impl.DepartmentServiceImpl - DepartmentService.findDepartmentById() Entered : departmentId : 1
13:17:48.294 [http-nio-9001-exec-2] INFO  c.i.u.d.c.DepartmentController - DepartmentController.findDepartmentById() Entered :: departmentId :: 1
13:17:48.294 [http-nio-9001-exec-2] INFO  c.i.u.d.s.impl.DepartmentServiceImpl - DepartmentService.findDepartmentById() Entered : departmentId : 1
13:17:48.306 [http-nio-9001-exec-2] INFO  c.i.u.d.s.impl.DepartmentServiceImpl - DepartmentService.findDepartmentById() Entered : departmentId : 1
13:18:04.282 [http-nio-9001-exec-3] INFO  c.i.u.d.c.DepartmentController - DepartmentController.findDepartmentById() Entered :: departmentId :: 1
13:18:04.283 [http-nio-9001-exec-3] INFO  c.i.u.d.s.impl.DepartmentServiceImpl - DepartmentService.findDepartmentById() Entered : departmentId : 1
13:18:04.285 [http-nio-9001-exec-3] INFO  c.i.u.d.s.impl.DepartmentServiceImpl - DepartmentService.findDepartmentById() Entered : departmentId : 1
13:18:14.266 [http-nio-9001-exec-4] INFO  c.i.u.d.c.DepartmentController - DepartmentController.findDepartmentById() Entered :: departmentId :: 1
13:18:14.266 [http-nio-9001-exec-4] INFO  c.i.u.d.s.impl.DepartmentServiceImpl - DepartmentService.findDepartmentById() Entered : departmentId : 1
13:18:14.267 [http-nio-9001-exec-4] INFO  c.i.u.d.s.impl.DepartmentServiceImpl - DepartmentService.findDepartmentById() Entered : departmentId : 1
13:18:59.557 [http-nio-9001-exec-5] INFO  c.i.u.d.c.DepartmentController - DepartmentController.findDepartmentById() Entered :: departmentId :: 1
13:18:59.557 [http-nio-9001-exec-5] INFO  c.i.u.d.s.impl.DepartmentServiceImpl - DepartmentService.findDepartmentById() Entered : departmentId : 1
13:18:59.560 [http-nio-9001-exec-5] INFO  c.i.u.d.s.impl.DepartmentServiceImpl - DepartmentService.findDepartmentById() Entered : departmentId : 1
13:19:12.562 [http-nio-9001-exec-7] INFO  c.i.u.d.c.DepartmentController - DepartmentController.findDepartmentById() Entered :: departmentId :: 1
13:19:12.563 [http-nio-9001-exec-7] INFO  c.i.u.d.s.impl.DepartmentServiceImpl - DepartmentService.findDepartmentById() Entered : departmentId : 1
13:19:12.566 [http-nio-9001-exec-7] INFO  c.i.u.d.s.impl.DepartmentServiceImpl - DepartmentService.findDepartmentById() Entered : departmentId : 1
13:22:05.424 [AsyncResolver-bootstrap-executor-0] INFO  c.n.d.s.r.aws.ConfigClusterResolver - Resolving eureka endpoints via configuration
13:27:05.458 [AsyncResolver-bootstrap-executor-0] INFO  c.n.d.s.r.aws.ConfigClusterResolver - Resolving eureka endpoints via configuration
13:30:04.438 [http-nio-9001-exec-8] INFO  c.i.u.d.c.DepartmentController - DepartmentController.findDepartmentById() Entered :: departmentId :: 1
13:30:04.448 [http-nio-9001-exec-8] INFO  c.i.u.d.s.impl.DepartmentServiceImpl - DepartmentService.findDepartmentById() Entered : departmentId : 1
13:30:04.553 [http-nio-9001-exec-8] INFO  c.i.u.d.s.impl.DepartmentServiceImpl - DepartmentService.findDepartmentById() Entered : departmentId : 1
13:31:02.794 [http-nio-9001-exec-9] INFO  c.i.u.d.c.DepartmentController - DepartmentController.findDepartmentById() Entered :: departmentId :: 1
13:31:02.795 [http-nio-9001-exec-9] INFO  c.i.u.d.s.impl.DepartmentServiceImpl - DepartmentService.findDepartmentById() Entered : departmentId : 1
13:31:02.799 [http-nio-9001-exec-9] INFO  c.i.u.d.s.impl.DepartmentServiceImpl - DepartmentService.findDepartmentById() Entered : departmentId : 1
13:31:17.332 [http-nio-9001-exec-10] INFO  c.i.u.d.c.DepartmentController - DepartmentController.findDepartmentById() Entered :: departmentId :: 1
13:31:17.332 [http-nio-9001-exec-10] INFO  c.i.u.d.s.impl.DepartmentServiceImpl - DepartmentService.findDepartmentById() Entered : departmentId : 1
13:31:17.336 [http-nio-9001-exec-10] INFO  c.i.u.d.s.impl.DepartmentServiceImpl - DepartmentService.findDepartmentById() Entered : departmentId : 1
13:31:34.970 [http-nio-9001-exec-1] INFO  c.i.u.d.c.DepartmentController - DepartmentController.findDepartmentById() Entered :: departmentId :: 1
13:31:34.970 [http-nio-9001-exec-1] INFO  c.i.u.d.s.impl.DepartmentServiceImpl - DepartmentService.findDepartmentById() Entered : departmentId : 1
13:31:34.973 [http-nio-9001-exec-1] INFO  c.i.u.d.s.impl.DepartmentServiceImpl - DepartmentService.findDepartmentById() Entered : departmentId : 1
13:32:05.495 [AsyncResolver-bootstrap-executor-0] INFO  c.n.d.s.r.aws.ConfigClusterResolver - Resolving eureka endpoints via configuration
13:32:06.006 [http-nio-9001-exec-2] INFO  c.i.u.d.c.DepartmentController - DepartmentController.findDepartmentById() Entered :: departmentId :: 1
13:32:06.006 [http-nio-9001-exec-2] INFO  c.i.u.d.s.impl.DepartmentServiceImpl - DepartmentService.findDepartmentById() Entered : departmentId : 1
13:32:06.008 [http-nio-9001-exec-2] INFO  c.i.u.d.s.impl.DepartmentServiceImpl - DepartmentService.findDepartmentById() Entered : departmentId : 1
13:32:15.773 [http-nio-9001-exec-3] INFO  c.i.u.d.c.DepartmentController - DepartmentController.findDepartmentById() Entered :: departmentId :: 1
13:32:15.773 [http-nio-9001-exec-3] INFO  c.i.u.d.s.impl.DepartmentServiceImpl - DepartmentService.findDepartmentById() Entered : departmentId : 1
13:32:15.775 [http-nio-9001-exec-3] INFO  c.i.u.d.s.impl.DepartmentServiceImpl - DepartmentService.findDepartmentById() Entered : departmentId : 1
13:32:19.297 [http-nio-9001-exec-4] INFO  c.i.u.d.c.DepartmentController - DepartmentController.findDepartmentById() Entered :: departmentId :: 1
13:32:19.297 [http-nio-9001-exec-4] INFO  c.i.u.d.s.impl.DepartmentServiceImpl - DepartmentService.findDepartmentById() Entered : departmentId : 1
13:32:19.299 [http-nio-9001-exec-4] INFO  c.i.u.d.s.impl.DepartmentServiceImpl - DepartmentService.findDepartmentById() Entered : departmentId : 1
13:32:25.194 [http-nio-9001-exec-5] INFO  c.i.u.d.c.DepartmentController - DepartmentController.findDepartmentById() Entered :: departmentId :: 1
13:32:25.195 [http-nio-9001-exec-5] INFO  c.i.u.d.s.impl.DepartmentServiceImpl - DepartmentService.findDepartmentById() Entered : departmentId : 1
13:32:25.196 [http-nio-9001-exec-5] INFO  c.i.u.d.s.impl.DepartmentServiceImpl - DepartmentService.findDepartmentById() Entered : departmentId : 1
13:32:30.269 [http-nio-9001-exec-7] INFO  c.i.u.d.c.DepartmentController - DepartmentController.findDepartmentById() Entered :: departmentId :: 1
13:32:30.270 [http-nio-9001-exec-7] INFO  c.i.u.d.s.impl.DepartmentServiceImpl - DepartmentService.findDepartmentById() Entered : departmentId : 1
13:32:30.273 [http-nio-9001-exec-7] INFO  c.i.u.d.s.impl.DepartmentServiceImpl - DepartmentService.findDepartmentById() Entered : departmentId : 1
13:32:40.074 [http-nio-9001-exec-6] INFO  c.i.u.d.c.DepartmentController - DepartmentController.findDepartmentById() Entered :: departmentId :: 1
13:32:40.074 [http-nio-9001-exec-6] INFO  c.i.u.d.s.impl.DepartmentServiceImpl - DepartmentService.findDepartmentById() Entered : departmentId : 1
13:32:40.075 [http-nio-9001-exec-6] INFO  c.i.u.d.s.impl.DepartmentServiceImpl - DepartmentService.findDepartmentById() Entered : departmentId : 1
13:32:53.290 [http-nio-9001-exec-8] INFO  c.i.u.d.c.DepartmentController - DepartmentController.findDepartmentById() Entered :: departmentId :: 1
13:32:53.290 [http-nio-9001-exec-8] INFO  c.i.u.d.s.impl.DepartmentServiceImpl - DepartmentService.findDepartmentById() Entered : departmentId : 1
13:32:53.293 [http-nio-9001-exec-8] INFO  c.i.u.d.s.impl.DepartmentServiceImpl - DepartmentService.findDepartmentById() Entered : departmentId : 1
13:33:02.854 [http-nio-9001-exec-9] INFO  c.i.u.d.c.DepartmentController - DepartmentController.findDepartmentById() Entered :: departmentId :: 1
13:33:02.854 [http-nio-9001-exec-9] INFO  c.i.u.d.s.impl.DepartmentServiceImpl - DepartmentService.findDepartmentById() Entered : departmentId : 1
13:33:02.856 [http-nio-9001-exec-9] INFO  c.i.u.d.s.impl.DepartmentServiceImpl - DepartmentService.findDepartmentById() Entered : departmentId : 1
13:33:08.282 [http-nio-9001-exec-10] INFO  c.i.u.d.c.DepartmentController - DepartmentController.findDepartmentById() Entered :: departmentId :: 1
13:33:08.282 [http-nio-9001-exec-10] INFO  c.i.u.d.s.impl.DepartmentServiceImpl - DepartmentService.findDepartmentById() Entered : departmentId : 1
13:33:08.287 [http-nio-9001-exec-10] INFO  c.i.u.d.s.impl.DepartmentServiceImpl - DepartmentService.findDepartmentById() Entered : departmentId : 1
13:36:22.371 [http-nio-9001-exec-2] INFO  c.i.u.d.c.DepartmentController - DepartmentController.findDepartmentById() Entered :: departmentId :: 1
13:36:22.388 [http-nio-9001-exec-2] INFO  c.i.u.d.s.impl.DepartmentServiceImpl - DepartmentService.findDepartmentById() Entered : departmentId : 1
13:36:22.658 [http-nio-9001-exec-2] INFO  c.i.u.d.s.impl.DepartmentServiceImpl - DepartmentService.findDepartmentById() Entered : departmentId : 1
13:36:22.802 [http-nio-9001-exec-3] INFO  c.i.u.d.c.DepartmentController - DepartmentController.findDepartmentById() Entered :: departmentId :: 1
13:36:22.802 [http-nio-9001-exec-3] INFO  c.i.u.d.s.impl.DepartmentServiceImpl - DepartmentService.findDepartmentById() Entered : departmentId : 1
13:36:22.804 [http-nio-9001-exec-3] INFO  c.i.u.d.s.impl.DepartmentServiceImpl - DepartmentService.findDepartmentById() Entered : departmentId : 1
13:36:33.507 [http-nio-9001-exec-4] INFO  c.i.u.d.c.DepartmentController - DepartmentController.findDepartmentById() Entered :: departmentId :: 1
13:36:33.507 [http-nio-9001-exec-4] INFO  c.i.u.d.s.impl.DepartmentServiceImpl - DepartmentService.findDepartmentById() Entered : departmentId : 1
13:36:33.508 [http-nio-9001-exec-4] INFO  c.i.u.d.s.impl.DepartmentServiceImpl - DepartmentService.findDepartmentById() Entered : departmentId : 1
13:36:38.280 [http-nio-9001-exec-5] INFO  c.i.u.d.c.DepartmentController - DepartmentController.findDepartmentById() Entered :: departmentId :: 1
13:36:38.280 [http-nio-9001-exec-5] INFO  c.i.u.d.s.impl.DepartmentServiceImpl - DepartmentService.findDepartmentById() Entered : departmentId : 1
13:36:38.282 [http-nio-9001-exec-5] INFO  c.i.u.d.s.impl.DepartmentServiceImpl - DepartmentService.findDepartmentById() Entered : departmentId : 1
13:36:55.258 [http-nio-9001-exec-7] INFO  c.i.u.d.c.DepartmentController - DepartmentController.findDepartmentById() Entered :: departmentId :: 1
13:36:55.258 [http-nio-9001-exec-7] INFO  c.i.u.d.s.impl.DepartmentServiceImpl - DepartmentService.findDepartmentById() Entered : departmentId : 1
13:36:55.260 [http-nio-9001-exec-7] INFO  c.i.u.d.s.impl.DepartmentServiceImpl - DepartmentService.findDepartmentById() Entered : departmentId : 1
13:37:05.517 [AsyncResolver-bootstrap-executor-0] INFO  c.n.d.s.r.aws.ConfigClusterResolver - Resolving eureka endpoints via configuration
13:37:28.937 [http-nio-9001-exec-8] INFO  c.i.u.d.c.DepartmentController - DepartmentController.findDepartmentById() Entered :: departmentId :: 1
13:37:28.938 [http-nio-9001-exec-8] INFO  c.i.u.d.s.impl.DepartmentServiceImpl - DepartmentService.findDepartmentById() Entered : departmentId : 1
13:37:28.940 [http-nio-9001-exec-8] INFO  c.i.u.d.s.impl.DepartmentServiceImpl - DepartmentService.findDepartmentById() Entered : departmentId : 1
13:37:42.140 [http-nio-9001-exec-9] INFO  c.i.u.d.c.DepartmentController - DepartmentController.findDepartmentById() Entered :: departmentId :: 1
13:37:42.140 [http-nio-9001-exec-9] INFO  c.i.u.d.s.impl.DepartmentServiceImpl - DepartmentService.findDepartmentById() Entered : departmentId : 1
13:37:42.142 [http-nio-9001-exec-9] INFO  c.i.u.d.s.impl.DepartmentServiceImpl - DepartmentService.findDepartmentById() Entered : departmentId : 1
13:38:01.133 [http-nio-9001-exec-10] INFO  c.i.u.d.c.DepartmentController - DepartmentController.findDepartmentById() Entered :: departmentId :: 1
13:38:01.134 [http-nio-9001-exec-10] INFO  c.i.u.d.s.impl.DepartmentServiceImpl - DepartmentService.findDepartmentById() Entered : departmentId : 1
13:38:01.136 [http-nio-9001-exec-10] INFO  c.i.u.d.s.impl.DepartmentServiceImpl - DepartmentService.findDepartmentById() Entered : departmentId : 1
13:38:59.428 [http-nio-9001-exec-1] INFO  c.i.u.d.c.DepartmentController - DepartmentController.findDepartmentById() Entered :: departmentId :: 1
13:38:59.428 [http-nio-9001-exec-1] INFO  c.i.u.d.s.impl.DepartmentServiceImpl - DepartmentService.findDepartmentById() Entered : departmentId : 1
13:38:59.429 [http-nio-9001-exec-1] INFO  c.i.u.d.s.impl.DepartmentServiceImpl - DepartmentService.findDepartmentById() Entered : departmentId : 1
13:40:43.399 [http-nio-9001-exec-2] INFO  c.i.u.d.c.DepartmentController - DepartmentController.findDepartmentById() Entered :: departmentId :: 1
13:40:43.406 [http-nio-9001-exec-2] INFO  c.i.u.d.s.impl.DepartmentServiceImpl - DepartmentService.findDepartmentById() Entered : departmentId : 1
13:40:43.477 [http-nio-9001-exec-2] INFO  c.i.u.d.s.impl.DepartmentServiceImpl - DepartmentService.findDepartmentById() Entered : departmentId : 1
13:41:40.357 [http-nio-9001-exec-4] INFO  c.i.u.d.c.DepartmentController - DepartmentController.findDepartmentById() Entered :: departmentId :: 1
13:41:40.357 [http-nio-9001-exec-4] INFO  c.i.u.d.s.impl.DepartmentServiceImpl - DepartmentService.findDepartmentById() Entered : departmentId : 1
13:41:40.359 [http-nio-9001-exec-4] INFO  c.i.u.d.s.impl.DepartmentServiceImpl - DepartmentService.findDepartmentById() Entered : departmentId : 1
13:42:03.574 [http-nio-9001-exec-5] INFO  c.i.u.d.c.DepartmentController - DepartmentController.findDepartmentById() Entered :: departmentId :: 1
13:42:03.575 [http-nio-9001-exec-5] INFO  c.i.u.d.s.impl.DepartmentServiceImpl - DepartmentService.findDepartmentById() Entered : departmentId : 1
13:42:03.578 [http-nio-9001-exec-5] INFO  c.i.u.d.s.impl.DepartmentServiceImpl - DepartmentService.findDepartmentById() Entered : departmentId : 1
13:42:05.532 [AsyncResolver-bootstrap-executor-0] INFO  c.n.d.s.r.aws.ConfigClusterResolver - Resolving eureka endpoints via configuration
13:42:12.666 [http-nio-9001-exec-7] INFO  c.i.u.d.c.DepartmentController - DepartmentController.findDepartmentById() Entered :: departmentId :: 1
13:42:12.666 [http-nio-9001-exec-7] INFO  c.i.u.d.s.impl.DepartmentServiceImpl - DepartmentService.findDepartmentById() Entered : departmentId : 1
13:42:12.669 [http-nio-9001-exec-7] INFO  c.i.u.d.s.impl.DepartmentServiceImpl - DepartmentService.findDepartmentById() Entered : departmentId : 1
13:42:29.545 [http-nio-9001-exec-6] INFO  c.i.u.d.c.DepartmentController - DepartmentController.findDepartmentById() Entered :: departmentId :: 1
13:42:29.545 [http-nio-9001-exec-6] INFO  c.i.u.d.s.impl.DepartmentServiceImpl - DepartmentService.findDepartmentById() Entered : departmentId : 1
13:42:29.551 [http-nio-9001-exec-6] INFO  c.i.u.d.s.impl.DepartmentServiceImpl - DepartmentService.findDepartmentById() Entered : departmentId : 1
13:42:36.313 [http-nio-9001-exec-8] INFO  c.i.u.d.c.DepartmentController - DepartmentController.findDepartmentById() Entered :: departmentId :: 1
13:42:36.313 [http-nio-9001-exec-8] INFO  c.i.u.d.s.impl.DepartmentServiceImpl - DepartmentService.findDepartmentById() Entered : departmentId : 1
13:42:36.321 [http-nio-9001-exec-8] INFO  c.i.u.d.s.impl.DepartmentServiceImpl - DepartmentService.findDepartmentById() Entered : departmentId : 1
13:43:10.125 [http-nio-9001-exec-9] INFO  c.i.u.d.c.DepartmentController - DepartmentController.findDepartmentById() Entered :: departmentId :: 1
13:43:10.125 [http-nio-9001-exec-9] INFO  c.i.u.d.s.impl.DepartmentServiceImpl - DepartmentService.findDepartmentById() Entered : departmentId : 1
13:43:10.129 [http-nio-9001-exec-9] INFO  c.i.u.d.s.impl.DepartmentServiceImpl - DepartmentService.findDepartmentById() Entered : departmentId : 1
13:43:54.828 [http-nio-9001-exec-10] INFO  c.i.u.d.c.DepartmentController - DepartmentController.findDepartmentById() Entered :: departmentId :: 1
13:43:54.832 [http-nio-9001-exec-10] INFO  c.i.u.d.s.impl.DepartmentServiceImpl - DepartmentService.findDepartmentById() Entered : departmentId : 1
13:43:54.860 [http-nio-9001-exec-10] INFO  c.i.u.d.s.impl.DepartmentServiceImpl - DepartmentService.findDepartmentById() Entered : departmentId : 1
13:44:00.326 [http-nio-9001-exec-1] INFO  c.i.u.d.c.DepartmentController - DepartmentController.findDepartmentById() Entered :: departmentId :: 1
13:44:00.326 [http-nio-9001-exec-1] INFO  c.i.u.d.s.impl.DepartmentServiceImpl - DepartmentService.findDepartmentById() Entered : departmentId : 1
13:44:00.329 [http-nio-9001-exec-1] INFO  c.i.u.d.s.impl.DepartmentServiceImpl - DepartmentService.findDepartmentById() Entered : departmentId : 1
13:44:31.054 [http-nio-9001-exec-3] INFO  c.i.u.d.c.DepartmentController - DepartmentController.findDepartmentById() Entered :: departmentId :: 1
13:44:31.054 [http-nio-9001-exec-3] INFO  c.i.u.d.s.impl.DepartmentServiceImpl - DepartmentService.findDepartmentById() Entered : departmentId : 1
13:44:31.055 [http-nio-9001-exec-3] INFO  c.i.u.d.s.impl.DepartmentServiceImpl - DepartmentService.findDepartmentById() Entered : departmentId : 1
13:44:33.834 [http-nio-9001-exec-2] INFO  c.i.u.d.c.DepartmentController - DepartmentController.findDepartmentById() Entered :: departmentId :: 1
13:44:33.835 [http-nio-9001-exec-2] INFO  c.i.u.d.s.impl.DepartmentServiceImpl - DepartmentService.findDepartmentById() Entered : departmentId : 1
13:44:33.839 [http-nio-9001-exec-2] INFO  c.i.u.d.s.impl.DepartmentServiceImpl - DepartmentService.findDepartmentById() Entered : departmentId : 1
13:44:44.011 [http-nio-9001-exec-4] INFO  c.i.u.d.c.DepartmentController - DepartmentController.findDepartmentById() Entered :: departmentId :: 1
13:44:44.011 [http-nio-9001-exec-4] INFO  c.i.u.d.s.impl.DepartmentServiceImpl - DepartmentService.findDepartmentById() Entered : departmentId : 1
13:44:44.013 [http-nio-9001-exec-4] INFO  c.i.u.d.s.impl.DepartmentServiceImpl - DepartmentService.findDepartmentById() Entered : departmentId : 1
13:45:16.355 [http-nio-9001-exec-5] INFO  c.i.u.d.c.DepartmentController - DepartmentController.findDepartmentById() Entered :: departmentId :: 1
13:45:16.355 [http-nio-9001-exec-5] INFO  c.i.u.d.s.impl.DepartmentServiceImpl - DepartmentService.findDepartmentById() Entered : departmentId : 1
13:45:16.356 [http-nio-9001-exec-5] INFO  c.i.u.d.s.impl.DepartmentServiceImpl - DepartmentService.findDepartmentById() Entered : departmentId : 1
13:46:02.936 [http-nio-9001-exec-7] INFO  c.i.u.d.c.DepartmentController - DepartmentController.findDepartmentById() Entered :: departmentId :: 1
13:46:02.936 [http-nio-9001-exec-7] INFO  c.i.u.d.s.impl.DepartmentServiceImpl - DepartmentService.findDepartmentById() Entered : departmentId : 1
13:46:02.937 [http-nio-9001-exec-7] INFO  c.i.u.d.s.impl.DepartmentServiceImpl - DepartmentService.findDepartmentById() Entered : departmentId : 1
13:46:24.786 [http-nio-9001-exec-6] INFO  c.i.u.d.c.DepartmentController - DepartmentController.findDepartmentById() Entered :: departmentId :: 1
13:46:24.786 [http-nio-9001-exec-6] INFO  c.i.u.d.s.impl.DepartmentServiceImpl - DepartmentService.findDepartmentById() Entered : departmentId : 1
13:46:24.787 [http-nio-9001-exec-6] INFO  c.i.u.d.s.impl.DepartmentServiceImpl - DepartmentService.findDepartmentById() Entered : departmentId : 1
13:47:01.581 [http-nio-9001-exec-8] INFO  c.i.u.d.c.DepartmentController - DepartmentController.findDepartmentById() Entered :: departmentId :: 1
13:47:01.582 [http-nio-9001-exec-8] INFO  c.i.u.d.s.impl.DepartmentServiceImpl - DepartmentService.findDepartmentById() Entered : departmentId : 1
13:47:01.583 [http-nio-9001-exec-8] INFO  c.i.u.d.s.impl.DepartmentServiceImpl - DepartmentService.findDepartmentById() Entered : departmentId : 1
13:47:05.545 [AsyncResolver-bootstrap-executor-0] INFO  c.n.d.s.r.aws.ConfigClusterResolver - Resolving eureka endpoints via configuration
13:47:51.783 [http-nio-9001-exec-9] INFO  c.i.u.d.c.DepartmentController - DepartmentController.findDepartmentById() Entered :: departmentId :: 1
13:47:51.783 [http-nio-9001-exec-9] INFO  c.i.u.d.s.impl.DepartmentServiceImpl - DepartmentService.findDepartmentById() Entered : departmentId : 1
13:47:51.786 [http-nio-9001-exec-9] INFO  c.i.u.d.s.impl.DepartmentServiceImpl - DepartmentService.findDepartmentById() Entered : departmentId : 1
13:47:56.235 [http-nio-9001-exec-10] INFO  c.i.u.d.c.DepartmentController - DepartmentController.findDepartmentById() Entered :: departmentId :: 1
13:47:56.235 [http-nio-9001-exec-10] INFO  c.i.u.d.s.impl.DepartmentServiceImpl - DepartmentService.findDepartmentById() Entered : departmentId : 1
13:47:56.237 [http-nio-9001-exec-10] INFO  c.i.u.d.s.impl.DepartmentServiceImpl - DepartmentService.findDepartmentById() Entered : departmentId : 1
13:47:58.307 [http-nio-9001-exec-1] INFO  c.i.u.d.c.DepartmentController - DepartmentController.findDepartmentById() Entered :: departmentId :: 1
13:47:58.307 [http-nio-9001-exec-1] INFO  c.i.u.d.s.impl.DepartmentServiceImpl - DepartmentService.findDepartmentById() Entered : departmentId : 1
13:47:58.309 [http-nio-9001-exec-1] INFO  c.i.u.d.s.impl.DepartmentServiceImpl - DepartmentService.findDepartmentById() Entered : departmentId : 1
13:49:27.949 [http-nio-9001-exec-2] INFO  c.i.u.d.c.DepartmentController - DepartmentController.findDepartmentById() Entered :: departmentId :: 1
13:49:27.949 [http-nio-9001-exec-2] INFO  c.i.u.d.s.impl.DepartmentServiceImpl - DepartmentService.findDepartmentById() Entered : departmentId : 1
13:49:27.951 [http-nio-9001-exec-2] INFO  c.i.u.d.s.impl.DepartmentServiceImpl - DepartmentService.findDepartmentById() Entered : departmentId : 1
13:52:05.559 [AsyncResolver-bootstrap-executor-0] INFO  c.n.d.s.r.aws.ConfigClusterResolver - Resolving eureka endpoints via configuration
13:53:12.451 [http-nio-9001-exec-5] INFO  c.i.u.d.c.DepartmentController - DepartmentController.findDepartmentById() Entered :: departmentId :: 1
13:53:12.487 [http-nio-9001-exec-5] INFO  c.i.u.d.s.impl.DepartmentServiceImpl - DepartmentService.findDepartmentById() Entered : departmentId : 1
13:53:12.565 [http-nio-9001-exec-5] INFO  c.i.u.d.s.impl.DepartmentServiceImpl - DepartmentService.findDepartmentById() Entered : departmentId : 1
13:53:38.961 [http-nio-9001-exec-7] INFO  c.i.u.d.c.DepartmentController - DepartmentController.findDepartmentById() Entered :: departmentId :: 1
13:53:38.961 [http-nio-9001-exec-7] INFO  c.i.u.d.s.impl.DepartmentServiceImpl - DepartmentService.findDepartmentById() Entered : departmentId : 1
13:53:38.962 [http-nio-9001-exec-7] INFO  c.i.u.d.s.impl.DepartmentServiceImpl - DepartmentService.findDepartmentById() Entered : departmentId : 1
13:54:21.037 [http-nio-9001-exec-6] INFO  c.i.u.d.c.DepartmentController - DepartmentController.findDepartmentById() Entered :: departmentId :: 1
13:54:21.037 [http-nio-9001-exec-6] INFO  c.i.u.d.s.impl.DepartmentServiceImpl - DepartmentService.findDepartmentById() Entered : departmentId : 1
13:54:21.039 [http-nio-9001-exec-6] INFO  c.i.u.d.s.impl.DepartmentServiceImpl - DepartmentService.findDepartmentById() Entered : departmentId : 1
13:54:35.528 [http-nio-9001-exec-8] INFO  c.i.u.d.c.DepartmentController - DepartmentController.findDepartmentById() Entered :: departmentId :: 1
13:54:35.528 [http-nio-9001-exec-8] INFO  c.i.u.d.s.impl.DepartmentServiceImpl - DepartmentService.findDepartmentById() Entered : departmentId : 1
13:54:35.531 [http-nio-9001-exec-8] INFO  c.i.u.d.s.impl.DepartmentServiceImpl - DepartmentService.findDepartmentById() Entered : departmentId : 1
13:55:08.616 [http-nio-9001-exec-9] INFO  c.i.u.d.c.DepartmentController - DepartmentController.findDepartmentById() Entered :: departmentId :: 1
13:55:08.616 [http-nio-9001-exec-9] INFO  c.i.u.d.s.impl.DepartmentServiceImpl - DepartmentService.findDepartmentById() Entered : departmentId : 1
13:55:08.617 [http-nio-9001-exec-9] INFO  c.i.u.d.s.impl.DepartmentServiceImpl - DepartmentService.findDepartmentById() Entered : departmentId : 1
13:55:28.081 [http-nio-9001-exec-10] INFO  c.i.u.d.c.DepartmentController - DepartmentController.findDepartmentById() Entered :: departmentId :: 1
13:55:28.081 [http-nio-9001-exec-10] INFO  c.i.u.d.s.impl.DepartmentServiceImpl - DepartmentService.findDepartmentById() Entered : departmentId : 1
13:55:28.082 [http-nio-9001-exec-10] INFO  c.i.u.d.s.impl.DepartmentServiceImpl - DepartmentService.findDepartmentById() Entered : departmentId : 1
13:56:14.719 [http-nio-9001-exec-1] INFO  c.i.u.d.c.DepartmentController - DepartmentController.findDepartmentById() Entered :: departmentId :: 1
13:56:14.719 [http-nio-9001-exec-1] INFO  c.i.u.d.s.impl.DepartmentServiceImpl - DepartmentService.findDepartmentById() Entered : departmentId : 1
13:56:14.722 [http-nio-9001-exec-1] INFO  c.i.u.d.s.impl.DepartmentServiceImpl - DepartmentService.findDepartmentById() Entered : departmentId : 1
13:56:31.122 [http-nio-9001-exec-3] INFO  c.i.u.d.c.DepartmentController - DepartmentController.findDepartmentById() Entered :: departmentId :: 1
13:56:31.122 [http-nio-9001-exec-3] INFO  c.i.u.d.s.impl.DepartmentServiceImpl - DepartmentService.findDepartmentById() Entered : departmentId : 1
13:56:31.123 [http-nio-9001-exec-3] INFO  c.i.u.d.s.impl.DepartmentServiceImpl - DepartmentService.findDepartmentById() Entered : departmentId : 1
13:56:56.367 [http-nio-9001-exec-2] INFO  c.i.u.d.c.DepartmentController - DepartmentController.findDepartmentById() Entered :: departmentId :: 1
13:56:56.367 [http-nio-9001-exec-2] INFO  c.i.u.d.s.impl.DepartmentServiceImpl - DepartmentService.findDepartmentById() Entered : departmentId : 1
13:56:56.369 [http-nio-9001-exec-2] INFO  c.i.u.d.s.impl.DepartmentServiceImpl - DepartmentService.findDepartmentById() Entered : departmentId : 1
13:57:05.566 [AsyncResolver-bootstrap-executor-0] INFO  c.n.d.s.r.aws.ConfigClusterResolver - Resolving eureka endpoints via configuration
13:57:33.281 [http-nio-9001-exec-4] INFO  c.i.u.d.c.DepartmentController - DepartmentController.findDepartmentById() Entered :: departmentId :: 1
13:57:33.282 [http-nio-9001-exec-4] INFO  c.i.u.d.s.impl.DepartmentServiceImpl - DepartmentService.findDepartmentById() Entered : departmentId : 1
13:57:33.304 [http-nio-9001-exec-4] INFO  c.i.u.d.s.impl.DepartmentServiceImpl - DepartmentService.findDepartmentById() Entered : departmentId : 1
13:57:41.974 [http-nio-9001-exec-5] INFO  c.i.u.d.c.DepartmentController - DepartmentController.findDepartmentById() Entered :: departmentId :: 1
13:57:41.974 [http-nio-9001-exec-5] INFO  c.i.u.d.s.impl.DepartmentServiceImpl - DepartmentService.findDepartmentById() Entered : departmentId : 1
13:57:41.997 [http-nio-9001-exec-5] INFO  c.i.u.d.s.impl.DepartmentServiceImpl - DepartmentService.findDepartmentById() Entered : departmentId : 1
13:58:33.185 [http-nio-9001-exec-7] INFO  c.i.u.d.c.DepartmentController - DepartmentController.findDepartmentById() Entered :: departmentId :: 1
13:58:33.186 [http-nio-9001-exec-7] INFO  c.i.u.d.s.impl.DepartmentServiceImpl - DepartmentService.findDepartmentById() Entered : departmentId : 1
13:58:33.201 [http-nio-9001-exec-7] INFO  c.i.u.d.s.impl.DepartmentServiceImpl - DepartmentService.findDepartmentById() Entered : departmentId : 1
13:58:42.959 [http-nio-9001-exec-6] INFO  c.i.u.d.c.DepartmentController - DepartmentController.findDepartmentById() Entered :: departmentId :: 1
13:58:42.959 [http-nio-9001-exec-6] INFO  c.i.u.d.s.impl.DepartmentServiceImpl - DepartmentService.findDepartmentById() Entered : departmentId : 1
13:58:42.961 [http-nio-9001-exec-6] INFO  c.i.u.d.s.impl.DepartmentServiceImpl - DepartmentService.findDepartmentById() Entered : departmentId : 1
13:58:58.821 [http-nio-9001-exec-8] INFO  c.i.u.d.c.DepartmentController - DepartmentController.findDepartmentById() Entered :: departmentId :: 1
13:58:58.821 [http-nio-9001-exec-8] INFO  c.i.u.d.s.impl.DepartmentServiceImpl - DepartmentService.findDepartmentById() Entered : departmentId : 1
13:58:58.824 [http-nio-9001-exec-8] INFO  c.i.u.d.s.impl.DepartmentServiceImpl - DepartmentService.findDepartmentById() Entered : departmentId : 1
13:59:05.901 [http-nio-9001-exec-9] INFO  c.i.u.d.c.DepartmentController - DepartmentController.findDepartmentById() Entered :: departmentId :: 1
13:59:05.901 [http-nio-9001-exec-9] INFO  c.i.u.d.s.impl.DepartmentServiceImpl - DepartmentService.findDepartmentById() Entered : departmentId : 1
13:59:05.903 [http-nio-9001-exec-9] INFO  c.i.u.d.s.impl.DepartmentServiceImpl - DepartmentService.findDepartmentById() Entered : departmentId : 1
13:59:21.988 [http-nio-9001-exec-10] INFO  c.i.u.d.c.DepartmentController - DepartmentController.findDepartmentById() Entered :: departmentId :: 1
13:59:21.988 [http-nio-9001-exec-10] INFO  c.i.u.d.s.impl.DepartmentServiceImpl - DepartmentService.findDepartmentById() Entered : departmentId : 1
13:59:21.990 [http-nio-9001-exec-10] INFO  c.i.u.d.s.impl.DepartmentServiceImpl - DepartmentService.findDepartmentById() Entered : departmentId : 1
13:59:43.720 [http-nio-9001-exec-1] INFO  c.i.u.d.c.DepartmentController - DepartmentController.findDepartmentById() Entered :: departmentId :: 1
13:59:43.720 [http-nio-9001-exec-1] INFO  c.i.u.d.s.impl.DepartmentServiceImpl - DepartmentService.findDepartmentById() Entered : departmentId : 1
13:59:43.721 [http-nio-9001-exec-1] INFO  c.i.u.d.s.impl.DepartmentServiceImpl - DepartmentService.findDepartmentById() Entered : departmentId : 1
13:59:55.837 [http-nio-9001-exec-3] INFO  c.i.u.d.c.DepartmentController - DepartmentController.findDepartmentById() Entered :: departmentId :: 1
13:59:55.837 [http-nio-9001-exec-3] INFO  c.i.u.d.s.impl.DepartmentServiceImpl - DepartmentService.findDepartmentById() Entered : departmentId : 1
13:59:55.845 [http-nio-9001-exec-3] INFO  c.i.u.d.s.impl.DepartmentServiceImpl - DepartmentService.findDepartmentById() Entered : departmentId : 1
14:00:05.587 [http-nio-9001-exec-2] INFO  c.i.u.d.c.DepartmentController - DepartmentController.findDepartmentById() Entered :: departmentId :: 1
14:00:05.587 [http-nio-9001-exec-2] INFO  c.i.u.d.s.impl.DepartmentServiceImpl - DepartmentService.findDepartmentById() Entered : departmentId : 1
14:00:05.591 [http-nio-9001-exec-2] INFO  c.i.u.d.s.impl.DepartmentServiceImpl - DepartmentService.findDepartmentById() Entered : departmentId : 1
14:00:42.575 [http-nio-9001-exec-4] INFO  c.i.u.d.c.DepartmentController - DepartmentController.findDepartmentById() Entered :: departmentId :: 1
14:00:42.575 [http-nio-9001-exec-4] INFO  c.i.u.d.s.impl.DepartmentServiceImpl - DepartmentService.findDepartmentById() Entered : departmentId : 1
14:00:42.578 [http-nio-9001-exec-4] INFO  c.i.u.d.s.impl.DepartmentServiceImpl - DepartmentService.findDepartmentById() Entered : departmentId : 1
14:01:09.552 [http-nio-9001-exec-5] INFO  c.i.u.d.c.DepartmentController - DepartmentController.findDepartmentById() Entered :: departmentId :: 1
14:01:09.552 [http-nio-9001-exec-5] INFO  c.i.u.d.s.impl.DepartmentServiceImpl - DepartmentService.findDepartmentById() Entered : departmentId : 1
14:01:09.553 [http-nio-9001-exec-5] INFO  c.i.u.d.s.impl.DepartmentServiceImpl - DepartmentService.findDepartmentById() Entered : departmentId : 1
14:02:05.584 [AsyncResolver-bootstrap-executor-0] INFO  c.n.d.s.r.aws.ConfigClusterResolver - Resolving eureka endpoints via configuration
14:07:05.600 [AsyncResolver-bootstrap-executor-0] INFO  c.n.d.s.r.aws.ConfigClusterResolver - Resolving eureka endpoints via configuration
14:12:05.613 [AsyncResolver-bootstrap-executor-0] INFO  c.n.d.s.r.aws.ConfigClusterResolver - Resolving eureka endpoints via configuration
14:17:05.627 [AsyncResolver-bootstrap-executor-0] INFO  c.n.d.s.r.aws.ConfigClusterResolver - Resolving eureka endpoints via configuration
14:22:05.647 [AsyncResolver-bootstrap-executor-0] INFO  c.n.d.s.r.aws.ConfigClusterResolver - Resolving eureka endpoints via configuration
14:27:05.649 [AsyncResolver-bootstrap-executor-0] INFO  c.n.d.s.r.aws.ConfigClusterResolver - Resolving eureka endpoints via configuration
14:32:05.663 [AsyncResolver-bootstrap-executor-0] INFO  c.n.d.s.r.aws.ConfigClusterResolver - Resolving eureka endpoints via configuration
14:59:24.328 [HikariPool-1 housekeeper] WARN  com.zaxxer.hikari.pool.HikariPool - HikariPool-1 - Thread starvation or clock leap detected (housekeeper delta=26m48s367ms723µs100ns).
15:03:24.044 [AsyncResolver-bootstrap-executor-0] INFO  c.n.d.s.r.aws.ConfigClusterResolver - Resolving eureka endpoints via configuration
15:08:24.068 [AsyncResolver-bootstrap-executor-0] INFO  c.n.d.s.r.aws.ConfigClusterResolver - Resolving eureka endpoints via configuration
15:13:24.069 [AsyncResolver-bootstrap-executor-0] INFO  c.n.d.s.r.aws.ConfigClusterResolver - Resolving eureka endpoints via configuration
15:18:24.087 [AsyncResolver-bootstrap-executor-0] INFO  c.n.d.s.r.aws.ConfigClusterResolver - Resolving eureka endpoints via configuration
15:23:24.106 [AsyncResolver-bootstrap-executor-0] INFO  c.n.d.s.r.aws.ConfigClusterResolver - Resolving eureka endpoints via configuration
15:28:24.114 [AsyncResolver-bootstrap-executor-0] INFO  c.n.d.s.r.aws.ConfigClusterResolver - Resolving eureka endpoints via configuration
15:33:24.119 [AsyncResolver-bootstrap-executor-0] INFO  c.n.d.s.r.aws.ConfigClusterResolver - Resolving eureka endpoints via configuration
15:38:24.136 [AsyncResolver-bootstrap-executor-0] INFO  c.n.d.s.r.aws.ConfigClusterResolver - Resolving eureka endpoints via configuration
15:43:24.152 [AsyncResolver-bootstrap-executor-0] INFO  c.n.d.s.r.aws.ConfigClusterResolver - Resolving eureka endpoints via configuration
15:48:24.167 [AsyncResolver-bootstrap-executor-0] INFO  c.n.d.s.r.aws.ConfigClusterResolver - Resolving eureka endpoints via configuration
15:53:24.177 [AsyncResolver-bootstrap-executor-0] INFO  c.n.d.s.r.aws.ConfigClusterResolver - Resolving eureka endpoints via configuration
15:58:24.184 [AsyncResolver-bootstrap-executor-0] INFO  c.n.d.s.r.aws.ConfigClusterResolver - Resolving eureka endpoints via configuration
16:03:24.190 [AsyncResolver-bootstrap-executor-0] INFO  c.n.d.s.r.aws.ConfigClusterResolver - Resolving eureka endpoints via configuration
16:08:24.199 [AsyncResolver-bootstrap-executor-0] INFO  c.n.d.s.r.aws.ConfigClusterResolver - Resolving eureka endpoints via configuration
16:13:24.205 [AsyncResolver-bootstrap-executor-0] INFO  c.n.d.s.r.aws.ConfigClusterResolver - Resolving eureka endpoints via configuration
16:47:04.242 [HikariPool-1 housekeeper] WARN  com.zaxxer.hikari.pool.HikariPool - HikariPool-1 - Thread starvation or clock leap detected (housekeeper delta=33m38s822ms813µs700ns).
16:51:33.023 [AsyncResolver-bootstrap-executor-0] INFO  c.n.d.s.r.aws.ConfigClusterResolver - Resolving eureka endpoints via configuration
16:56:33.050 [AsyncResolver-bootstrap-executor-0] INFO  c.n.d.s.r.aws.ConfigClusterResolver - Resolving eureka endpoints via configuration
17:01:33.069 [AsyncResolver-bootstrap-executor-0] INFO  c.n.d.s.r.aws.ConfigClusterResolver - Resolving eureka endpoints via configuration
17:06:33.071 [AsyncResolver-bootstrap-executor-0] INFO  c.n.d.s.r.aws.ConfigClusterResolver - Resolving eureka endpoints via configuration
17:11:33.087 [AsyncResolver-bootstrap-executor-0] INFO  c.n.d.s.r.aws.ConfigClusterResolver - Resolving eureka endpoints via configuration
17:16:33.090 [AsyncResolver-bootstrap-executor-0] INFO  c.n.d.s.r.aws.ConfigClusterResolver - Resolving eureka endpoints via configuration
17:21:33.111 [AsyncResolver-bootstrap-executor-0] INFO  c.n.d.s.r.aws.ConfigClusterResolver - Resolving eureka endpoints via configuration
17:26:33.165 [AsyncResolver-bootstrap-executor-0] INFO  c.n.d.s.r.aws.ConfigClusterResolver - Resolving eureka endpoints via configuration
17:31:33.178 [AsyncResolver-bootstrap-executor-0] INFO  c.n.d.s.r.aws.ConfigClusterResolver - Resolving eureka endpoints via configuration
17:36:33.211 [AsyncResolver-bootstrap-executor-0] INFO  c.n.d.s.r.aws.ConfigClusterResolver - Resolving eureka endpoints via configuration
17:41:33.241 [AsyncResolver-bootstrap-executor-0] INFO  c.n.d.s.r.aws.ConfigClusterResolver - Resolving eureka endpoints via configuration
17:46:33.283 [AsyncResolver-bootstrap-executor-0] INFO  c.n.d.s.r.aws.ConfigClusterResolver - Resolving eureka endpoints via configuration
17:47:00.359 [http-nio-9001-exec-6] INFO  c.i.u.d.c.DepartmentController - DepartmentController.findDepartmentById() Entered :: departmentId :: 1
17:47:00.365 [http-nio-9001-exec-6] INFO  c.i.u.d.s.impl.DepartmentServiceImpl - DepartmentService.findDepartmentById() Entered : departmentId : 1
17:47:00.531 [http-nio-9001-exec-6] INFO  c.i.u.d.s.impl.DepartmentServiceImpl - DepartmentService.findDepartmentById() Entered : departmentId : 1
17:47:02.451 [http-nio-9001-exec-8] INFO  c.i.u.d.c.DepartmentController - DepartmentController.findDepartmentById() Entered :: departmentId :: 1
17:47:02.451 [http-nio-9001-exec-8] INFO  c.i.u.d.s.impl.DepartmentServiceImpl - DepartmentService.findDepartmentById() Entered : departmentId : 1
17:47:02.456 [http-nio-9001-exec-8] INFO  c.i.u.d.s.impl.DepartmentServiceImpl - DepartmentService.findDepartmentById() Entered : departmentId : 1
17:47:08.018 [http-nio-9001-exec-9] INFO  c.i.u.d.c.DepartmentController - DepartmentController.findDepartmentById() Entered :: departmentId :: 1
17:47:08.018 [http-nio-9001-exec-9] INFO  c.i.u.d.s.impl.DepartmentServiceImpl - DepartmentService.findDepartmentById() Entered : departmentId : 1
17:47:08.021 [http-nio-9001-exec-9] INFO  c.i.u.d.s.impl.DepartmentServiceImpl - DepartmentService.findDepartmentById() Entered : departmentId : 1
17:47:14.102 [http-nio-9001-exec-10] INFO  c.i.u.d.c.DepartmentController - DepartmentController.findDepartmentById() Entered :: departmentId :: 1
17:47:14.102 [http-nio-9001-exec-10] INFO  c.i.u.d.s.impl.DepartmentServiceImpl - DepartmentService.findDepartmentById() Entered : departmentId : 1
17:47:14.107 [http-nio-9001-exec-10] INFO  c.i.u.d.s.impl.DepartmentServiceImpl - DepartmentService.findDepartmentById() Entered : departmentId : 1
17:47:55.082 [http-nio-9001-exec-1] INFO  c.i.u.d.c.DepartmentController - DepartmentController.findDepartmentById() Entered :: departmentId :: 1
17:47:55.082 [http-nio-9001-exec-1] INFO  c.i.u.d.s.impl.DepartmentServiceImpl - DepartmentService.findDepartmentById() Entered : departmentId : 1
17:47:55.086 [http-nio-9001-exec-1] INFO  c.i.u.d.s.impl.DepartmentServiceImpl - DepartmentService.findDepartmentById() Entered : departmentId : 1
17:51:33.327 [AsyncResolver-bootstrap-executor-0] INFO  c.n.d.s.r.aws.ConfigClusterResolver - Resolving eureka endpoints via configuration
17:56:33.366 [AsyncResolver-bootstrap-executor-0] INFO  c.n.d.s.r.aws.ConfigClusterResolver - Resolving eureka endpoints via configuration
18:01:33.371 [AsyncResolver-bootstrap-executor-0] INFO  c.n.d.s.r.aws.ConfigClusterResolver - Resolving eureka endpoints via configuration
18:06:33.397 [AsyncResolver-bootstrap-executor-0] INFO  c.n.d.s.r.aws.ConfigClusterResolver - Resolving eureka endpoints via configuration
18:11:33.484 [AsyncResolver-bootstrap-executor-0] INFO  c.n.d.s.r.aws.ConfigClusterResolver - Resolving eureka endpoints via configuration
18:16:33.505 [AsyncResolver-bootstrap-executor-0] INFO  c.n.d.s.r.aws.ConfigClusterResolver - Resolving eureka endpoints via configuration
18:21:33.534 [AsyncResolver-bootstrap-executor-0] INFO  c.n.d.s.r.aws.ConfigClusterResolver - Resolving eureka endpoints via configuration
18:26:33.549 [AsyncResolver-bootstrap-executor-0] INFO  c.n.d.s.r.aws.ConfigClusterResolver - Resolving eureka endpoints via configuration
18:31:33.561 [AsyncResolver-bootstrap-executor-0] INFO  c.n.d.s.r.aws.ConfigClusterResolver - Resolving eureka endpoints via configuration
18:36:33.566 [AsyncResolver-bootstrap-executor-0] INFO  c.n.d.s.r.aws.ConfigClusterResolver - Resolving eureka endpoints via configuration
18:41:33.583 [AsyncResolver-bootstrap-executor-0] INFO  c.n.d.s.r.aws.ConfigClusterResolver - Resolving eureka endpoints via configuration
18:43:12.659 [http-nio-9001-exec-2] INFO  c.i.u.d.c.DepartmentController - DepartmentController.findDepartmentById() Entered :: departmentId :: 1
18:43:12.665 [http-nio-9001-exec-2] INFO  c.i.u.d.s.impl.DepartmentServiceImpl - DepartmentService.findDepartmentById() Entered : departmentId : 1
18:43:12.812 [http-nio-9001-exec-2] INFO  c.i.u.d.s.impl.DepartmentServiceImpl - DepartmentService.findDepartmentById() Entered : departmentId : 1
18:43:13.158 [http-nio-9001-exec-4] INFO  c.i.u.d.c.DepartmentController - DepartmentController.findDepartmentById() Entered :: departmentId :: 1
18:43:13.158 [http-nio-9001-exec-4] INFO  c.i.u.d.s.impl.DepartmentServiceImpl - DepartmentService.findDepartmentById() Entered : departmentId : 1
18:43:13.159 [http-nio-9001-exec-4] INFO  c.i.u.d.s.impl.DepartmentServiceImpl - DepartmentService.findDepartmentById() Entered : departmentId : 1
18:46:33.599 [AsyncResolver-bootstrap-executor-0] INFO  c.n.d.s.r.aws.ConfigClusterResolver - Resolving eureka endpoints via configuration
18:51:33.614 [AsyncResolver-bootstrap-executor-0] INFO  c.n.d.s.r.aws.ConfigClusterResolver - Resolving eureka endpoints via configuration
18:55:13.077 [http-nio-9001-exec-7] INFO  c.i.u.d.c.DepartmentController - DepartmentController.findDepartmentById() Entered :: departmentId :: 1
18:55:13.088 [http-nio-9001-exec-7] INFO  c.i.u.d.s.impl.DepartmentServiceImpl - DepartmentService.findDepartmentById() Entered : departmentId : 1
18:55:13.290 [http-nio-9001-exec-7] INFO  c.i.u.d.s.impl.DepartmentServiceImpl - DepartmentService.findDepartmentById() Entered : departmentId : 1
18:56:33.635 [AsyncResolver-bootstrap-executor-0] INFO  c.n.d.s.r.aws.ConfigClusterResolver - Resolving eureka endpoints via configuration
18:57:07.317 [http-nio-9001-exec-8] INFO  c.i.u.d.c.DepartmentController - DepartmentController.findDepartmentById() Entered :: departmentId :: 1
18:57:07.318 [http-nio-9001-exec-8] INFO  c.i.u.d.s.impl.DepartmentServiceImpl - DepartmentService.findDepartmentById() Entered : departmentId : 1
18:57:07.327 [http-nio-9001-exec-8] INFO  c.i.u.d.s.impl.DepartmentServiceImpl - DepartmentService.findDepartmentById() Entered : departmentId : 1
18:58:38.937 [http-nio-9001-exec-10] INFO  c.i.u.d.c.DepartmentController - DepartmentController.findDepartmentById() Entered :: departmentId :: 1
18:58:38.953 [http-nio-9001-exec-10] INFO  c.i.u.d.s.impl.DepartmentServiceImpl - DepartmentService.findDepartmentById() Entered : departmentId : 1
18:58:39.091 [http-nio-9001-exec-10] INFO  c.i.u.d.s.impl.DepartmentServiceImpl - DepartmentService.findDepartmentById() Entered : departmentId : 1
18:58:55.899 [http-nio-9001-exec-1] INFO  c.i.u.d.c.DepartmentController - DepartmentController.findDepartmentById() Entered :: departmentId :: 1
18:58:55.899 [http-nio-9001-exec-1] INFO  c.i.u.d.s.impl.DepartmentServiceImpl - DepartmentService.findDepartmentById() Entered : departmentId : 1
18:58:55.905 [http-nio-9001-exec-1] INFO  c.i.u.d.s.impl.DepartmentServiceImpl - DepartmentService.findDepartmentById() Entered : departmentId : 1
18:59:06.304 [http-nio-9001-exec-3] INFO  c.i.u.d.c.DepartmentController - DepartmentController.findDepartmentById() Entered :: departmentId :: 1
18:59:06.304 [http-nio-9001-exec-3] INFO  c.i.u.d.s.impl.DepartmentServiceImpl - DepartmentService.findDepartmentById() Entered : departmentId : 1
18:59:06.306 [http-nio-9001-exec-3] INFO  c.i.u.d.s.impl.DepartmentServiceImpl - DepartmentService.findDepartmentById() Entered : departmentId : 1
19:01:33.659 [AsyncResolver-bootstrap-executor-0] INFO  c.n.d.s.r.aws.ConfigClusterResolver - Resolving eureka endpoints via configuration
19:02:46.701 [http-nio-9001-exec-4] INFO  c.i.u.d.c.DepartmentController - DepartmentController.findDepartmentById() Entered :: departmentId :: 1
19:02:46.704 [http-nio-9001-exec-4] INFO  c.i.u.d.s.impl.DepartmentServiceImpl - DepartmentService.findDepartmentById() Entered : departmentId : 1
19:02:46.793 [http-nio-9001-exec-4] INFO  c.i.u.d.s.impl.DepartmentServiceImpl - DepartmentService.findDepartmentById() Entered : departmentId : 1
19:03:14.294 [http-nio-9001-exec-5] INFO  c.i.u.d.c.DepartmentController - DepartmentController.findDepartmentById() Entered :: departmentId :: 1
19:03:14.295 [http-nio-9001-exec-5] INFO  c.i.u.d.s.impl.DepartmentServiceImpl - DepartmentService.findDepartmentById() Entered : departmentId : 1
19:03:14.303 [http-nio-9001-exec-5] INFO  c.i.u.d.s.impl.DepartmentServiceImpl - DepartmentService.findDepartmentById() Entered : departmentId : 1
19:04:05.128 [http-nio-9001-exec-7] INFO  c.i.u.d.c.DepartmentController - DepartmentController.findDepartmentById() Entered :: departmentId :: 1
19:04:05.128 [http-nio-9001-exec-7] INFO  c.i.u.d.s.impl.DepartmentServiceImpl - DepartmentService.findDepartmentById() Entered : departmentId : 1
19:04:05.130 [http-nio-9001-exec-7] INFO  c.i.u.d.s.impl.DepartmentServiceImpl - DepartmentService.findDepartmentById() Entered : departmentId : 1
19:05:52.088 [http-nio-9001-exec-8] INFO  c.i.u.d.c.DepartmentController - DepartmentController.findDepartmentById() Entered :: departmentId :: 1
19:05:52.092 [http-nio-9001-exec-8] INFO  c.i.u.d.s.impl.DepartmentServiceImpl - DepartmentService.findDepartmentById() Entered : departmentId : 1
19:05:52.110 [http-nio-9001-exec-8] INFO  c.i.u.d.s.impl.DepartmentServiceImpl - DepartmentService.findDepartmentById() Entered : departmentId : 1
19:06:07.474 [http-nio-9001-exec-9] INFO  c.i.u.d.c.DepartmentController - DepartmentController.findDepartmentById() Entered :: departmentId :: 1
19:06:07.474 [http-nio-9001-exec-9] INFO  c.i.u.d.s.impl.DepartmentServiceImpl - DepartmentService.findDepartmentById() Entered : departmentId : 1
19:06:07.482 [http-nio-9001-exec-9] INFO  c.i.u.d.s.impl.DepartmentServiceImpl - DepartmentService.findDepartmentById() Entered : departmentId : 1
19:06:33.696 [AsyncResolver-bootstrap-executor-0] INFO  c.n.d.s.r.aws.ConfigClusterResolver - Resolving eureka endpoints via configuration
19:07:29.613 [http-nio-9001-exec-1] INFO  c.i.u.d.c.DepartmentController - DepartmentController.findDepartmentById() Entered :: departmentId :: 1
19:07:29.615 [http-nio-9001-exec-1] INFO  c.i.u.d.s.impl.DepartmentServiceImpl - DepartmentService.findDepartmentById() Entered : departmentId : 1
19:07:29.636 [http-nio-9001-exec-1] INFO  c.i.u.d.s.impl.DepartmentServiceImpl - DepartmentService.findDepartmentById() Entered : departmentId : 1
19:07:48.208 [http-nio-9001-exec-3] INFO  c.i.u.d.c.DepartmentController - DepartmentController.findDepartmentById() Entered :: departmentId :: 1
19:07:48.208 [http-nio-9001-exec-3] INFO  c.i.u.d.s.impl.DepartmentServiceImpl - DepartmentService.findDepartmentById() Entered : departmentId : 1
19:07:48.210 [http-nio-9001-exec-3] INFO  c.i.u.d.s.impl.DepartmentServiceImpl - DepartmentService.findDepartmentById() Entered : departmentId : 1
19:08:32.069 [http-nio-9001-exec-2] INFO  c.i.u.d.c.DepartmentController - DepartmentController.findDepartmentById() Entered :: departmentId :: 1
19:08:32.069 [http-nio-9001-exec-2] INFO  c.i.u.d.s.impl.DepartmentServiceImpl - DepartmentService.findDepartmentById() Entered : departmentId : 1
19:08:32.072 [http-nio-9001-exec-2] INFO  c.i.u.d.s.impl.DepartmentServiceImpl - DepartmentService.findDepartmentById() Entered : departmentId : 1
19:08:36.706 [http-nio-9001-exec-4] INFO  c.i.u.d.c.DepartmentController - DepartmentController.findDepartmentById() Entered :: departmentId :: 1
19:08:36.706 [http-nio-9001-exec-4] INFO  c.i.u.d.s.impl.DepartmentServiceImpl - DepartmentService.findDepartmentById() Entered : departmentId : 1
19:08:36.710 [http-nio-9001-exec-4] INFO  c.i.u.d.s.impl.DepartmentServiceImpl - DepartmentService.findDepartmentById() Entered : departmentId : 1
19:08:43.502 [http-nio-9001-exec-5] INFO  c.i.u.d.c.DepartmentController - DepartmentController.findDepartmentById() Entered :: departmentId :: 1
19:08:43.503 [http-nio-9001-exec-5] INFO  c.i.u.d.s.impl.DepartmentServiceImpl - DepartmentService.findDepartmentById() Entered : departmentId : 1
19:08:43.507 [http-nio-9001-exec-5] INFO  c.i.u.d.s.impl.DepartmentServiceImpl - DepartmentService.findDepartmentById() Entered : departmentId : 1
19:08:48.840 [http-nio-9001-exec-7] INFO  c.i.u.d.c.DepartmentController - DepartmentController.findDepartmentById() Entered :: departmentId :: 1
19:08:48.840 [http-nio-9001-exec-7] INFO  c.i.u.d.s.impl.DepartmentServiceImpl - DepartmentService.findDepartmentById() Entered : departmentId : 1
19:08:48.843 [http-nio-9001-exec-7] INFO  c.i.u.d.s.impl.DepartmentServiceImpl - DepartmentService.findDepartmentById() Entered : departmentId : 1
19:08:55.674 [http-nio-9001-exec-6] INFO  c.i.u.d.c.DepartmentController - DepartmentController.findDepartmentById() Entered :: departmentId :: 1
19:08:55.674 [http-nio-9001-exec-6] INFO  c.i.u.d.s.impl.DepartmentServiceImpl - DepartmentService.findDepartmentById() Entered : departmentId : 1
19:08:55.676 [http-nio-9001-exec-6] INFO  c.i.u.d.s.impl.DepartmentServiceImpl - DepartmentService.findDepartmentById() Entered : departmentId : 1
19:08:58.849 [http-nio-9001-exec-8] INFO  c.i.u.d.c.DepartmentController - DepartmentController.findDepartmentById() Entered :: departmentId :: 1
19:08:58.849 [http-nio-9001-exec-8] INFO  c.i.u.d.s.impl.DepartmentServiceImpl - DepartmentService.findDepartmentById() Entered : departmentId : 1
19:08:58.852 [http-nio-9001-exec-8] INFO  c.i.u.d.s.impl.DepartmentServiceImpl - DepartmentService.findDepartmentById() Entered : departmentId : 1
19:09:42.328 [http-nio-9001-exec-9] INFO  c.i.u.d.c.DepartmentController - DepartmentController.findDepartmentById() Entered :: departmentId :: 1
19:09:42.328 [http-nio-9001-exec-9] INFO  c.i.u.d.s.impl.DepartmentServiceImpl - DepartmentService.findDepartmentById() Entered : departmentId : 1
19:09:42.347 [http-nio-9001-exec-9] INFO  c.i.u.d.s.impl.DepartmentServiceImpl - DepartmentService.findDepartmentById() Entered : departmentId : 1
19:10:48.439 [http-nio-9001-exec-1] INFO  c.i.u.d.c.DepartmentController - DepartmentController.findDepartmentById() Entered :: departmentId :: 1
19:10:48.441 [http-nio-9001-exec-1] INFO  c.i.u.d.s.impl.DepartmentServiceImpl - DepartmentService.findDepartmentById() Entered : departmentId : 1
19:10:48.513 [http-nio-9001-exec-1] INFO  c.i.u.d.s.impl.DepartmentServiceImpl - DepartmentService.findDepartmentById() Entered : departmentId : 1
19:10:58.738 [http-nio-9001-exec-3] INFO  c.i.u.d.c.DepartmentController - DepartmentController.findDepartmentById() Entered :: departmentId :: 1
19:10:58.738 [http-nio-9001-exec-3] INFO  c.i.u.d.s.impl.DepartmentServiceImpl - DepartmentService.findDepartmentById() Entered : departmentId : 1
19:10:58.746 [http-nio-9001-exec-3] INFO  c.i.u.d.s.impl.DepartmentServiceImpl - DepartmentService.findDepartmentById() Entered : departmentId : 1
19:11:33.728 [AsyncResolver-bootstrap-executor-0] INFO  c.n.d.s.r.aws.ConfigClusterResolver - Resolving eureka endpoints via configuration
19:11:47.549 [http-nio-9001-exec-2] INFO  c.i.u.d.c.DepartmentController - DepartmentController.findDepartmentById() Entered :: departmentId :: 1
19:11:47.549 [http-nio-9001-exec-2] INFO  c.i.u.d.s.impl.DepartmentServiceImpl - DepartmentService.findDepartmentById() Entered : departmentId : 1
19:11:47.560 [http-nio-9001-exec-2] INFO  c.i.u.d.s.impl.DepartmentServiceImpl - DepartmentService.findDepartmentById() Entered : departmentId : 1
19:16:33.758 [AsyncResolver-bootstrap-executor-0] INFO  c.n.d.s.r.aws.ConfigClusterResolver - Resolving eureka endpoints via configuration
19:21:33.767 [AsyncResolver-bootstrap-executor-0] INFO  c.n.d.s.r.aws.ConfigClusterResolver - Resolving eureka endpoints via configuration
19:26:33.782 [AsyncResolver-bootstrap-executor-0] INFO  c.n.d.s.r.aws.ConfigClusterResolver - Resolving eureka endpoints via configuration
19:31:33.783 [AsyncResolver-bootstrap-executor-0] INFO  c.n.d.s.r.aws.ConfigClusterResolver - Resolving eureka endpoints via configuration
19:36:33.798 [AsyncResolver-bootstrap-executor-0] INFO  c.n.d.s.r.aws.ConfigClusterResolver - Resolving eureka endpoints via configuration
19:41:33.808 [AsyncResolver-bootstrap-executor-0] INFO  c.n.d.s.r.aws.ConfigClusterResolver - Resolving eureka endpoints via configuration
19:46:33.814 [AsyncResolver-bootstrap-executor-0] INFO  c.n.d.s.r.aws.ConfigClusterResolver - Resolving eureka endpoints via configuration
19:51:33.824 [AsyncResolver-bootstrap-executor-0] INFO  c.n.d.s.r.aws.ConfigClusterResolver - Resolving eureka endpoints via configuration
19:52:52.482 [RMI TCP Connection(551)-127.0.0.1] INFO  o.s.b.a.SpringApplicationAdminMXBeanRegistrar$SpringApplicationAdmin - Application shutdown requested.
19:52:52.482 [RMI TCP Connection(547)-127.0.0.1] INFO  o.s.b.a.SpringApplicationAdminMXBeanRegistrar$SpringApplicationAdmin - Application shutdown requested.
19:52:52.482 [RMI TCP Connection(552)-127.0.0.1] INFO  o.s.b.a.SpringApplicationAdminMXBeanRegistrar$SpringApplicationAdmin - Application shutdown requested.
19:52:52.482 [RMI TCP Connection(545)-127.0.0.1] INFO  o.s.b.a.SpringApplicationAdminMXBeanRegistrar$SpringApplicationAdmin - Application shutdown requested.
19:52:52.482 [RMI TCP Connection(548)-127.0.0.1] INFO  o.s.b.a.SpringApplicationAdminMXBeanRegistrar$SpringApplicationAdmin - Application shutdown requested.
19:52:52.482 [RMI TCP Connection(546)-127.0.0.1] INFO  o.s.b.a.SpringApplicationAdminMXBeanRegistrar$SpringApplicationAdmin - Application shutdown requested.
19:52:52.482 [RMI TCP Connection(550)-127.0.0.1] INFO  o.s.b.a.SpringApplicationAdminMXBeanRegistrar$SpringApplicationAdmin - Application shutdown requested.
19:52:52.482 [RMI TCP Connection(549)-127.0.0.1] INFO  o.s.b.a.SpringApplicationAdminMXBeanRegistrar$SpringApplicationAdmin - Application shutdown requested.
19:52:52.540 [RMI TCP Connection(553)-127.0.0.1] INFO  o.s.b.a.SpringApplicationAdminMXBeanRegistrar$SpringApplicationAdmin - Application shutdown requested.
19:52:52.600 [RMI TCP Connection(547)-127.0.0.1] INFO  o.s.c.n.e.s.EurekaServiceRegistry - Unregistering application UMS-DEPARTMENT-SERVICE with eureka with status DOWN
19:52:52.606 [RMI TCP Connection(547)-127.0.0.1] INFO  c.netflix.discovery.DiscoveryClient - Saw local status change event StatusChangeEvent [timestamp=1697379772605, current=DOWN, previous=UP]
19:52:52.613 [DiscoveryClient-InstanceInfoReplicator-0] INFO  c.netflix.discovery.DiscoveryClient - DiscoveryClient_UMS-DEPARTMENT-SERVICE/IKCON1049:UMS-DEPARTMENT-SERVICE:9001: registering service...
19:52:52.792 [RMI TCP Connection(554)-127.0.0.1] INFO  o.s.b.a.SpringApplicationAdminMXBeanRegistrar$SpringApplicationAdmin - Application shutdown requested.
19:52:52.859 [DiscoveryClient-InstanceInfoReplicator-0] INFO  c.netflix.discovery.DiscoveryClient - DiscoveryClient_UMS-DEPARTMENT-SERVICE/IKCON1049:UMS-DEPARTMENT-SERVICE:9001 - registration status: 204
19:52:52.899 [RMI TCP Connection(555)-127.0.0.1] INFO  o.s.b.a.SpringApplicationAdminMXBeanRegistrar$SpringApplicationAdmin - Application shutdown requested.
19:52:53.042 [RMI TCP Connection(547)-127.0.0.1] INFO  o.a.coyote.http11.Http11NioProtocol - Pausing ProtocolHandler ["http-nio-9001"]
19:52:53.044 [RMI TCP Connection(547)-127.0.0.1] INFO  o.a.catalina.core.StandardService - Stopping service [Tomcat]
19:52:53.118 [RMI TCP Connection(547)-127.0.0.1] INFO  o.a.c.c.C.[Tomcat].[localhost].[/] - Destroying Spring FrameworkServlet 'dispatcherServlet'
19:52:53.199 [RMI TCP Connection(556)-127.0.0.1] INFO  o.s.b.a.SpringApplicationAdminMXBeanRegistrar$SpringApplicationAdmin - Application shutdown requested.
19:52:53.222 [RMI TCP Connection(547)-127.0.0.1] INFO  o.a.coyote.http11.Http11NioProtocol - Stopping ProtocolHandler ["http-nio-9001"]
19:52:53.318 [RMI TCP Connection(557)-127.0.0.1] INFO  o.s.b.a.SpringApplicationAdminMXBeanRegistrar$SpringApplicationAdmin - Application shutdown requested.
19:52:53.426 [RMI TCP Connection(547)-127.0.0.1] INFO  o.s.o.j.LocalContainerEntityManagerFactoryBean - Closing JPA EntityManagerFactory for persistence unit 'default'
19:52:53.557 [RMI TCP Connection(547)-127.0.0.1] INFO  com.zaxxer.hikari.HikariDataSource - HikariPool-1 - Shutdown initiated...
19:52:53.604 [RMI TCP Connection(547)-127.0.0.1] INFO  com.zaxxer.hikari.HikariDataSource - HikariPool-1 - Shutdown completed.
19:52:53.608 [RMI TCP Connection(547)-127.0.0.1] INFO  c.netflix.discovery.DiscoveryClient - Shutting down DiscoveryClient ...
