18:37:37.147 [restartedMain] INFO  o.s.b.d.e.DevToolsPropertyDefaultsPostProcessor - Devtools property defaults active! Set 'spring.devtools.add-properties' to 'false' to disable
18:37:37.739 [restartedMain] INFO  o.s.c.c.c.ConfigServicePropertySourceLocator - Fetching config from server at : http://localhost:9296
18:37:39.406 [restartedMain] INFO  o.s.c.c.c.ConfigServicePropertySourceLocator - Located environment: name=UMS-DEPARTMENT-SERVICE, profiles=[default], label=null, version=abc948351d8765c2e5a2691c8f7f75664420de7d, state=null
18:37:39.408 [restartedMain] INFO  o.s.c.b.c.PropertySourceBootstrapConfiguration - Located property source: [BootstrapPropertySource {name='bootstrapProperties-configClient'}, BootstrapPropertySource {name='bootstrapProperties-https://github.com/IKCONDev/ums-config-server/application.yaml'}]
18:37:39.415 [restartedMain] INFO  c.i.u.d.UMSDepartmentServiceApplication - No active profile set, falling back to 1 default profile: "default"
18:37:40.161 [restartedMain] INFO  o.s.d.r.c.RepositoryConfigurationDelegate - Bootstrapping Spring Data JPA repositories in DEFAULT mode.
18:37:40.381 [restartedMain] INFO  o.s.d.r.c.RepositoryConfigurationDelegate - Finished Spring Data repository scanning in 211 ms. Found 1 JPA repository interfaces.
18:37:40.675 [restartedMain] INFO  o.s.cloud.context.scope.GenericScope - BeanFactory id=7fb078dc-1f2b-31f5-8635-768e264658cb
18:37:41.519 [restartedMain] INFO  o.s.b.w.e.tomcat.TomcatWebServer - Tomcat initialized with port(s): 9001 (http)
18:37:41.534 [restartedMain] INFO  o.a.coyote.http11.Http11NioProtocol - Initializing ProtocolHandler ["http-nio-9001"]
18:37:41.538 [restartedMain] INFO  o.a.catalina.core.StandardService - Starting service [Tomcat]
18:37:41.538 [restartedMain] INFO  o.a.catalina.core.StandardEngine - Starting Servlet engine: [Apache Tomcat/9.0.78]
18:37:41.876 [restartedMain] INFO  o.a.c.c.C.[Tomcat].[localhost].[/] - Initializing Spring embedded WebApplicationContext
18:37:41.876 [restartedMain] INFO  o.s.b.w.s.c.ServletWebServerApplicationContext - Root WebApplicationContext: initialization completed in 2449 ms
18:37:41.923 [restartedMain] INFO  com.zaxxer.hikari.HikariDataSource - HikariPool-1 - Starting...
18:37:42.362 [restartedMain] INFO  com.zaxxer.hikari.HikariDataSource - HikariPool-1 - Start completed.
18:37:42.373 [restartedMain] INFO  o.s.b.a.h.H2ConsoleAutoConfiguration - H2 console available at '/h2-console'. Database available at 'jdbc:postgresql://localhost:5432/umsadmindb'
18:37:42.554 [restartedMain] INFO  o.h.jpa.internal.util.LogHelper - HHH000204: Processing PersistenceUnitInfo [name: default]
18:37:42.630 [restartedMain] INFO  org.hibernate.Version - HHH000412: Hibernate ORM core version 5.6.15.Final
18:37:42.852 [restartedMain] INFO  o.h.annotations.common.Version - HCANN000001: Hibernate Commons Annotations {5.1.2.Final}
18:37:42.987 [restartedMain] INFO  org.hibernate.dialect.Dialect - HHH000400: Using dialect: org.hibernate.dialect.PostgreSQLDialect
18:37:43.948 [restartedMain] INFO  o.h.e.t.j.p.i.JtaPlatformInitiator - HHH000490: Using JtaPlatform implementation: [org.hibernate.engine.transaction.jta.platform.internal.NoJtaPlatform]
18:37:43.969 [restartedMain] INFO  o.s.o.j.LocalContainerEntityManagerFactoryBean - Initialized JPA EntityManagerFactory for persistence unit 'default'
18:37:44.387 [restartedMain] WARN  o.s.b.a.o.j.JpaBaseConfiguration$JpaWebConfiguration - spring.jpa.open-in-view is enabled by default. Therefore, database queries may be performed during view rendering. Explicitly configure spring.jpa.open-in-view to disable this warning
18:37:44.736 [restartedMain] WARN  o.s.b.d.a.OptionalLiveReloadServer - Unable to start LiveReload server
18:37:44.922 [restartedMain] INFO  o.s.c.n.e.c.DiscoveryClientOptionalArgsConfiguration - Eureka HTTP Client uses RestTemplate.
18:37:45.224 [restartedMain] WARN  o.s.c.l.c.LoadBalancerCacheAutoConfiguration$LoadBalancerCaffeineWarnLogger - Spring Cloud LoadBalancer is currently working with the default cache. While this cache implementation is useful for development and tests, it's recommended to use Caffeine cache in production.You can switch to using Caffeine cache, by adding it and org.springframework.cache.caffeine.CaffeineCacheManager to the classpath.
18:37:45.308 [restartedMain] INFO  o.s.c.n.eureka.InstanceInfoFactory - Setting initial instance status as: STARTING
18:37:45.369 [restartedMain] INFO  c.netflix.discovery.DiscoveryClient - Initializing Eureka in region us-east-1
18:37:45.377 [restartedMain] INFO  c.n.d.s.r.aws.ConfigClusterResolver - Resolving eureka endpoints via configuration
18:37:45.415 [restartedMain] INFO  c.netflix.discovery.DiscoveryClient - Disable delta property : false
18:37:45.415 [restartedMain] INFO  c.netflix.discovery.DiscoveryClient - Single vip registry refresh property : null
18:37:45.415 [restartedMain] INFO  c.netflix.discovery.DiscoveryClient - Force full registry fetch : false
18:37:45.415 [restartedMain] INFO  c.netflix.discovery.DiscoveryClient - Application is null : false
18:37:45.415 [restartedMain] INFO  c.netflix.discovery.DiscoveryClient - Registered Applications size is zero : true
18:37:45.415 [restartedMain] INFO  c.netflix.discovery.DiscoveryClient - Application version is -1: true
18:37:45.415 [restartedMain] INFO  c.netflix.discovery.DiscoveryClient - Getting all instance registry info from the eureka server
18:37:45.673 [restartedMain] INFO  c.netflix.discovery.DiscoveryClient - The response status is 200
18:37:45.676 [restartedMain] INFO  c.netflix.discovery.DiscoveryClient - Starting heartbeat executor: renew interval is: 30
18:37:45.680 [restartedMain] INFO  c.n.discovery.InstanceInfoReplicator - InstanceInfoReplicator onDemand update allowed rate per min is 4
18:37:45.685 [restartedMain] INFO  c.netflix.discovery.DiscoveryClient - Discovery Client initialized at timestamp 1697288865684 with initial instances count: 6
18:37:45.686 [restartedMain] INFO  o.s.c.n.e.s.EurekaServiceRegistry - Registering application UMS-DEPARTMENT-SERVICE with eureka with status UP
18:37:45.687 [restartedMain] INFO  c.netflix.discovery.DiscoveryClient - Saw local status change event StatusChangeEvent [timestamp=1697288865687, current=UP, previous=STARTING]
18:37:45.689 [DiscoveryClient-InstanceInfoReplicator-0] INFO  c.netflix.discovery.DiscoveryClient - DiscoveryClient_UMS-DEPARTMENT-SERVICE/IKCON1049:UMS-DEPARTMENT-SERVICE:9001: registering service...
18:37:45.689 [restartedMain] INFO  o.a.coyote.http11.Http11NioProtocol - Starting ProtocolHandler ["http-nio-9001"]
18:37:45.729 [restartedMain] INFO  o.s.b.w.e.tomcat.TomcatWebServer - Tomcat started on port(s): 9001 (http) with context path ''
18:37:45.730 [restartedMain] INFO  o.s.c.n.e.s.EurekaAutoServiceRegistration - Updating port to 9001
18:37:45.736 [DiscoveryClient-InstanceInfoReplicator-0] INFO  c.netflix.discovery.DiscoveryClient - DiscoveryClient_UMS-DEPARTMENT-SERVICE/IKCON1049:UMS-DEPARTMENT-SERVICE:9001 - registration status: 204
18:37:45.861 [restartedMain] INFO  c.i.u.d.UMSDepartmentServiceApplication - Started UMSDepartmentServiceApplication in 9.645 seconds (JVM running for 11.215)
18:42:38.233 [http-nio-9001-exec-1] INFO  o.a.c.c.C.[Tomcat].[localhost].[/] - Initializing Spring DispatcherServlet 'dispatcherServlet'
18:42:38.234 [http-nio-9001-exec-1] INFO  o.s.web.servlet.DispatcherServlet - Initializing Servlet 'dispatcherServlet'
18:42:38.249 [http-nio-9001-exec-1] INFO  o.s.web.servlet.DispatcherServlet - Completed initialization in 15 ms
18:42:38.416 [http-nio-9001-exec-1] INFO  c.i.u.d.c.DepartmentController - DepartmentController.findDepartmentById() Entered :: departmentId :: 1
18:42:38.448 [http-nio-9001-exec-1] INFO  c.i.u.d.s.impl.DepartmentServiceImpl - DepartmentService.findDepartmentById() Entered : departmentId : 1
18:42:39.215 [http-nio-9001-exec-1] INFO  c.i.u.d.s.impl.DepartmentServiceImpl - DepartmentService.findDepartmentById() Entered : departmentId : 1
18:42:40.727 [http-nio-9001-exec-2] INFO  c.i.u.d.c.DepartmentController - DepartmentController.findDepartmentById() Entered :: departmentId :: 1
18:42:40.727 [http-nio-9001-exec-2] INFO  c.i.u.d.s.impl.DepartmentServiceImpl - DepartmentService.findDepartmentById() Entered : departmentId : 1
18:42:40.729 [http-nio-9001-exec-2] INFO  c.i.u.d.s.impl.DepartmentServiceImpl - DepartmentService.findDepartmentById() Entered : departmentId : 1
18:42:45.429 [AsyncResolver-bootstrap-executor-0] INFO  c.n.d.s.r.aws.ConfigClusterResolver - Resolving eureka endpoints via configuration
18:42:47.454 [http-nio-9001-exec-3] INFO  c.i.u.d.c.DepartmentController - DepartmentController.findDepartmentById() Entered :: departmentId :: 1
18:42:47.455 [http-nio-9001-exec-3] INFO  c.i.u.d.s.impl.DepartmentServiceImpl - DepartmentService.findDepartmentById() Entered : departmentId : 1
18:42:47.461 [http-nio-9001-exec-3] INFO  c.i.u.d.s.impl.DepartmentServiceImpl - DepartmentService.findDepartmentById() Entered : departmentId : 1
18:43:26.868 [http-nio-9001-exec-4] INFO  c.i.u.d.c.DepartmentController - DepartmentController.findDepartmentById() Entered :: departmentId :: 1
18:43:26.869 [http-nio-9001-exec-4] INFO  c.i.u.d.s.impl.DepartmentServiceImpl - DepartmentService.findDepartmentById() Entered : departmentId : 1
18:43:26.876 [http-nio-9001-exec-4] INFO  c.i.u.d.s.impl.DepartmentServiceImpl - DepartmentService.findDepartmentById() Entered : departmentId : 1
18:43:30.496 [http-nio-9001-exec-5] INFO  c.i.u.d.c.DepartmentController - DepartmentController.getAllDepartments() ENTERED
18:43:30.497 [http-nio-9001-exec-5] INFO  c.i.u.d.s.impl.DepartmentServiceImpl - DepartmentService.getAllDepartments() Entered 
18:43:30.611 [http-nio-9001-exec-7] INFO  c.i.u.d.c.DepartmentController - DepartmentController.findDepartmentById() Entered :: departmentId :: 1
18:43:30.611 [http-nio-9001-exec-7] INFO  c.i.u.d.s.impl.DepartmentServiceImpl - DepartmentService.findDepartmentById() Entered : departmentId : 1
18:43:30.615 [http-nio-9001-exec-7] INFO  c.i.u.d.s.impl.DepartmentServiceImpl - DepartmentService.findDepartmentById() Entered : departmentId : 1
18:43:32.426 [http-nio-9001-exec-6] INFO  c.i.u.d.c.DepartmentController - DepartmentController.findDepartmentById() Entered :: departmentId :: 1
18:43:32.427 [http-nio-9001-exec-6] INFO  c.i.u.d.s.impl.DepartmentServiceImpl - DepartmentService.findDepartmentById() Entered : departmentId : 1
18:43:32.430 [http-nio-9001-exec-6] INFO  c.i.u.d.s.impl.DepartmentServiceImpl - DepartmentService.findDepartmentById() Entered : departmentId : 1
18:43:33.595 [http-nio-9001-exec-8] INFO  c.i.u.d.c.DepartmentController - DepartmentController.findDepartmentById() Entered :: departmentId :: 1
18:43:33.595 [http-nio-9001-exec-8] INFO  c.i.u.d.s.impl.DepartmentServiceImpl - DepartmentService.findDepartmentById() Entered : departmentId : 1
18:43:33.599 [http-nio-9001-exec-8] INFO  c.i.u.d.s.impl.DepartmentServiceImpl - DepartmentService.findDepartmentById() Entered : departmentId : 1
18:43:34.424 [http-nio-9001-exec-9] INFO  c.i.u.d.c.DepartmentController - DepartmentController.findDepartmentById() Entered :: departmentId :: 1
18:43:34.425 [http-nio-9001-exec-9] INFO  c.i.u.d.s.impl.DepartmentServiceImpl - DepartmentService.findDepartmentById() Entered : departmentId : 1
18:43:34.429 [http-nio-9001-exec-9] INFO  c.i.u.d.s.impl.DepartmentServiceImpl - DepartmentService.findDepartmentById() Entered : departmentId : 1
18:44:29.056 [http-nio-9001-exec-10] INFO  c.i.u.d.c.DepartmentController - DepartmentController.findDepartmentById() Entered :: departmentId :: 1
18:44:29.057 [http-nio-9001-exec-10] INFO  c.i.u.d.s.impl.DepartmentServiceImpl - DepartmentService.findDepartmentById() Entered : departmentId : 1
18:44:29.063 [http-nio-9001-exec-10] INFO  c.i.u.d.s.impl.DepartmentServiceImpl - DepartmentService.findDepartmentById() Entered : departmentId : 1
18:44:41.640 [http-nio-9001-exec-2] INFO  c.i.u.d.c.DepartmentController - DepartmentController.findDepartmentById() Entered :: departmentId :: 1
18:44:41.640 [http-nio-9001-exec-2] INFO  c.i.u.d.s.impl.DepartmentServiceImpl - DepartmentService.findDepartmentById() Entered : departmentId : 1
18:44:41.646 [http-nio-9001-exec-2] INFO  c.i.u.d.s.impl.DepartmentServiceImpl - DepartmentService.findDepartmentById() Entered : departmentId : 1
18:44:50.198 [http-nio-9001-exec-3] INFO  c.i.u.d.c.DepartmentController - DepartmentController.findDepartmentById() Entered :: departmentId :: 1
18:44:50.199 [http-nio-9001-exec-3] INFO  c.i.u.d.s.impl.DepartmentServiceImpl - DepartmentService.findDepartmentById() Entered : departmentId : 1
18:44:50.202 [http-nio-9001-exec-3] INFO  c.i.u.d.s.impl.DepartmentServiceImpl - DepartmentService.findDepartmentById() Entered : departmentId : 1
18:45:36.424 [http-nio-9001-exec-4] INFO  c.i.u.d.c.DepartmentController - DepartmentController.findDepartmentById() Entered :: departmentId :: 1
18:45:36.425 [http-nio-9001-exec-4] INFO  c.i.u.d.s.impl.DepartmentServiceImpl - DepartmentService.findDepartmentById() Entered : departmentId : 1
18:45:36.429 [http-nio-9001-exec-4] INFO  c.i.u.d.s.impl.DepartmentServiceImpl - DepartmentService.findDepartmentById() Entered : departmentId : 1
18:45:45.221 [http-nio-9001-exec-5] INFO  c.i.u.d.c.DepartmentController - DepartmentController.findDepartmentById() Entered :: departmentId :: 1
18:45:45.221 [http-nio-9001-exec-5] INFO  c.i.u.d.s.impl.DepartmentServiceImpl - DepartmentService.findDepartmentById() Entered : departmentId : 1
18:45:45.225 [http-nio-9001-exec-5] INFO  c.i.u.d.s.impl.DepartmentServiceImpl - DepartmentService.findDepartmentById() Entered : departmentId : 1
18:47:45.434 [AsyncResolver-bootstrap-executor-0] INFO  c.n.d.s.r.aws.ConfigClusterResolver - Resolving eureka endpoints via configuration
18:52:45.451 [AsyncResolver-bootstrap-executor-0] INFO  c.n.d.s.r.aws.ConfigClusterResolver - Resolving eureka endpoints via configuration
18:57:45.471 [AsyncResolver-bootstrap-executor-0] INFO  c.n.d.s.r.aws.ConfigClusterResolver - Resolving eureka endpoints via configuration
19:02:45.480 [AsyncResolver-bootstrap-executor-0] INFO  c.n.d.s.r.aws.ConfigClusterResolver - Resolving eureka endpoints via configuration
19:05:01.843 [http-nio-9001-exec-6] INFO  c.i.u.d.c.DepartmentController - DepartmentController.findDepartmentById() Entered :: departmentId :: 1
19:05:01.849 [http-nio-9001-exec-6] INFO  c.i.u.d.s.impl.DepartmentServiceImpl - DepartmentService.findDepartmentById() Entered : departmentId : 1
19:05:01.988 [http-nio-9001-exec-6] INFO  c.i.u.d.s.impl.DepartmentServiceImpl - DepartmentService.findDepartmentById() Entered : departmentId : 1
19:06:22.587 [http-nio-9001-exec-9] INFO  c.i.u.d.c.DepartmentController - DepartmentController.findDepartmentById() Entered :: departmentId :: 1
19:06:22.587 [http-nio-9001-exec-9] INFO  c.i.u.d.s.impl.DepartmentServiceImpl - DepartmentService.findDepartmentById() Entered : departmentId : 1
19:06:22.593 [http-nio-9001-exec-9] INFO  c.i.u.d.s.impl.DepartmentServiceImpl - DepartmentService.findDepartmentById() Entered : departmentId : 1
19:06:23.184 [http-nio-9001-exec-10] INFO  c.i.u.d.c.DepartmentController - DepartmentController.findDepartmentById() Entered :: departmentId :: 1
19:06:23.185 [http-nio-9001-exec-10] INFO  c.i.u.d.s.impl.DepartmentServiceImpl - DepartmentService.findDepartmentById() Entered : departmentId : 1
19:06:23.188 [http-nio-9001-exec-10] INFO  c.i.u.d.s.impl.DepartmentServiceImpl - DepartmentService.findDepartmentById() Entered : departmentId : 1
19:07:22.487 [http-nio-9001-exec-1] INFO  c.i.u.d.c.DepartmentController - DepartmentController.findDepartmentById() Entered :: departmentId :: 1
19:07:22.488 [http-nio-9001-exec-1] INFO  c.i.u.d.s.impl.DepartmentServiceImpl - DepartmentService.findDepartmentById() Entered : departmentId : 1
19:07:22.492 [http-nio-9001-exec-1] INFO  c.i.u.d.s.impl.DepartmentServiceImpl - DepartmentService.findDepartmentById() Entered : departmentId : 1
19:07:30.740 [http-nio-9001-exec-2] INFO  c.i.u.d.c.DepartmentController - DepartmentController.findDepartmentById() Entered :: departmentId :: 1
19:07:30.740 [http-nio-9001-exec-2] INFO  c.i.u.d.s.impl.DepartmentServiceImpl - DepartmentService.findDepartmentById() Entered : departmentId : 1
19:07:30.795 [http-nio-9001-exec-2] INFO  c.i.u.d.s.impl.DepartmentServiceImpl - DepartmentService.findDepartmentById() Entered : departmentId : 1
19:07:45.494 [AsyncResolver-bootstrap-executor-0] INFO  c.n.d.s.r.aws.ConfigClusterResolver - Resolving eureka endpoints via configuration
19:08:07.463 [http-nio-9001-exec-3] INFO  c.i.u.d.c.DepartmentController - DepartmentController.findDepartmentById() Entered :: departmentId :: 1
19:08:07.464 [http-nio-9001-exec-3] INFO  c.i.u.d.s.impl.DepartmentServiceImpl - DepartmentService.findDepartmentById() Entered : departmentId : 1
19:08:07.494 [http-nio-9001-exec-3] INFO  c.i.u.d.s.impl.DepartmentServiceImpl - DepartmentService.findDepartmentById() Entered : departmentId : 1
19:10:02.137 [http-nio-9001-exec-5] INFO  c.i.u.d.c.DepartmentController - DepartmentController.findDepartmentById() Entered :: departmentId :: 1
19:10:02.138 [http-nio-9001-exec-5] INFO  c.i.u.d.s.impl.DepartmentServiceImpl - DepartmentService.findDepartmentById() Entered : departmentId : 1
19:10:02.143 [http-nio-9001-exec-5] INFO  c.i.u.d.s.impl.DepartmentServiceImpl - DepartmentService.findDepartmentById() Entered : departmentId : 1
19:11:18.109 [http-nio-9001-exec-6] INFO  c.i.u.d.c.DepartmentController - DepartmentController.findDepartmentById() Entered :: departmentId :: 1
19:11:18.110 [http-nio-9001-exec-6] INFO  c.i.u.d.s.impl.DepartmentServiceImpl - DepartmentService.findDepartmentById() Entered : departmentId : 1
19:11:18.115 [http-nio-9001-exec-6] INFO  c.i.u.d.s.impl.DepartmentServiceImpl - DepartmentService.findDepartmentById() Entered : departmentId : 1
19:11:32.257 [http-nio-9001-exec-8] INFO  c.i.u.d.c.DepartmentController - DepartmentController.findDepartmentById() Entered :: departmentId :: 1
19:11:32.258 [http-nio-9001-exec-8] INFO  c.i.u.d.s.impl.DepartmentServiceImpl - DepartmentService.findDepartmentById() Entered : departmentId : 1
19:11:32.263 [http-nio-9001-exec-8] INFO  c.i.u.d.s.impl.DepartmentServiceImpl - DepartmentService.findDepartmentById() Entered : departmentId : 1
19:11:40.325 [http-nio-9001-exec-9] INFO  c.i.u.d.c.DepartmentController - DepartmentController.findDepartmentById() Entered :: departmentId :: 1
19:11:40.326 [http-nio-9001-exec-9] INFO  c.i.u.d.s.impl.DepartmentServiceImpl - DepartmentService.findDepartmentById() Entered : departmentId : 1
19:11:40.330 [http-nio-9001-exec-9] INFO  c.i.u.d.s.impl.DepartmentServiceImpl - DepartmentService.findDepartmentById() Entered : departmentId : 1
19:11:52.709 [http-nio-9001-exec-10] INFO  c.i.u.d.c.DepartmentController - DepartmentController.findDepartmentById() Entered :: departmentId :: 1
19:11:52.710 [http-nio-9001-exec-10] INFO  c.i.u.d.s.impl.DepartmentServiceImpl - DepartmentService.findDepartmentById() Entered : departmentId : 1
19:11:52.714 [http-nio-9001-exec-10] INFO  c.i.u.d.s.impl.DepartmentServiceImpl - DepartmentService.findDepartmentById() Entered : departmentId : 1
19:12:00.042 [http-nio-9001-exec-1] INFO  c.i.u.d.c.DepartmentController - DepartmentController.findDepartmentById() Entered :: departmentId :: 1
19:12:00.042 [http-nio-9001-exec-1] INFO  c.i.u.d.s.impl.DepartmentServiceImpl - DepartmentService.findDepartmentById() Entered : departmentId : 1
19:12:00.046 [http-nio-9001-exec-1] INFO  c.i.u.d.s.impl.DepartmentServiceImpl - DepartmentService.findDepartmentById() Entered : departmentId : 1
19:12:12.051 [http-nio-9001-exec-2] INFO  c.i.u.d.c.DepartmentController - DepartmentController.findDepartmentById() Entered :: departmentId :: 1
19:12:12.052 [http-nio-9001-exec-2] INFO  c.i.u.d.s.impl.DepartmentServiceImpl - DepartmentService.findDepartmentById() Entered : departmentId : 1
19:12:12.054 [http-nio-9001-exec-2] INFO  c.i.u.d.s.impl.DepartmentServiceImpl - DepartmentService.findDepartmentById() Entered : departmentId : 1
19:12:15.752 [http-nio-9001-exec-3] INFO  c.i.u.d.c.DepartmentController - DepartmentController.findDepartmentById() Entered :: departmentId :: 1
19:12:15.752 [http-nio-9001-exec-3] INFO  c.i.u.d.s.impl.DepartmentServiceImpl - DepartmentService.findDepartmentById() Entered : departmentId : 1
19:12:15.754 [http-nio-9001-exec-3] INFO  c.i.u.d.s.impl.DepartmentServiceImpl - DepartmentService.findDepartmentById() Entered : departmentId : 1
19:12:45.518 [AsyncResolver-bootstrap-executor-0] INFO  c.n.d.s.r.aws.ConfigClusterResolver - Resolving eureka endpoints via configuration
19:12:57.627 [http-nio-9001-exec-4] INFO  c.i.u.d.c.DepartmentController - DepartmentController.findDepartmentById() Entered :: departmentId :: 1
19:12:57.628 [http-nio-9001-exec-4] INFO  c.i.u.d.s.impl.DepartmentServiceImpl - DepartmentService.findDepartmentById() Entered : departmentId : 1
19:12:57.634 [http-nio-9001-exec-4] INFO  c.i.u.d.s.impl.DepartmentServiceImpl - DepartmentService.findDepartmentById() Entered : departmentId : 1
19:14:14.630 [http-nio-9001-exec-7] INFO  c.i.u.d.c.DepartmentController - DepartmentController.findDepartmentById() Entered :: departmentId :: 1
19:14:14.638 [http-nio-9001-exec-7] INFO  c.i.u.d.s.impl.DepartmentServiceImpl - DepartmentService.findDepartmentById() Entered : departmentId : 1
19:14:14.689 [http-nio-9001-exec-7] INFO  c.i.u.d.s.impl.DepartmentServiceImpl - DepartmentService.findDepartmentById() Entered : departmentId : 1
19:17:45.525 [AsyncResolver-bootstrap-executor-0] INFO  c.n.d.s.r.aws.ConfigClusterResolver - Resolving eureka endpoints via configuration
19:21:37.716 [http-nio-9001-exec-8] INFO  c.i.u.d.c.DepartmentController - DepartmentController.findDepartmentById() Entered :: departmentId :: 1
19:21:37.720 [http-nio-9001-exec-8] INFO  c.i.u.d.s.impl.DepartmentServiceImpl - DepartmentService.findDepartmentById() Entered : departmentId : 1
19:21:37.881 [http-nio-9001-exec-8] INFO  c.i.u.d.s.impl.DepartmentServiceImpl - DepartmentService.findDepartmentById() Entered : departmentId : 1
19:22:45.532 [AsyncResolver-bootstrap-executor-0] INFO  c.n.d.s.r.aws.ConfigClusterResolver - Resolving eureka endpoints via configuration
19:27:45.546 [AsyncResolver-bootstrap-executor-0] INFO  c.n.d.s.r.aws.ConfigClusterResolver - Resolving eureka endpoints via configuration
19:32:45.560 [AsyncResolver-bootstrap-executor-0] INFO  c.n.d.s.r.aws.ConfigClusterResolver - Resolving eureka endpoints via configuration
19:37:45.570 [AsyncResolver-bootstrap-executor-0] INFO  c.n.d.s.r.aws.ConfigClusterResolver - Resolving eureka endpoints via configuration
19:42:45.594 [AsyncResolver-bootstrap-executor-0] INFO  c.n.d.s.r.aws.ConfigClusterResolver - Resolving eureka endpoints via configuration
19:47:45.609 [AsyncResolver-bootstrap-executor-0] INFO  c.n.d.s.r.aws.ConfigClusterResolver - Resolving eureka endpoints via configuration
19:52:45.614 [AsyncResolver-bootstrap-executor-0] INFO  c.n.d.s.r.aws.ConfigClusterResolver - Resolving eureka endpoints via configuration
19:57:45.617 [AsyncResolver-bootstrap-executor-0] INFO  c.n.d.s.r.aws.ConfigClusterResolver - Resolving eureka endpoints via configuration
20:02:45.624 [AsyncResolver-bootstrap-executor-0] INFO  c.n.d.s.r.aws.ConfigClusterResolver - Resolving eureka endpoints via configuration
20:06:50.571 [http-nio-9001-exec-10] INFO  c.i.u.d.c.DepartmentController - DepartmentController.findDepartmentById() Entered :: departmentId :: 1
20:06:50.580 [http-nio-9001-exec-10] INFO  c.i.u.d.s.impl.DepartmentServiceImpl - DepartmentService.findDepartmentById() Entered : departmentId : 1
20:06:50.743 [http-nio-9001-exec-10] INFO  c.i.u.d.s.impl.DepartmentServiceImpl - DepartmentService.findDepartmentById() Entered : departmentId : 1
20:06:57.617 [http-nio-9001-exec-1] INFO  c.i.u.d.c.DepartmentController - DepartmentController.findDepartmentById() Entered :: departmentId :: 1
20:06:57.617 [http-nio-9001-exec-1] INFO  c.i.u.d.s.impl.DepartmentServiceImpl - DepartmentService.findDepartmentById() Entered : departmentId : 1
20:06:57.693 [http-nio-9001-exec-1] INFO  c.i.u.d.s.impl.DepartmentServiceImpl - DepartmentService.findDepartmentById() Entered : departmentId : 1
20:07:45.646 [AsyncResolver-bootstrap-executor-0] INFO  c.n.d.s.r.aws.ConfigClusterResolver - Resolving eureka endpoints via configuration
20:12:45.657 [AsyncResolver-bootstrap-executor-0] INFO  c.n.d.s.r.aws.ConfigClusterResolver - Resolving eureka endpoints via configuration
20:17:45.674 [AsyncResolver-bootstrap-executor-0] INFO  c.n.d.s.r.aws.ConfigClusterResolver - Resolving eureka endpoints via configuration
20:22:45.686 [AsyncResolver-bootstrap-executor-0] INFO  c.n.d.s.r.aws.ConfigClusterResolver - Resolving eureka endpoints via configuration
20:27:45.715 [AsyncResolver-bootstrap-executor-0] INFO  c.n.d.s.r.aws.ConfigClusterResolver - Resolving eureka endpoints via configuration
20:32:45.734 [AsyncResolver-bootstrap-executor-0] INFO  c.n.d.s.r.aws.ConfigClusterResolver - Resolving eureka endpoints via configuration
20:37:45.736 [AsyncResolver-bootstrap-executor-0] INFO  c.n.d.s.r.aws.ConfigClusterResolver - Resolving eureka endpoints via configuration
20:42:45.748 [AsyncResolver-bootstrap-executor-0] INFO  c.n.d.s.r.aws.ConfigClusterResolver - Resolving eureka endpoints via configuration
20:47:45.753 [AsyncResolver-bootstrap-executor-0] INFO  c.n.d.s.r.aws.ConfigClusterResolver - Resolving eureka endpoints via configuration
20:52:45.768 [AsyncResolver-bootstrap-executor-0] INFO  c.n.d.s.r.aws.ConfigClusterResolver - Resolving eureka endpoints via configuration
20:57:45.779 [AsyncResolver-bootstrap-executor-0] INFO  c.n.d.s.r.aws.ConfigClusterResolver - Resolving eureka endpoints via configuration
21:02:45.785 [AsyncResolver-bootstrap-executor-0] INFO  c.n.d.s.r.aws.ConfigClusterResolver - Resolving eureka endpoints via configuration
21:07:45.850 [AsyncResolver-bootstrap-executor-0] INFO  c.n.d.s.r.aws.ConfigClusterResolver - Resolving eureka endpoints via configuration
